2025-09-19 15:58:56.946 +08:00 [ERR]    at Microsoft.EntityFrameworkCore.Update.ReaderModificationCommandBatch.ExecuteAsync(IRelationalConnection connection, CancellationToken cancellationToken)
   at Microsoft.EntityFrameworkCore.SqlServer.Update.Internal.SqlServerModificationCommandBatch.ExecuteAsync(IRelationalConnection connection, CancellationToken cancellationToken)
   at Microsoft.EntityFrameworkCore.Update.Internal.BatchExecutor.ExecuteAsync(IEnumerable`1 commandBatches, IRelationalConnection connection, CancellationToken cancellationToken)
   at Microsoft.EntityFrameworkCore.Update.Internal.BatchExecutor.ExecuteAsync(IEnumerable`1 commandBatches, IRelationalConnection connection, CancellationToken cancellationToken)
   at Microsoft.EntityFrameworkCore.Update.Internal.BatchExecutor.ExecuteAsync(IEnumerable`1 commandBatches, IRelationalConnection connection, CancellationToken cancellationToken)
   at Microsoft.EntityFrameworkCore.ChangeTracking.Internal.StateManager.SaveChangesAsync(IList`1 entriesToSave, CancellationToken cancellationToken)
   at Microsoft.EntityFrameworkCore.ChangeTracking.Internal.StateManager.SaveChangesAsync(StateManager stateManager, Boolean acceptAllChangesOnSuccess, CancellationToken cancellationToken)
   at Microsoft.EntityFrameworkCore.SqlServer.Storage.Internal.SqlServerExecutionStrategy.ExecuteAsync[TState,TResult](TState state, Func`4 operation, Func`4 verifySucceeded, CancellationToken cancellationToken)
   at Microsoft.EntityFrameworkCore.DbContext.SaveChangesAsync(Boolean acceptAllChangesOnSuccess, CancellationToken cancellationToken)
   at Microsoft.EntityFrameworkCore.DbContext.SaveChangesAsync(Boolean acceptAllChangesOnSuccess, CancellationToken cancellationToken)
   at Common.Infrastructure.EF.BaseDbContext.SaveChangesAsync(Boolean acceptAllChangesOnSuccess, CancellationToken cancellationToken) in D:\Program\仓库\Warehource.Modules\Common.Infrastructure\EF\BaseDbContext.cs:line 29
   at Wcs.Application.Handler.DataBase.ExecueNode.AddOrUpdate.AddOrUpdateExecuteNodeCommandHandler.Handle(AddOrUpdateExecuteNodeCommand request, CancellationToken cancellationToken) in D:\Program\仓库\Warehource.Modules\Wcs.Application\Handler\DataBase\ExecueNode\AddOrUpdate\AddOrUpdateExecuteNodeCommandHandler.cs:line 60
   at Common.Application.MediatR.Behaviors.ValidationPipelineBehavior`2.Handle(TRequest request, RequestHandlerDelegate`1 next, CancellationToken cancellationToken) in D:\Program\仓库\Warehource.Modules\Common.Application\MediatR\Behaviors\ValidationPipelineBehavior.cs:line 20
   at Wcs.Presentation.ExecuteNode.InsertOrUpdate.<>c.<<MapEndpoint>b__0_0>d.MoveNext() in D:\Program\仓库\Warehource.Modules\Wcs.Presentation\ExecuteNode\InsertOrUpdate.cs:line 19
--- End of stack trace from previous location ---
   at Microsoft.AspNetCore.Http.RequestDelegateFactory.<ExecuteTaskOfT>g__ExecuteAwaited|133_0[T](Task`1 task, HttpContext httpContext, JsonTypeInfo`1 jsonTypeInfo)
   at Microsoft.AspNetCore.Http.RequestDelegateFactory.<>c__DisplayClass102_2.<<HandleRequestBodyAndCompileRequestDelegateForJson>b__2>d.MoveNext()
--- End of stack trace from previous location ---
   at Microsoft.AspNetCore.Authorization.AuthorizationMiddleware.Invoke(HttpContext context)
   at Microsoft.AspNetCore.Authentication.AuthenticationMiddleware.Invoke(HttpContext context)
   at Microsoft.AspNetCore.Diagnostics.ExceptionHandlerMiddlewareImpl.<Invoke>g__Awaited|10_0(ExceptionHandlerMiddlewareImpl middleware, HttpContext context, Task task)--不能在具有唯一索引“IX_Wcs.ExecuteNodePath_RegionId”的对象“dbo.Wcs.ExecuteNodePath”中插入重复键的行。重复键值为 (72e80c51-a640-4538-bc32-9b15a23aa50c)。
语句已终止。--An error occurred while saving the entity changes. See the inner exception for details.
