2025-07-31 10:58:04.667 +08:00 [INF] Executed DbCommand (16ms) [Parameters=[], CommandType='"Text"', CommandTimeout='30']
SELECT 1
2025-07-31 10:58:04.725 +08:00 [INF] Executed DbCommand (10ms) [Parameters=[], CommandType='"Text"', CommandTimeout='30']
SELECT OBJECT_ID(N'[Wcs.__EFMigrationsHistory]');
2025-07-31 10:58:04.729 +08:00 [INF] Executed DbCommand (1ms) [Parameters=[], CommandType='"Text"', CommandTimeout='30']
SELECT 1
2025-07-31 10:58:04.733 +08:00 [INF] Executed DbCommand (3ms) [Parameters=[], CommandType='"Text"', CommandTimeout='30']
SELECT OBJECT_ID(N'[Wcs.__EFMigrationsHistory]');
2025-07-31 10:58:04.748 +08:00 [INF] Executed DbCommand (4ms) [Parameters=[], CommandType='"Text"', CommandTimeout='30']
SELECT [MigrationId], [ProductVersion]
FROM [Wcs.__EFMigrationsHistory]
ORDER BY [MigrationId];
2025-07-31 10:58:04.762 +08:00 [INF] No migrations were applied. The database is already up to date.
2025-07-31 10:58:04.792 +08:00 [INF] Executed DbCommand (2ms) [Parameters=[], CommandType='"Text"', CommandTimeout='30']
SELECT 1
2025-07-31 10:58:04.797 +08:00 [INF] Executed DbCommand (2ms) [Parameters=[], CommandType='"Text"', CommandTimeout='30']
SELECT OBJECT_ID(N'[Identity.__EFMigrationsHistory]');
2025-07-31 10:58:04.800 +08:00 [INF] Executed DbCommand (1ms) [Parameters=[], CommandType='"Text"', CommandTimeout='30']
SELECT 1
2025-07-31 10:58:04.803 +08:00 [INF] Executed DbCommand (1ms) [Parameters=[], CommandType='"Text"', CommandTimeout='30']
SELECT OBJECT_ID(N'[Identity.__EFMigrationsHistory]');
2025-07-31 10:58:04.809 +08:00 [INF] Executed DbCommand (2ms) [Parameters=[], CommandType='"Text"', CommandTimeout='30']
SELECT [MigrationId], [ProductVersion]
FROM [Identity.__EFMigrationsHistory]
ORDER BY [MigrationId];
2025-07-31 10:58:04.811 +08:00 [INF] No migrations were applied. The database is already up to date.
2025-07-31 10:58:04.897 +08:00 [INF] Executed DbCommand (2ms) [Parameters=[], CommandType='"Text"', CommandTimeout='30']
SELECT 1
2025-07-31 10:58:04.904 +08:00 [INF] Executed DbCommand (3ms) [Parameters=[], CommandType='"Text"', CommandTimeout='30']
SELECT OBJECT_ID(N'[Plc.__EFMigrationsHistory]');
2025-07-31 10:58:04.908 +08:00 [INF] Executed DbCommand (2ms) [Parameters=[], CommandType='"Text"', CommandTimeout='30']
SELECT 1
2025-07-31 10:58:04.910 +08:00 [INF] Executed DbCommand (0ms) [Parameters=[], CommandType='"Text"', CommandTimeout='30']
SELECT OBJECT_ID(N'[Plc.__EFMigrationsHistory]');
2025-07-31 10:58:04.915 +08:00 [INF] Executed DbCommand (2ms) [Parameters=[], CommandType='"Text"', CommandTimeout='30']
SELECT [MigrationId], [ProductVersion]
FROM [Plc.__EFMigrationsHistory]
ORDER BY [MigrationId];
2025-07-31 10:58:05.000 +08:00 [INF] No migrations were applied. The database is already up to date.
2025-07-31 10:58:05.090 +08:00 [DBG] TaskSchedulingThreadPool configured with max concurrency of 10 and TaskScheduler ThreadPoolTaskScheduler.
2025-07-31 10:58:05.096 +08:00 [INF] Initialized Scheduler Signaller of type: Quartz.Core.SchedulerSignalerImpl
2025-07-31 10:58:05.098 +08:00 [INF] Quartz Scheduler created
2025-07-31 10:58:05.100 +08:00 [INF] JobFactory set to: Quartz.Simpl.MicrosoftDependencyInjectionJobFactory
2025-07-31 10:58:05.101 +08:00 [INF] RAMJobStore initialized.
2025-07-31 10:58:05.102 +08:00 [INF] Quartz Scheduler 3.8.1.0 - 'JobScheduler' with instanceId '-1663363809' initialized
2025-07-31 10:58:05.102 +08:00 [INF] Using thread pool 'Quartz.Simpl.DefaultThreadPool', size: 10
2025-07-31 10:58:05.103 +08:00 [INF] Using job store 'Quartz.Simpl.RAMJobStore', supports persistence: False, clustered: False
2025-07-31 10:58:05.112 +08:00 [INF] Adding 0 jobs, 0 triggers.
2025-07-31 10:58:05.299 +08:00 [INF] Executed DbCommand (14ms) [Parameters=[], CommandType='"Text"', CommandTimeout='30']
SELECT [w].[Id], [w].[CreationTime], [w].[Description], [w].[IsDeleted], [w].[IsStart], [w].[JobType], [w].[LastModificationTime], [w].[LastModifierUser], [w].[Name], [w].[TimeOut], [w].[Timer]
FROM [Wcs.JobConfig] AS [w]
WHERE [w].[IsDeleted] = CAST(0 AS bit)
2025-07-31 10:58:05.445 +08:00 [INF] User profile is available. Using 'C:\Users\吴\AppData\Local\ASP.NET\DataProtection-Keys' as key repository and Windows DPAPI to encrypt keys at rest.
2025-07-31 10:58:05.611 +08:00 [INF] Configured endpoint WcsIntegrationEvent, Consumer: Wcs.Application.Custom.WcsCustomEventConsumer<Wcs.CustomEvents.WcsIntegrationEvent>
2025-07-31 10:58:05.619 +08:00 [INF] Configured endpoint S7CacheMemoryEvent, Consumer: Plc.Application.Custom.ReadPlcEventConsumer<Plc.CustomEvents.S7CacheMemoryEvent>
2025-07-31 10:58:06.010 +08:00 [DBG] Starting bus instances: IBus
2025-07-31 10:58:06.027 +08:00 [DBG] Starting bus: "loopback://localhost/"
2025-07-31 10:58:06.298 +08:00 [DBG] Endpoint Ready: "loopback://localhost/WcsIntegrationEvent"
2025-07-31 10:58:06.298 +08:00 [DBG] Endpoint Ready: "loopback://localhost/S7CacheMemoryEvent"
2025-07-31 10:58:06.299 +08:00 [DBG] Endpoint Ready: "loopback://localhost/_WarehourceSource_bus_qtryyyg93sneyhkibdqh9zo1d6"
2025-07-31 10:58:06.318 +08:00 [INF] Bus started: "loopback://localhost/"
2025-07-31 10:58:06.389 +08:00 [INF] Now listening on: http://localhost:5050
2025-07-31 10:58:06.394 +08:00 [INF] Application started. Press Ctrl+C to shut down.
2025-07-31 10:58:06.400 +08:00 [INF] Scheduler JobScheduler_$_-1663363809 started.
2025-07-31 10:58:06.403 +08:00 [DBG] Batch acquisition of 0 triggers
2025-07-31 10:58:06.403 +08:00 [INF] Hosting environment: Development
2025-07-31 10:58:06.408 +08:00 [INF] Content root path: D:\Program\仓库\Warehource.Modules\Warehource.Source
2025-07-31 10:58:06.501 +08:00 [INF] Request starting HTTP/1.1 GET http://localhost:5050/swagger/index.html - null null
2025-07-31 10:58:06.974 +08:00 [INF] Request finished HTTP/1.1 GET http://localhost:5050/swagger/index.html - 200 null text/html;charset=utf-8 476.9005ms
2025-07-31 10:58:07.341 +08:00 [INF] Request starting HTTP/1.1 GET http://localhost:5050/swagger/v1/swagger.json - null null
2025-07-31 10:58:07.361 +08:00 [INF] No action descriptors found. This may indicate an incorrectly configured application or missing application parts. To learn more, visit https://aka.ms/aspnet/mvc/app-parts
2025-07-31 10:58:07.592 +08:00 [INF] Request finished HTTP/1.1 GET http://localhost:5050/swagger/v1/swagger.json - 200 null application/json;charset=utf-8 251.1757ms
2025-07-31 10:58:12.489 +08:00 [INF] Application is shutting down...
2025-07-31 10:58:12.516 +08:00 [DBG] Stopping bus instances: IBus
2025-07-31 10:58:12.523 +08:00 [DBG] Stopping bus: "loopback://localhost/"
2025-07-31 10:58:12.532 +08:00 [DBG] Endpoint Stopping: "loopback://localhost/WcsIntegrationEvent"
2025-07-31 10:58:12.534 +08:00 [DBG] Consumer Stopping: "loopback://localhost/WcsIntegrationEvent" (Stop Receive Transport)
2025-07-31 10:58:12.545 +08:00 [DBG] Endpoint Completed: "loopback://localhost/WcsIntegrationEvent"
2025-07-31 10:58:12.561 +08:00 [DBG] Consumer Completed: "loopback://localhost/WcsIntegrationEvent": 0 received, 0 concurrent
2025-07-31 10:58:12.566 +08:00 [DBG] Endpoint Stopping: "loopback://localhost/S7CacheMemoryEvent"
2025-07-31 10:58:12.568 +08:00 [DBG] Consumer Stopping: "loopback://localhost/S7CacheMemoryEvent" (Stop Receive Transport)
2025-07-31 10:58:12.570 +08:00 [DBG] Endpoint Completed: "loopback://localhost/S7CacheMemoryEvent"
2025-07-31 10:58:12.570 +08:00 [DBG] Consumer Completed: "loopback://localhost/S7CacheMemoryEvent": 0 received, 0 concurrent
2025-07-31 10:58:12.574 +08:00 [DBG] Endpoint Stopping: "loopback://localhost/_WarehourceSource_bus_qtryyyg93sneyhkibdqh9zo1d6"
2025-07-31 10:58:12.575 +08:00 [DBG] Consumer Stopping: "loopback://localhost/_WarehourceSource_bus_qtryyyg93sneyhkibdqh9zo1d6" (Stop Receive Transport)
2025-07-31 10:58:12.576 +08:00 [DBG] Endpoint Completed: "loopback://localhost/_WarehourceSource_bus_qtryyyg93sneyhkibdqh9zo1d6"
2025-07-31 10:58:12.576 +08:00 [DBG] Consumer Completed: "loopback://localhost/_WarehourceSource_bus_qtryyyg93sneyhkibdqh9zo1d6": 0 received, 0 concurrent
2025-07-31 10:58:12.600 +08:00 [INF] Bus stopped: "loopback://localhost/"
2025-07-31 10:58:12.605 +08:00 [INF] Scheduler JobScheduler_$_-1663363809 shutting down.
2025-07-31 10:58:12.607 +08:00 [INF] Scheduler JobScheduler_$_-1663363809 paused.
2025-07-31 10:58:12.612 +08:00 [DBG] Shutting down threadpool...
2025-07-31 10:58:12.612 +08:00 [DBG] Waiting for 0 threads to complete.
2025-07-31 10:58:12.613 +08:00 [DBG] No executing jobs remaining, all threads stopped.
2025-07-31 10:58:12.614 +08:00 [DBG] Shutdown of threadpool complete.
2025-07-31 10:58:12.617 +08:00 [INF] Scheduler JobScheduler_$_-1663363809 Shutdown complete.
