2025-09-20 08:26:42.264 +08:00 [INF] Executed DbCommand (32ms) [Parameters=[], CommandType='"Text"', CommandTimeout='30']
SELECT 1
2025-09-20 08:26:42.364 +08:00 [INF] Executed DbCommand (37ms) [Parameters=[], CommandType='"Text"', CommandTimeout='30']
SELECT OBJECT_ID(N'[Wcs.__EFMigrationsHistory]');
2025-09-20 08:26:42.382 +08:00 [INF] Executed DbCommand (13ms) [Parameters=[], CommandType='"Text"', CommandTimeout='30']
SELECT 1
2025-09-20 08:26:42.389 +08:00 [INF] Executed DbCommand (0ms) [Parameters=[], CommandType='"Text"', CommandTimeout='30']
SELECT OBJECT_ID(N'[Wcs.__EFMigrationsHistory]');
2025-09-20 08:26:42.405 +08:00 [INF] Executed DbCommand (3ms) [Parameters=[], CommandType='"Text"', CommandTimeout='30']
SELECT [MigrationId], [ProductVersion]
FROM [Wcs.__EFMigrationsHistory]
ORDER BY [MigrationId];
2025-09-20 08:26:42.422 +08:00 [INF] No migrations were applied. The database is already up to date.
2025-09-20 08:26:42.467 +08:00 [INF] Executed DbCommand (15ms) [Parameters=[], CommandType='"Text"', CommandTimeout='30']
SELECT 1
2025-09-20 08:26:42.486 +08:00 [INF] Executed DbCommand (14ms) [Parameters=[], CommandType='"Text"', CommandTimeout='30']
SELECT OBJECT_ID(N'[Identity.__EFMigrationsHistory]');
2025-09-20 08:26:42.505 +08:00 [INF] Executed DbCommand (13ms) [Parameters=[], CommandType='"Text"', CommandTimeout='30']
SELECT 1
2025-09-20 08:26:42.509 +08:00 [INF] Executed DbCommand (1ms) [Parameters=[], CommandType='"Text"', CommandTimeout='30']
SELECT OBJECT_ID(N'[Identity.__EFMigrationsHistory]');
2025-09-20 08:26:42.515 +08:00 [INF] Executed DbCommand (2ms) [Parameters=[], CommandType='"Text"', CommandTimeout='30']
SELECT [MigrationId], [ProductVersion]
FROM [Identity.__EFMigrationsHistory]
ORDER BY [MigrationId];
2025-09-20 08:26:42.518 +08:00 [INF] No migrations were applied. The database is already up to date.
2025-09-20 08:26:42.635 +08:00 [INF] Executed DbCommand (20ms) [Parameters=[], CommandType='"Text"', CommandTimeout='30']
SELECT 1
2025-09-20 08:26:42.646 +08:00 [INF] Executed DbCommand (9ms) [Parameters=[], CommandType='"Text"', CommandTimeout='30']
SELECT OBJECT_ID(N'[Plc.__EFMigrationsHistory]');
2025-09-20 08:26:42.649 +08:00 [INF] Executed DbCommand (0ms) [Parameters=[], CommandType='"Text"', CommandTimeout='30']
SELECT 1
2025-09-20 08:26:42.652 +08:00 [INF] Executed DbCommand (0ms) [Parameters=[], CommandType='"Text"', CommandTimeout='30']
SELECT OBJECT_ID(N'[Plc.__EFMigrationsHistory]');
2025-09-20 08:26:42.658 +08:00 [INF] Executed DbCommand (2ms) [Parameters=[], CommandType='"Text"', CommandTimeout='30']
SELECT [MigrationId], [ProductVersion]
FROM [Plc.__EFMigrationsHistory]
ORDER BY [MigrationId];
2025-09-20 08:26:42.725 +08:00 [INF] No migrations were applied. The database is already up to date.
2025-09-20 08:26:43.411 +08:00 [INF] Executed DbCommand (46ms) [Parameters=[], CommandType='"Text"', CommandTimeout='30']
SELECT [w].[Id], [w].[CreationTime], [w].[Description], [w].[IsDeleted], [w].[IsStart], [w].[JobType], [w].[LastModificationTime], [w].[LastModifierUser], [w].[Name], [w].[TimeOut], [w].[Timer]
FROM [Wcs.JobConfig] AS [w]
WHERE [w].[IsDeleted] = CAST(0 AS bit)
2025-09-20 08:26:43.771 +08:00 [INF] User profile is available. Using 'C:\Users\吴\AppData\Local\ASP.NET\DataProtection-Keys' as key repository and Windows DPAPI to encrypt keys at rest.
2025-09-20 08:26:43.902 +08:00 [INF] Configured endpoint PlcMapDataIntegrationEvent, Consumer: Wcs.Presentation.Custom.PlcMapDataIntegrationEventConsumer
2025-09-20 08:26:43.910 +08:00 [INF] Configured endpoint WcsWritePlcTaskData, Consumer: Wcs.Presentation.Custom.WcsWritePlcTaskDataConsumer
2025-09-20 08:26:43.932 +08:00 [INF] Configured endpoint S7ReadPlcDataBlockIntegrationEvent, Consumer: Plc.Presentation.Custom.ReadPlcEventConsumer<Plc.CustomEvents.S7ReadPlcDataBlockIntegrationEvent>
2025-09-20 08:26:43.937 +08:00 [INF] Configured endpoint S7WritePlcDataBlockIntegrationEvent, Consumer: Plc.Presentation.Custom.WritePlcEventConsumer<Plc.CustomEvents.S7WritePlcDataBlockIntegrationEvent>
2025-09-20 08:26:43.942 +08:00 [INF] Configured endpoint PlcMapEventCommit, Consumer: Plc.Presentation.Custom.PlcMapEventCommitConsumer
2025-09-20 08:26:44.015 +08:00 [INF] Configured endpoint WcsWritePlcTaskState, Saga: Wcs.Presentation.Saga.WcsWritePlcTaskState, State Machine: Wcs.Presentation.Saga.WcsWritePlcTaskSaga
2025-09-20 08:26:44.043 +08:00 [INF] Configured endpoint PlcMapState, Saga: Plc.Presentation.Saga.PlcMapState, State Machine: Plc.Presentation.Saga.PlcMapSaga
2025-09-20 08:26:44.453 +08:00 [DBG] Starting bus instances: IBus
2025-09-20 08:26:44.461 +08:00 [DBG] Starting bus: "loopback://localhost/"
2025-09-20 08:26:44.554 +08:00 [DBG] Endpoint Ready: "loopback://localhost/PlcMapDataIntegrationEvent"
2025-09-20 08:26:44.554 +08:00 [DBG] Endpoint Ready: "loopback://localhost/WcsWritePlcTaskData"
2025-09-20 08:26:44.615 +08:00 [DBG] Endpoint Ready: "loopback://localhost/WcsWritePlcTaskState"
2025-09-20 08:26:44.554 +08:00 [DBG] Endpoint Ready: "loopback://localhost/S7ReadPlcDataBlockIntegrationEvent"
2025-09-20 08:26:44.578 +08:00 [DBG] Endpoint Ready: "loopback://localhost/S7WritePlcDataBlockIntegrationEvent"
2025-09-20 08:26:44.600 +08:00 [DBG] Endpoint Ready: "loopback://localhost/PlcMapEventCommit"
2025-09-20 08:26:44.629 +08:00 [DBG] Endpoint Ready: "loopback://localhost/_WarehourceSource_bus_unjoyyrronegmzk1bdq9xzdyr9"
2025-09-20 08:26:44.629 +08:00 [DBG] Endpoint Ready: "loopback://localhost/PlcMapState"
2025-09-20 08:26:44.653 +08:00 [INF] Bus started: "loopback://localhost/"
2025-09-20 08:26:45.063 +08:00 [INF] Now listening on: http://localhost:5050
2025-09-20 08:26:45.095 +08:00 [INF] No action descriptors found. This may indicate an incorrectly configured application or missing application parts. To learn more, visit https://aka.ms/aspnet/mvc/app-parts
2025-09-20 08:26:45.651 +08:00 [INF] Application started. Press Ctrl+C to shut down.
2025-09-20 08:26:45.656 +08:00 [INF] Hosting environment: Development
2025-09-20 08:26:45.671 +08:00 [INF] Content root path: D:\Program\仓库\Warehource.Modules\Warehource.Source
2025-09-20 08:26:46.372 +08:00 [INF] Request starting HTTP/1.1 GET http://localhost:5050/swagger/index.html - null null
2025-09-20 08:26:46.979 +08:00 [INF] Request finished HTTP/1.1 GET http://localhost:5050/swagger/index.html - 200 null text/html;charset=utf-8 625.2944ms
2025-09-20 08:26:47.683 +08:00 [INF] Request starting HTTP/1.1 GET http://localhost:5050/_framework/aspnetcore-browser-refresh.js - null null
2025-09-20 08:26:47.686 +08:00 [INF] Request starting HTTP/1.1 GET http://localhost:5050/_vs/browserLink - null null
2025-09-20 08:26:47.880 +08:00 [INF] Request finished HTTP/1.1 GET http://localhost:5050/_framework/aspnetcore-browser-refresh.js - 200 13770 application/javascript; charset=utf-8 197.3888ms
2025-09-20 08:26:48.064 +08:00 [INF] Request finished HTTP/1.1 GET http://localhost:5050/_vs/browserLink - 200 null text/javascript; charset=UTF-8 377.3143ms
2025-09-20 08:26:48.210 +08:00 [INF] Request starting HTTP/1.1 GET http://localhost:5050/swagger/v1/swagger.json - null null
2025-09-20 08:26:48.315 +08:00 [INF] Request finished HTTP/1.1 GET http://localhost:5050/swagger/v1/swagger.json - 200 null application/json;charset=utf-8 105.0728ms
2025-09-20 09:50:10.077 +08:00 [INF] Executed DbCommand (22ms) [Parameters=[], CommandType='"Text"', CommandTimeout='30']
SELECT 1
2025-09-20 09:50:10.157 +08:00 [INF] Executed DbCommand (11ms) [Parameters=[], CommandType='"Text"', CommandTimeout='30']
SELECT OBJECT_ID(N'[Wcs.__EFMigrationsHistory]');
2025-09-20 09:50:10.163 +08:00 [INF] Executed DbCommand (1ms) [Parameters=[], CommandType='"Text"', CommandTimeout='30']
SELECT 1
2025-09-20 09:50:10.171 +08:00 [INF] Executed DbCommand (1ms) [Parameters=[], CommandType='"Text"', CommandTimeout='30']
SELECT OBJECT_ID(N'[Wcs.__EFMigrationsHistory]');
2025-09-20 09:50:10.198 +08:00 [INF] Executed DbCommand (3ms) [Parameters=[], CommandType='"Text"', CommandTimeout='30']
SELECT [MigrationId], [ProductVersion]
FROM [Wcs.__EFMigrationsHistory]
ORDER BY [MigrationId];
2025-09-20 09:50:10.218 +08:00 [INF] No migrations were applied. The database is already up to date.
2025-09-20 09:50:10.262 +08:00 [INF] Executed DbCommand (9ms) [Parameters=[], CommandType='"Text"', CommandTimeout='30']
SELECT 1
2025-09-20 09:50:10.269 +08:00 [INF] Executed DbCommand (2ms) [Parameters=[], CommandType='"Text"', CommandTimeout='30']
SELECT OBJECT_ID(N'[Identity.__EFMigrationsHistory]');
2025-09-20 09:50:10.277 +08:00 [INF] Executed DbCommand (0ms) [Parameters=[], CommandType='"Text"', CommandTimeout='30']
SELECT 1
2025-09-20 09:50:10.284 +08:00 [INF] Executed DbCommand (1ms) [Parameters=[], CommandType='"Text"', CommandTimeout='30']
SELECT OBJECT_ID(N'[Identity.__EFMigrationsHistory]');
2025-09-20 09:50:10.290 +08:00 [INF] Executed DbCommand (2ms) [Parameters=[], CommandType='"Text"', CommandTimeout='30']
SELECT [MigrationId], [ProductVersion]
FROM [Identity.__EFMigrationsHistory]
ORDER BY [MigrationId];
2025-09-20 09:50:10.297 +08:00 [INF] No migrations were applied. The database is already up to date.
2025-09-20 09:50:10.385 +08:00 [INF] Executed DbCommand (1ms) [Parameters=[], CommandType='"Text"', CommandTimeout='30']
SELECT 1
2025-09-20 09:50:10.390 +08:00 [INF] Executed DbCommand (1ms) [Parameters=[], CommandType='"Text"', CommandTimeout='30']
SELECT OBJECT_ID(N'[Plc.__EFMigrationsHistory]');
2025-09-20 09:50:10.395 +08:00 [INF] Executed DbCommand (0ms) [Parameters=[], CommandType='"Text"', CommandTimeout='30']
SELECT 1
2025-09-20 09:50:10.400 +08:00 [INF] Executed DbCommand (1ms) [Parameters=[], CommandType='"Text"', CommandTimeout='30']
SELECT OBJECT_ID(N'[Plc.__EFMigrationsHistory]');
2025-09-20 09:50:10.405 +08:00 [INF] Executed DbCommand (1ms) [Parameters=[], CommandType='"Text"', CommandTimeout='30']
SELECT [MigrationId], [ProductVersion]
FROM [Plc.__EFMigrationsHistory]
ORDER BY [MigrationId];
2025-09-20 09:50:10.416 +08:00 [INF] No migrations were applied. The database is already up to date.
2025-09-20 09:50:10.743 +08:00 [INF] Executed DbCommand (15ms) [Parameters=[], CommandType='"Text"', CommandTimeout='30']
SELECT [w].[Id], [w].[CreationTime], [w].[Description], [w].[IsDeleted], [w].[IsStart], [w].[JobType], [w].[LastModificationTime], [w].[LastModifierUser], [w].[Name], [w].[TimeOut], [w].[Timer]
FROM [Wcs.JobConfig] AS [w]
WHERE [w].[IsDeleted] = CAST(0 AS bit)
2025-09-20 09:50:10.860 +08:00 [INF] User profile is available. Using 'C:\Users\吴\AppData\Local\ASP.NET\DataProtection-Keys' as key repository and Windows DPAPI to encrypt keys at rest.
2025-09-20 09:50:10.953 +08:00 [INF] Configured endpoint PlcMapDataIntegrationEvent, Consumer: Wcs.Presentation.Custom.PlcMapDataIntegrationEventConsumer
2025-09-20 09:50:10.961 +08:00 [INF] Configured endpoint WcsWritePlcTaskData, Consumer: Wcs.Presentation.Custom.WcsWritePlcTaskDataConsumer
2025-09-20 09:50:10.965 +08:00 [INF] Configured endpoint S7ReadPlcDataBlockIntegrationEvent, Consumer: Plc.Presentation.Custom.ReadPlcEventConsumer<Plc.CustomEvents.S7ReadPlcDataBlockIntegrationEvent>
2025-09-20 09:50:10.972 +08:00 [INF] Configured endpoint S7WritePlcDataBlockIntegrationEvent, Consumer: Plc.Presentation.Custom.WritePlcEventConsumer<Plc.CustomEvents.S7WritePlcDataBlockIntegrationEvent>
2025-09-20 09:50:10.979 +08:00 [INF] Configured endpoint PlcMapEventCommit, Consumer: Plc.Presentation.Custom.PlcMapEventCommitConsumer
2025-09-20 09:50:11.037 +08:00 [INF] Configured endpoint WcsWritePlcTaskState, Saga: Wcs.Presentation.Saga.WcsWritePlcTaskState, State Machine: Wcs.Presentation.Saga.WcsWritePlcTaskSaga
2025-09-20 09:50:11.053 +08:00 [INF] Configured endpoint PlcMapState, Saga: Plc.Presentation.Saga.PlcMapState, State Machine: Plc.Presentation.Saga.PlcMapSaga
2025-09-20 09:50:11.280 +08:00 [DBG] Starting bus instances: IBus
2025-09-20 09:50:11.287 +08:00 [DBG] Starting bus: "loopback://localhost/"
2025-09-20 09:50:11.362 +08:00 [DBG] Endpoint Ready: "loopback://localhost/_WarehourceSource_bus_9nayyyrronegmuefbdq9x4ye89"
2025-09-20 09:50:11.362 +08:00 [DBG] Endpoint Ready: "loopback://localhost/PlcMapEventCommit"
2025-09-20 09:50:11.362 +08:00 [DBG] Endpoint Ready: "loopback://localhost/PlcMapState"
2025-09-20 09:50:11.363 +08:00 [DBG] Endpoint Ready: "loopback://localhost/S7WritePlcDataBlockIntegrationEvent"
2025-09-20 09:50:11.363 +08:00 [DBG] Endpoint Ready: "loopback://localhost/PlcMapDataIntegrationEvent"
2025-09-20 09:50:11.362 +08:00 [DBG] Endpoint Ready: "loopback://localhost/WcsWritePlcTaskState"
2025-09-20 09:50:11.362 +08:00 [DBG] Endpoint Ready: "loopback://localhost/WcsWritePlcTaskData"
2025-09-20 09:50:11.363 +08:00 [DBG] Endpoint Ready: "loopback://localhost/S7ReadPlcDataBlockIntegrationEvent"
2025-09-20 09:50:11.367 +08:00 [INF] Bus started: "loopback://localhost/"
2025-09-20 09:50:11.522 +08:00 [INF] Now listening on: http://localhost:5050
2025-09-20 09:50:11.530 +08:00 [INF] No action descriptors found. This may indicate an incorrectly configured application or missing application parts. To learn more, visit https://aka.ms/aspnet/mvc/app-parts
2025-09-20 09:50:11.915 +08:00 [INF] Application started. Press Ctrl+C to shut down.
2025-09-20 09:50:11.919 +08:00 [INF] Hosting environment: Development
2025-09-20 09:50:11.926 +08:00 [INF] Content root path: D:\Program\仓库\Warehource.Modules\Warehource.Source
2025-09-20 09:50:11.924 +08:00 [INF] Request starting HTTP/1.1 GET http://localhost:5050/swagger/index.html - null null
2025-09-20 09:50:12.239 +08:00 [INF] Request finished HTTP/1.1 GET http://localhost:5050/swagger/index.html - 200 null text/html;charset=utf-8 331.2491ms
2025-09-20 09:50:12.412 +08:00 [INF] Request starting HTTP/1.1 GET http://localhost:5050/_vs/browserLink - null null
2025-09-20 09:50:12.412 +08:00 [INF] Request starting HTTP/1.1 GET http://localhost:5050/_framework/aspnetcore-browser-refresh.js - null null
2025-09-20 09:50:12.437 +08:00 [INF] Request finished HTTP/1.1 GET http://localhost:5050/_framework/aspnetcore-browser-refresh.js - 200 13770 application/javascript; charset=utf-8 25.2777ms
2025-09-20 09:50:12.490 +08:00 [INF] Request finished HTTP/1.1 GET http://localhost:5050/_vs/browserLink - 200 null text/javascript; charset=UTF-8 78.5609ms
2025-09-20 09:50:12.639 +08:00 [INF] Request starting HTTP/1.1 GET http://localhost:5050/swagger/v1/swagger.json - null null
2025-09-20 09:50:12.683 +08:00 [INF] Request finished HTTP/1.1 GET http://localhost:5050/swagger/v1/swagger.json - 200 null application/json;charset=utf-8 44.2544ms
