2025-08-11 10:04:03.043 +08:00 [INF] Configured endpoint WcsIntegrationEvent, Consumer: Wcs.Presentation.Custom.WcsCustomEventConsumer<Wcs.CustomEvents.WcsIntegrationEvent>
2025-08-11 10:04:03.242 +08:00 [INF] Configured endpoint PlcMapDataIntegrationEvent, Consumer: Wcs.Presentation.Custom.PlcMapDataIntegrationEventConsumer
2025-08-11 10:04:03.245 +08:00 [INF] Configured endpoint S7ReadPlcDataBlockEvent, Consumer: Plc.Presentation.Custom.ReadPlcEventConsumer<Plc.CustomEvents.S7ReadPlcDataBlockEvent>
2025-08-11 10:04:03.248 +08:00 [INF] Configured endpoint S7WritePlcDataBlockEvent, Consumer: Plc.Presentation.Custom.WritePlcEventConsumer<Plc.CustomEvents.S7WritePlcDataBlockEvent>
2025-08-11 10:04:03.251 +08:00 [INF] Configured endpoint PlcMapEventCommit, Consumer: Plc.Presentation.Custom.PlcMapEventCommitConsumer
2025-08-11 10:04:03.377 +08:00 [INF] Configured endpoint PlcMapState, Saga: Plc.Presentation.Saga.PlcMapState, State Machine: Plc.Presentation.Saga.PlcMapSaga
2025-08-11 10:04:03.890 +08:00 [DBG] Starting bus instances: IBus
2025-08-11 10:04:03.900 +08:00 [DBG] Starting bus: "loopback://localhost/"
2025-08-11 10:04:03.969 +08:00 [DBG] Endpoint Ready: "loopback://localhost/S7WritePlcDataBlockEvent"
2025-08-11 10:04:03.969 +08:00 [DBG] Endpoint Ready: "loopback://localhost/PlcMapDataIntegrationEvent"
2025-08-11 10:04:03.969 +08:00 [DBG] Endpoint Ready: "loopback://localhost/WcsIntegrationEvent"
2025-08-11 10:04:03.969 +08:00 [DBG] Endpoint Ready: "loopback://localhost/S7ReadPlcDataBlockEvent"
2025-08-11 10:04:03.978 +08:00 [DBG] Endpoint Ready: "loopback://localhost/PlcMapState"
2025-08-11 10:04:03.972 +08:00 [DBG] Endpoint Ready: "loopback://localhost/PlcMapEventCommit"
2025-08-11 10:04:03.979 +08:00 [DBG] Endpoint Ready: "loopback://localhost/_WarehourceSource_bus_koxyyyrronegk6xwbdq7o64af1"
2025-08-11 10:04:03.986 +08:00 [INF] Bus started: "loopback://localhost/"
2025-08-11 10:05:49.222 +08:00 [INF] Configured endpoint WcsIntegrationEvent, Consumer: Wcs.Presentation.Custom.WcsCustomEventConsumer<Wcs.CustomEvents.WcsIntegrationEvent>
2025-08-11 10:05:49.259 +08:00 [INF] Configured endpoint PlcMapDataIntegrationEvent, Consumer: Wcs.Presentation.Custom.PlcMapDataIntegrationEventConsumer
2025-08-11 10:05:49.263 +08:00 [INF] Configured endpoint S7ReadPlcDataBlockEvent, Consumer: Plc.Presentation.Custom.ReadPlcEventConsumer<Plc.CustomEvents.S7ReadPlcDataBlockEvent>
2025-08-11 10:05:49.265 +08:00 [INF] Configured endpoint S7WritePlcDataBlockEvent, Consumer: Plc.Presentation.Custom.WritePlcEventConsumer<Plc.CustomEvents.S7WritePlcDataBlockEvent>
2025-08-11 10:05:49.267 +08:00 [INF] Configured endpoint PlcMapEventCommit, Consumer: Plc.Presentation.Custom.PlcMapEventCommitConsumer
2025-08-11 10:05:49.320 +08:00 [INF] Configured endpoint PlcMapState, Saga: Plc.Presentation.Saga.PlcMapState, State Machine: Plc.Presentation.Saga.PlcMapSaga
2025-08-11 10:05:49.562 +08:00 [DBG] Starting bus instances: IBus
2025-08-11 10:05:49.573 +08:00 [DBG] Starting bus: "loopback://localhost/"
2025-08-11 10:05:49.628 +08:00 [DBG] Endpoint Ready: "loopback://localhost/PlcMapEventCommit"
2025-08-11 10:05:49.628 +08:00 [DBG] Endpoint Ready: "loopback://localhost/_WarehourceSource_bus_iooyyyrronegkapzbdq7o6hzfh"
2025-08-11 10:05:49.628 +08:00 [DBG] Endpoint Ready: "loopback://localhost/S7ReadPlcDataBlockEvent"
2025-08-11 10:05:49.628 +08:00 [DBG] Endpoint Ready: "loopback://localhost/S7WritePlcDataBlockEvent"
2025-08-11 10:05:49.628 +08:00 [DBG] Endpoint Ready: "loopback://localhost/PlcMapState"
2025-08-11 10:05:49.628 +08:00 [DBG] Endpoint Ready: "loopback://localhost/PlcMapDataIntegrationEvent"
2025-08-11 10:05:49.628 +08:00 [DBG] Endpoint Ready: "loopback://localhost/WcsIntegrationEvent"
2025-08-11 10:05:49.630 +08:00 [INF] Bus started: "loopback://localhost/"
2025-08-11 10:06:11.351 +08:00 [DBG] Create send transport: "loopback://localhost/urn:message:Plc.CustomEvents.Saga:PlcMap+PlcMapCreated"
2025-08-11 10:06:11.404 +08:00 [DBG] SEND "loopback://localhost/urn:message:Plc.CustomEvents.Saga:PlcMap+PlcMapCreated" "ac200000-8480-9065-a2c0-08ddd87ba4c7" Plc.CustomEvents.Saga.PlcMap+PlcMapCreated
2025-08-11 10:06:11.474 +08:00 [DBG] SAGA:Plc.Presentation.Saga.PlcMapState:"00b5cca1-c9a2-47c5-8610-c7495dbe43e1" Created Plc.CustomEvents.Saga.PlcMap+PlcMapCreated
2025-08-11 10:06:11.485 +08:00 [DBG] SAGA:Plc.Presentation.Saga.PlcMapState:"00b5cca1-c9a2-47c5-8610-c7495dbe43e1" Added Plc.CustomEvents.Saga.PlcMap+PlcMapCreated
2025-08-11 10:06:11.514 +08:00 [DBG] Create send transport: "loopback://localhost/urn:message:Wcs.CustomEvents:PlcMapDataIntegrationEvent"
2025-08-11 10:06:11.527 +08:00 [DBG] SEND "loopback://localhost/urn:message:Wcs.CustomEvents:PlcMapDataIntegrationEvent" "ac200000-8480-9065-c7e1-08ddd87ba4df" Wcs.CustomEvents.PlcMapDataIntegrationEvent
2025-08-11 10:06:11.540 +08:00 [DBG] RECEIVE "loopback://localhost/PlcMapState" "ac200000-8480-9065-a2c0-08ddd87ba4c7" Plc.CustomEvents.Saga.PlcMap+PlcMapCreated Plc.Presentation.Saga.PlcMapState("00:00:00.0777274")
2025-08-11 10:06:11.983 +08:00 [DBG] Create send transport: "loopback://localhost/urn:message:Plc.CustomEvents.Saga:PlcMap+PlcMapDataIntegrationCompleted"
2025-08-11 10:06:11.990 +08:00 [DBG] SEND "loopback://localhost/urn:message:Plc.CustomEvents.Saga:PlcMap+PlcMapDataIntegrationCompleted" "ac200000-8480-9065-5bed-08ddd87ba527" Plc.CustomEvents.Saga.PlcMap+PlcMapDataIntegrationCompleted
2025-08-11 10:06:12.170 +08:00 [DBG] SAGA:Plc.Presentation.Saga.PlcMapState:"00b5cca1-c9a2-47c5-8610-c7495dbe43e1" Used Plc.CustomEvents.Saga.PlcMap+PlcMapDataIntegrationCompleted
2025-08-11 10:06:12.172 +08:00 [DBG] RECEIVE "loopback://localhost/PlcMapDataIntegrationEvent" "ac200000-8480-9065-c7e1-08ddd87ba4df" Wcs.CustomEvents.PlcMapDataIntegrationEvent Wcs.Presentation.Custom.PlcMapDataIntegrationEventConsumer("00:00:00.6407679")
2025-08-11 10:06:12.175 +08:00 [DBG] Create send transport: "loopback://localhost/urn:message:Plc.CustomEvents.Saga:PlcMap+PlcMapProcessed"
2025-08-11 10:06:12.192 +08:00 [DBG] SEND "loopback://localhost/urn:message:Plc.CustomEvents.Saga:PlcMap+PlcMapProcessed" "ac200000-8480-9065-901f-08ddd87ba544" Plc.CustomEvents.Saga.PlcMap+PlcMapProcessed
2025-08-11 10:06:12.219 +08:00 [DBG] RECEIVE "loopback://localhost/PlcMapState" "ac200000-8480-9065-5bed-08ddd87ba527" Plc.CustomEvents.Saga.PlcMap+PlcMapDataIntegrationCompleted Plc.Presentation.Saga.PlcMapState("00:00:00.2274081")
2025-08-11 10:06:12.220 +08:00 [DBG] SAGA:Plc.Presentation.Saga.PlcMapState:"00b5cca1-c9a2-47c5-8610-c7495dbe43e1" Used Plc.CustomEvents.Saga.PlcMap+PlcMapProcessed
2025-08-11 10:06:12.229 +08:00 [DBG] Create send transport: "loopback://localhost/urn:message:Plc.CustomEvents:PlcMapEventCommitEvent"
2025-08-11 10:06:12.233 +08:00 [DBG] SEND "loopback://localhost/urn:message:Plc.CustomEvents:PlcMapEventCommitEvent" "ac200000-8480-9065-84cf-08ddd87ba54c" Plc.CustomEvents.PlcMapEventCommitEvent
2025-08-11 10:06:12.238 +08:00 [DBG] RECEIVE "loopback://localhost/PlcMapState" "ac200000-8480-9065-901f-08ddd87ba544" Plc.CustomEvents.Saga.PlcMap+PlcMapProcessed Plc.Presentation.Saga.PlcMapState("00:00:00.0446335")
2025-08-11 10:06:12.269 +08:00 [DBG] RECEIVE "loopback://localhost/PlcMapEventCommit" "ac200000-8480-9065-84cf-08ddd87ba54c" Plc.CustomEvents.PlcMapEventCommitEvent Plc.Presentation.Custom.PlcMapEventCommitConsumer("00:00:00.0351541")
