2025-08-19 08:30:24.208 +08:00 [INF] Configured endpoint PlcMapDataIntegrationEvent, Consumer: Wcs.Presentation.Custom.PlcMapDataIntegrationEventConsumer
2025-08-19 08:30:24.255 +08:00 [INF] Configured endpoint WcsWritePlcTaskData, Consumer: Wcs.Presentation.Custom.WcsWritePlcTaskDataConsumer
2025-08-19 08:30:24.258 +08:00 [INF] Configured endpoint S7ReadPlcDataBlockIntegrationEvent, Consumer: Plc.Presentation.Custom.ReadPlcEventConsumer<Plc.CustomEvents.S7ReadPlcDataBlockIntegrationEvent>
2025-08-19 08:30:24.261 +08:00 [INF] Configured endpoint S7WritePlcDataBlockIntegrationEvent, Consumer: Plc.Presentation.Custom.WritePlcEventConsumer<Plc.CustomEvents.S7WritePlcDataBlockIntegrationEvent>
2025-08-19 08:30:24.264 +08:00 [INF] Configured endpoint PlcMapEventCommit, Consumer: Plc.Presentation.Custom.PlcMapEventCommitConsumer
2025-08-19 08:30:24.322 +08:00 [INF] Configured endpoint WcsWritePlcTaskState, Saga: Wcs.Presentation.Saga.WcsWritePlcTaskState, State Machine: Wcs.Presentation.Saga.WcsWritePlcTaskSaga
2025-08-19 08:30:24.346 +08:00 [INF] Configured endpoint PlcMapState, Saga: Plc.Presentation.Saga.PlcMapState, State Machine: Plc.Presentation.Saga.PlcMapSaga
2025-08-19 08:30:24.709 +08:00 [DBG] Starting bus instances: IBus
2025-08-19 08:30:24.716 +08:00 [DBG] Starting bus: "loopback://localhost/"
2025-08-19 08:30:24.806 +08:00 [DBG] Endpoint Ready: "loopback://localhost/S7WritePlcDataBlockIntegrationEvent"
2025-08-19 08:30:24.810 +08:00 [DBG] Endpoint Ready: "loopback://localhost/S7ReadPlcDataBlockIntegrationEvent"
2025-08-19 08:30:24.810 +08:00 [DBG] Endpoint Ready: "loopback://localhost/PlcMapEventCommit"
2025-08-19 08:30:24.807 +08:00 [DBG] Endpoint Ready: "loopback://localhost/PlcMapDataIntegrationEvent"
2025-08-19 08:30:24.806 +08:00 [DBG] Endpoint Ready: "loopback://localhost/WcsWritePlcTaskData"
2025-08-19 08:30:24.806 +08:00 [DBG] Endpoint Ready: "loopback://localhost/WcsWritePlcTaskState"
2025-08-19 08:30:24.806 +08:00 [DBG] Endpoint Ready: "loopback://localhost/PlcMapState"
2025-08-19 08:30:24.815 +08:00 [DBG] Endpoint Ready: "loopback://localhost/_WarehourceSource_bus_a1joyyn7gcybkyznbdq77phsft"
2025-08-19 08:30:24.825 +08:00 [INF] Bus started: "loopback://localhost/"
2025-08-19 08:31:32.476 +08:00 [INF] Configured endpoint PlcMapDataIntegrationEvent, Consumer: Wcs.Presentation.Custom.PlcMapDataIntegrationEventConsumer
2025-08-19 08:31:32.518 +08:00 [INF] Configured endpoint WcsWritePlcTaskData, Consumer: Wcs.Presentation.Custom.WcsWritePlcTaskDataConsumer
2025-08-19 08:31:32.522 +08:00 [INF] Configured endpoint S7ReadPlcDataBlockIntegrationEvent, Consumer: Plc.Presentation.Custom.ReadPlcEventConsumer<Plc.CustomEvents.S7ReadPlcDataBlockIntegrationEvent>
2025-08-19 08:31:32.527 +08:00 [INF] Configured endpoint S7WritePlcDataBlockIntegrationEvent, Consumer: Plc.Presentation.Custom.WritePlcEventConsumer<Plc.CustomEvents.S7WritePlcDataBlockIntegrationEvent>
2025-08-19 08:31:32.532 +08:00 [INF] Configured endpoint PlcMapEventCommit, Consumer: Plc.Presentation.Custom.PlcMapEventCommitConsumer
2025-08-19 08:31:32.597 +08:00 [INF] Configured endpoint WcsWritePlcTaskState, Saga: Wcs.Presentation.Saga.WcsWritePlcTaskState, State Machine: Wcs.Presentation.Saga.WcsWritePlcTaskSaga
2025-08-19 08:31:32.611 +08:00 [INF] Configured endpoint PlcMapState, Saga: Plc.Presentation.Saga.PlcMapState, State Machine: Plc.Presentation.Saga.PlcMapSaga
2025-08-19 08:31:32.896 +08:00 [DBG] Starting bus instances: IBus
2025-08-19 08:31:32.902 +08:00 [DBG] Starting bus: "loopback://localhost/"
2025-08-19 08:31:32.974 +08:00 [DBG] Endpoint Ready: "loopback://localhost/_WarehourceSource_bus_kbzoyyn7gcybmp4obdq77p79dn"
2025-08-19 08:31:32.976 +08:00 [DBG] Endpoint Ready: "loopback://localhost/PlcMapDataIntegrationEvent"
2025-08-19 08:31:32.974 +08:00 [DBG] Endpoint Ready: "loopback://localhost/S7ReadPlcDataBlockIntegrationEvent"
2025-08-19 08:31:32.974 +08:00 [DBG] Endpoint Ready: "loopback://localhost/PlcMapEventCommit"
2025-08-19 08:31:32.974 +08:00 [DBG] Endpoint Ready: "loopback://localhost/WcsWritePlcTaskData"
2025-08-19 08:31:32.974 +08:00 [DBG] Endpoint Ready: "loopback://localhost/S7WritePlcDataBlockIntegrationEvent"
2025-08-19 08:31:32.974 +08:00 [DBG] Endpoint Ready: "loopback://localhost/WcsWritePlcTaskState"
2025-08-19 08:31:32.974 +08:00 [DBG] Endpoint Ready: "loopback://localhost/PlcMapState"
2025-08-19 08:31:32.981 +08:00 [INF] Bus started: "loopback://localhost/"
2025-08-19 08:32:46.525 +08:00 [INF] Configured endpoint PlcMapDataIntegrationEvent, Consumer: Wcs.Presentation.Custom.PlcMapDataIntegrationEventConsumer
2025-08-19 08:32:46.566 +08:00 [INF] Configured endpoint WcsWritePlcTaskData, Consumer: Wcs.Presentation.Custom.WcsWritePlcTaskDataConsumer
2025-08-19 08:32:46.571 +08:00 [INF] Configured endpoint S7ReadPlcDataBlockIntegrationEvent, Consumer: Plc.Presentation.Custom.ReadPlcEventConsumer<Plc.CustomEvents.S7ReadPlcDataBlockIntegrationEvent>
2025-08-19 08:32:46.579 +08:00 [INF] Configured endpoint S7WritePlcDataBlockIntegrationEvent, Consumer: Plc.Presentation.Custom.WritePlcEventConsumer<Plc.CustomEvents.S7WritePlcDataBlockIntegrationEvent>
2025-08-19 08:32:46.583 +08:00 [INF] Configured endpoint PlcMapEventCommit, Consumer: Plc.Presentation.Custom.PlcMapEventCommitConsumer
2025-08-19 08:32:46.640 +08:00 [INF] Configured endpoint WcsWritePlcTaskState, Saga: Wcs.Presentation.Saga.WcsWritePlcTaskState, State Machine: Wcs.Presentation.Saga.WcsWritePlcTaskSaga
2025-08-19 08:32:46.662 +08:00 [INF] Configured endpoint PlcMapState, Saga: Plc.Presentation.Saga.PlcMapState, State Machine: Plc.Presentation.Saga.PlcMapSaga
2025-08-19 08:32:46.984 +08:00 [DBG] Starting bus instances: IBus
2025-08-19 08:32:46.991 +08:00 [DBG] Starting bus: "loopback://localhost/"
2025-08-19 08:32:47.048 +08:00 [DBG] Endpoint Ready: "loopback://localhost/WcsWritePlcTaskState"
2025-08-19 08:32:47.050 +08:00 [DBG] Endpoint Ready: "loopback://localhost/PlcMapDataIntegrationEvent"
2025-08-19 08:32:47.050 +08:00 [DBG] Endpoint Ready: "loopback://localhost/S7WritePlcDataBlockIntegrationEvent"
2025-08-19 08:32:47.058 +08:00 [INF] Bus started: "loopback://localhost/"
2025-08-19 08:32:47.048 +08:00 [DBG] Endpoint Ready: "loopback://localhost/WcsWritePlcTaskData"
2025-08-19 08:32:47.048 +08:00 [DBG] Endpoint Ready: "loopback://localhost/PlcMapEventCommit"
2025-08-19 08:32:47.048 +08:00 [DBG] Endpoint Ready: "loopback://localhost/PlcMapState"
2025-08-19 08:32:47.048 +08:00 [DBG] Endpoint Ready: "loopback://localhost/_WarehourceSource_bus_un3yyyn7gcybk548bdq77p9mrq"
2025-08-19 08:32:47.050 +08:00 [DBG] Endpoint Ready: "loopback://localhost/S7ReadPlcDataBlockIntegrationEvent"
2025-08-19 08:43:02.190 +08:00 [INF] Configured endpoint PlcMapDataIntegrationEvent, Consumer: Wcs.Presentation.Custom.PlcMapDataIntegrationEventConsumer
2025-08-19 08:43:02.235 +08:00 [INF] Configured endpoint WcsWritePlcTaskData, Consumer: Wcs.Presentation.Custom.WcsWritePlcTaskDataConsumer
2025-08-19 08:43:02.239 +08:00 [INF] Configured endpoint S7ReadPlcDataBlockIntegrationEvent, Consumer: Plc.Presentation.Custom.ReadPlcEventConsumer<Plc.CustomEvents.S7ReadPlcDataBlockIntegrationEvent>
2025-08-19 08:43:02.243 +08:00 [INF] Configured endpoint S7WritePlcDataBlockIntegrationEvent, Consumer: Plc.Presentation.Custom.WritePlcEventConsumer<Plc.CustomEvents.S7WritePlcDataBlockIntegrationEvent>
2025-08-19 08:43:02.246 +08:00 [INF] Configured endpoint PlcMapEventCommit, Consumer: Plc.Presentation.Custom.PlcMapEventCommitConsumer
