2025-07-19 23:46:56.460 +08:00 [INF] Executed DbCommand (10ms) [Parameters=[], CommandType='"Text"', CommandTimeout='30']
SELECT 1
2025-07-19 23:46:56.566 +08:00 [INF] Executed DbCommand (9ms) [Parameters=[], CommandType='"Text"', CommandTimeout='30']
SELECT OBJECT_ID(N'[Wcs.].[__EFMigrationsHistory]');
2025-07-19 23:46:56.581 +08:00 [INF] Executed DbCommand (1ms) [Parameters=[], CommandType='"Text"', CommandTimeout='30']
SELECT 1
2025-07-19 23:46:56.599 +08:00 [INF] Executed DbCommand (2ms) [Parameters=[], CommandType='"Text"', CommandTimeout='30']
SELECT OBJECT_ID(N'[Wcs.].[__EFMigrationsHistory]');
2025-07-19 23:46:56.632 +08:00 [INF] Executed DbCommand (2ms) [Parameters=[], CommandType='"Text"', CommandTimeout='30']
SELECT [MigrationId], [ProductVersion]
FROM [Wcs.].[__EFMigrationsHistory]
ORDER BY [MigrationId];
2025-07-19 23:46:56.662 +08:00 [INF] No migrations were applied. The database is already up to date.
2025-07-19 23:46:56.700 +08:00 [INF] Executed DbCommand (1ms) [Parameters=[], CommandType='"Text"', CommandTimeout='30']
SELECT 1
2025-07-19 23:46:56.710 +08:00 [INF] Executed DbCommand (1ms) [Parameters=[], CommandType='"Text"', CommandTimeout='30']
SELECT OBJECT_ID(N'[User.].[__EFMigrationsHistory]');
2025-07-19 23:46:56.717 +08:00 [INF] Executed DbCommand (2ms) [Parameters=[], CommandType='"Text"', CommandTimeout='30']
SELECT 1
2025-07-19 23:46:56.720 +08:00 [INF] Executed DbCommand (0ms) [Parameters=[], CommandType='"Text"', CommandTimeout='30']
SELECT OBJECT_ID(N'[User.].[__EFMigrationsHistory]');
2025-07-19 23:46:56.745 +08:00 [INF] Executed DbCommand (4ms) [Parameters=[], CommandType='"Text"', CommandTimeout='30']
SELECT [MigrationId], [ProductVersion]
FROM [User.].[__EFMigrationsHistory]
ORDER BY [MigrationId];
2025-07-19 23:46:56.764 +08:00 [INF] No migrations were applied. The database is already up to date.
2025-07-19 23:46:56.862 +08:00 [DBG] TaskSchedulingThreadPool configured with max concurrency of 10 and TaskScheduler ThreadPoolTaskScheduler.
2025-07-19 23:46:56.892 +08:00 [INF] Initialized Scheduler Signaller of type: Quartz.Core.SchedulerSignalerImpl
2025-07-19 23:46:56.895 +08:00 [INF] Quartz Scheduler created
2025-07-19 23:46:56.898 +08:00 [INF] JobFactory set to: Quartz.Simpl.MicrosoftDependencyInjectionJobFactory
2025-07-19 23:46:56.901 +08:00 [INF] RAMJobStore initialized.
2025-07-19 23:46:56.903 +08:00 [INF] Quartz Scheduler 3.8.1.0 - 'JobScheduler' with instanceId '684226055' initialized
2025-07-19 23:46:56.905 +08:00 [INF] Using thread pool 'Quartz.Simpl.DefaultThreadPool', size: 10
2025-07-19 23:46:56.906 +08:00 [INF] Using job store 'Quartz.Simpl.RAMJobStore', supports persistence: False, clustered: False
2025-07-19 23:46:56.914 +08:00 [INF] Adding 0 jobs, 0 triggers.
2025-07-19 23:46:57.105 +08:00 [INF] Executed DbCommand (13ms) [Parameters=[], CommandType='"Text"', CommandTimeout='30']
SELECT [w].[Id], [w].[CreationTime], [w].[Description], [w].[IsDeleted], [w].[IsStart], [w].[JobType], [w].[LastModificationTime], [w].[LastModifierUser], [w].[Name], [w].[TimeOut], [w].[Timer]
FROM [Wcs.JobConfig] AS [w]
WHERE [w].[IsDeleted] = CAST(0 AS bit)
2025-07-19 23:46:57.200 +08:00 [INF] User profile is available. Using 'C:\Users\吴\AppData\Local\ASP.NET\DataProtection-Keys' as key repository and Windows DPAPI to encrypt keys at rest.
2025-07-19 23:46:57.277 +08:00 [INF] Configured endpoint SendWmsTasksIntegrationEvent, Consumer: Common.Application.Event.Custom.IntegrationEventConsumer<Wcs.Application.Custom.SendWmsTasksIntegrationEvent>
2025-07-19 23:46:57.515 +08:00 [DBG] Starting bus instances: IBus
2025-07-19 23:46:57.541 +08:00 [DBG] Starting bus: "loopback://localhost/"
2025-07-19 23:46:57.615 +08:00 [DBG] Endpoint Ready: "loopback://localhost/_WarehourceSource_bus_ktdyyynqz1igbr76bdqhps56bq"
2025-07-19 23:46:57.615 +08:00 [DBG] Endpoint Ready: "loopback://localhost/SendWmsTasksIntegrationEvent"
2025-07-19 23:46:57.617 +08:00 [INF] Bus started: "loopback://localhost/"
2025-07-19 23:46:57.742 +08:00 [INF] Now listening on: https://localhost:7162
2025-07-19 23:46:57.755 +08:00 [INF] Now listening on: http://localhost:5050
2025-07-19 23:46:57.762 +08:00 [INF] No action descriptors found. This may indicate an incorrectly configured application or missing application parts. To learn more, visit https://aka.ms/aspnet/mvc/app-parts
2025-07-19 23:46:57.873 +08:00 [INF] Application started. Press Ctrl+C to shut down.
2025-07-19 23:46:57.875 +08:00 [INF] Hosting environment: Development
2025-07-19 23:46:57.876 +08:00 [INF] Scheduler JobScheduler_$_684226055 started.
2025-07-19 23:46:57.877 +08:00 [DBG] Batch acquisition of 0 triggers
2025-07-19 23:46:57.883 +08:00 [INF] Content root path: D:\Program\仓库\Warehouse.Modules\Warehource.Modules\Warehource.Source
2025-07-19 23:46:58.190 +08:00 [INF] Request starting HTTP/2 GET https://localhost:7162/swagger - null null
2025-07-19 23:46:58.334 +08:00 [INF] Request finished HTTP/2 GET https://localhost:7162/swagger - 301 0 null 149.8315ms
2025-07-19 23:46:58.338 +08:00 [INF] Request starting HTTP/2 GET https://localhost:7162/swagger/index.html - null null
2025-07-19 23:46:58.389 +08:00 [INF] Request finished HTTP/2 GET https://localhost:7162/swagger/index.html - 200 null text/html;charset=utf-8 50.8797ms
2025-07-19 23:46:58.395 +08:00 [INF] Request starting HTTP/2 GET https://localhost:7162/swagger/swagger-ui.css - null null
2025-07-19 23:46:58.398 +08:00 [INF] Request starting HTTP/2 GET https://localhost:7162/swagger/swagger-ui-standalone-preset.js - null null
2025-07-19 23:46:58.398 +08:00 [INF] Request starting HTTP/2 GET https://localhost:7162/swagger/swagger-ui-bundle.js - null null
2025-07-19 23:46:58.425 +08:00 [INF] Sending file. Request path: '/swagger-ui.css'. Physical path: 'N/A'
2025-07-19 23:46:58.425 +08:00 [INF] Sending file. Request path: '/swagger-ui-standalone-preset.js'. Physical path: 'N/A'
2025-07-19 23:46:58.430 +08:00 [INF] Request finished HTTP/2 GET https://localhost:7162/swagger/swagger-ui.css - 200 152034 text/css 35.1846ms
2025-07-19 23:46:58.431 +08:00 [INF] Request finished HTTP/2 GET https://localhost:7162/swagger/swagger-ui-standalone-preset.js - 200 230280 text/javascript 33.8294ms
2025-07-19 23:46:58.434 +08:00 [INF] Sending file. Request path: '/swagger-ui-bundle.js'. Physical path: 'N/A'
2025-07-19 23:46:58.441 +08:00 [INF] Request finished HTTP/2 GET https://localhost:7162/swagger/swagger-ui-bundle.js - 200 1456926 text/javascript 43.0293ms
2025-07-19 23:46:58.537 +08:00 [INF] Request starting HTTP/2 GET https://localhost:7162/_vs/browserLink - null null
2025-07-19 23:46:58.537 +08:00 [INF] Request starting HTTP/2 GET https://localhost:7162/_framework/aspnetcore-browser-refresh.js - null null
2025-07-19 23:46:58.554 +08:00 [INF] Request finished HTTP/2 GET https://localhost:7162/_framework/aspnetcore-browser-refresh.js - 200 13770 application/javascript; charset=utf-8 17.959ms
2025-07-19 23:46:58.585 +08:00 [INF] Request finished HTTP/2 GET https://localhost:7162/_vs/browserLink - 200 null text/javascript; charset=UTF-8 48.7922ms
2025-07-19 23:46:58.681 +08:00 [INF] Request starting HTTP/2 GET https://localhost:7162/swagger/v1/swagger.json - null null
2025-07-19 23:46:58.688 +08:00 [INF] Request starting HTTP/2 GET https://localhost:7162/swagger/favicon-32x32.png - null null
2025-07-19 23:46:58.694 +08:00 [INF] Sending file. Request path: '/favicon-32x32.png'. Physical path: 'N/A'
2025-07-19 23:46:58.697 +08:00 [INF] Request finished HTTP/2 GET https://localhost:7162/swagger/favicon-32x32.png - 200 628 image/png 9.1581ms
2025-07-19 23:46:58.699 +08:00 [INF] Request finished HTTP/2 GET https://localhost:7162/swagger/v1/swagger.json - 200 null application/json;charset=utf-8 17.7193ms
