2025-08-18 09:24:57.201 +08:00 [INF] Configured endpoint PlcMapDataIntegrationEvent, Consumer: Wcs.Presentation.Custom.PlcMapDataIntegrationEventConsumer
2025-08-18 09:24:57.261 +08:00 [INF] Configured endpoint WcsWritePlcTaskData, Consumer: Wcs.Presentation.Custom.WcsWritePlcTaskDataConsumer
2025-08-18 09:24:57.265 +08:00 [INF] Configured endpoint S7ReadPlcDataBlockIntegrationEvent, Consumer: Plc.Presentation.Custom.ReadPlcEventConsumer<Plc.CustomEvents.S7ReadPlcDataBlockIntegrationEvent>
2025-08-18 09:24:57.268 +08:00 [INF] Configured endpoint S7WritePlcDataBlockIntegrationEvent, Consumer: Plc.Presentation.Custom.WritePlcEventConsumer<Plc.CustomEvents.S7WritePlcDataBlockIntegrationEvent>
2025-08-18 09:24:57.272 +08:00 [INF] Configured endpoint PlcMapEventCommit, Consumer: Plc.Presentation.Custom.PlcMapEventCommitConsumer
2025-08-18 09:24:57.339 +08:00 [INF] Configured endpoint WcsWritePlcTaskState, Saga: Wcs.Presentation.Saga.WcsWritePlcTaskState, State Machine: Wcs.Presentation.Saga.WcsWritePlcTaskSaga
2025-08-18 09:24:57.353 +08:00 [INF] Configured endpoint PlcMapState, Saga: Plc.Presentation.Saga.PlcMapState, State Machine: Plc.Presentation.Saga.PlcMapSaga
2025-08-18 09:24:57.707 +08:00 [DBG] Starting bus instances: IBus
2025-08-18 09:24:57.714 +08:00 [DBG] Starting bus: "loopback://localhost/"
2025-08-18 09:24:57.779 +08:00 [DBG] Endpoint Ready: "loopback://localhost/S7WritePlcDataBlockIntegrationEvent"
2025-08-18 09:24:57.779 +08:00 [DBG] Endpoint Ready: "loopback://localhost/S7ReadPlcDataBlockIntegrationEvent"
2025-08-18 09:24:57.779 +08:00 [DBG] Endpoint Ready: "loopback://localhost/PlcMapDataIntegrationEvent"
2025-08-18 09:24:57.779 +08:00 [DBG] Endpoint Ready: "loopback://localhost/WcsWritePlcTaskData"
2025-08-18 09:24:57.779 +08:00 [DBG] Endpoint Ready: "loopback://localhost/PlcMapEventCommit"
2025-08-18 09:24:57.779 +08:00 [DBG] Endpoint Ready: "loopback://localhost/WcsWritePlcTaskState"
2025-08-18 09:24:57.779 +08:00 [DBG] Endpoint Ready: "loopback://localhost/PlcMapState"
2025-08-18 09:24:57.779 +08:00 [DBG] Endpoint Ready: "loopback://localhost/_WarehourceSource_bus_jt3oyyrronegk331bdq757ombf"
2025-08-18 09:24:57.789 +08:00 [INF] Bus started: "loopback://localhost/"
2025-08-18 09:26:59.734 +08:00 [INF] Configured endpoint PlcMapDataIntegrationEvent, Consumer: Wcs.Presentation.Custom.PlcMapDataIntegrationEventConsumer
2025-08-18 09:26:59.776 +08:00 [INF] Configured endpoint WcsWritePlcTaskData, Consumer: Wcs.Presentation.Custom.WcsWritePlcTaskDataConsumer
2025-08-18 09:26:59.780 +08:00 [INF] Configured endpoint S7ReadPlcDataBlockIntegrationEvent, Consumer: Plc.Presentation.Custom.ReadPlcEventConsumer<Plc.CustomEvents.S7ReadPlcDataBlockIntegrationEvent>
2025-08-18 09:26:59.783 +08:00 [INF] Configured endpoint S7WritePlcDataBlockIntegrationEvent, Consumer: Plc.Presentation.Custom.WritePlcEventConsumer<Plc.CustomEvents.S7WritePlcDataBlockIntegrationEvent>
2025-08-18 09:26:59.787 +08:00 [INF] Configured endpoint PlcMapEventCommit, Consumer: Plc.Presentation.Custom.PlcMapEventCommitConsumer
2025-08-18 09:26:59.837 +08:00 [INF] Configured endpoint WcsWritePlcTaskState, Saga: Wcs.Presentation.Saga.WcsWritePlcTaskState, State Machine: Wcs.Presentation.Saga.WcsWritePlcTaskSaga
2025-08-18 09:26:59.849 +08:00 [INF] Configured endpoint PlcMapState, Saga: Plc.Presentation.Saga.PlcMapState, State Machine: Plc.Presentation.Saga.PlcMapSaga
2025-08-18 09:27:00.172 +08:00 [DBG] Starting bus instances: IBus
2025-08-18 09:27:00.178 +08:00 [DBG] Starting bus: "loopback://localhost/"
2025-08-18 09:27:00.249 +08:00 [DBG] Endpoint Ready: "loopback://localhost/PlcMapEventCommit"
2025-08-18 09:27:00.249 +08:00 [DBG] Endpoint Ready: "loopback://localhost/PlcMapDataIntegrationEvent"
2025-08-18 09:27:00.251 +08:00 [DBG] Endpoint Ready: "loopback://localhost/S7ReadPlcDataBlockIntegrationEvent"
2025-08-18 09:27:00.249 +08:00 [DBG] Endpoint Ready: "loopback://localhost/S7WritePlcDataBlockIntegrationEvent"
2025-08-18 09:27:00.262 +08:00 [INF] Bus started: "loopback://localhost/"
2025-08-18 09:27:00.249 +08:00 [DBG] Endpoint Ready: "loopback://localhost/WcsWritePlcTaskState"
2025-08-18 09:27:00.249 +08:00 [DBG] Endpoint Ready: "loopback://localhost/PlcMapState"
2025-08-18 09:27:00.255 +08:00 [DBG] Endpoint Ready: "loopback://localhost/_WarehourceSource_bus_3tpyyyrronegmnc7bdq7571wbj"
2025-08-18 09:27:00.249 +08:00 [DBG] Endpoint Ready: "loopback://localhost/WcsWritePlcTaskData"
2025-08-18 10:09:35.316 +08:00 [INF] Configured endpoint PlcMapDataIntegrationEvent, Consumer: Wcs.Presentation.Custom.PlcMapDataIntegrationEventConsumer
2025-08-18 10:09:35.351 +08:00 [INF] Configured endpoint WcsWritePlcTaskData, Consumer: Wcs.Presentation.Custom.WcsWritePlcTaskDataConsumer
2025-08-18 10:09:35.355 +08:00 [INF] Configured endpoint S7ReadPlcDataBlockIntegrationEvent, Consumer: Plc.Presentation.Custom.ReadPlcEventConsumer<Plc.CustomEvents.S7ReadPlcDataBlockIntegrationEvent>
2025-08-18 10:09:35.358 +08:00 [INF] Configured endpoint S7WritePlcDataBlockIntegrationEvent, Consumer: Plc.Presentation.Custom.WritePlcEventConsumer<Plc.CustomEvents.S7WritePlcDataBlockIntegrationEvent>
2025-08-18 10:09:35.361 +08:00 [INF] Configured endpoint PlcMapEventCommit, Consumer: Plc.Presentation.Custom.PlcMapEventCommitConsumer
2025-08-18 10:09:35.410 +08:00 [INF] Configured endpoint WcsWritePlcTaskState, Saga: Wcs.Presentation.Saga.WcsWritePlcTaskState, State Machine: Wcs.Presentation.Saga.WcsWritePlcTaskSaga
2025-08-18 10:09:35.423 +08:00 [INF] Configured endpoint PlcMapState, Saga: Plc.Presentation.Saga.PlcMapState, State Machine: Plc.Presentation.Saga.PlcMapSaga
2025-08-18 10:09:35.749 +08:00 [DBG] Starting bus instances: IBus
2025-08-18 10:09:35.754 +08:00 [DBG] Starting bus: "loopback://localhost/"
2025-08-18 10:09:35.830 +08:00 [DBG] Endpoint Ready: "loopback://localhost/_WarehourceSource_bus_4njyyyrronegk3fkbdq759n8d8"
2025-08-18 10:09:35.830 +08:00 [DBG] Endpoint Ready: "loopback://localhost/S7WritePlcDataBlockIntegrationEvent"
2025-08-18 10:09:35.830 +08:00 [DBG] Endpoint Ready: "loopback://localhost/WcsWritePlcTaskState"
2025-08-18 10:09:35.830 +08:00 [DBG] Endpoint Ready: "loopback://localhost/PlcMapState"
2025-08-18 10:09:35.832 +08:00 [DBG] Endpoint Ready: "loopback://localhost/PlcMapDataIntegrationEvent"
2025-08-18 10:09:35.832 +08:00 [DBG] Endpoint Ready: "loopback://localhost/S7ReadPlcDataBlockIntegrationEvent"
2025-08-18 10:09:35.830 +08:00 [DBG] Endpoint Ready: "loopback://localhost/WcsWritePlcTaskData"
2025-08-18 10:09:35.832 +08:00 [DBG] Endpoint Ready: "loopback://localhost/PlcMapEventCommit"
2025-08-18 10:09:35.836 +08:00 [INF] Bus started: "loopback://localhost/"
2025-08-18 10:09:50.742 +08:00 [INF] Configured endpoint PlcMapDataIntegrationEvent, Consumer: Wcs.Presentation.Custom.PlcMapDataIntegrationEventConsumer
2025-08-18 10:09:50.779 +08:00 [INF] Configured endpoint WcsWritePlcTaskData, Consumer: Wcs.Presentation.Custom.WcsWritePlcTaskDataConsumer
2025-08-18 10:09:50.787 +08:00 [INF] Configured endpoint S7ReadPlcDataBlockIntegrationEvent, Consumer: Plc.Presentation.Custom.ReadPlcEventConsumer<Plc.CustomEvents.S7ReadPlcDataBlockIntegrationEvent>
2025-08-18 10:09:50.790 +08:00 [INF] Configured endpoint S7WritePlcDataBlockIntegrationEvent, Consumer: Plc.Presentation.Custom.WritePlcEventConsumer<Plc.CustomEvents.S7WritePlcDataBlockIntegrationEvent>
2025-08-18 10:09:50.792 +08:00 [INF] Configured endpoint PlcMapEventCommit, Consumer: Plc.Presentation.Custom.PlcMapEventCommitConsumer
2025-08-18 10:09:50.869 +08:00 [INF] Configured endpoint WcsWritePlcTaskState, Saga: Wcs.Presentation.Saga.WcsWritePlcTaskState, State Machine: Wcs.Presentation.Saga.WcsWritePlcTaskSaga
2025-08-18 10:09:50.884 +08:00 [INF] Configured endpoint PlcMapState, Saga: Plc.Presentation.Saga.PlcMapState, State Machine: Plc.Presentation.Saga.PlcMapSaga
2025-08-18 10:09:51.210 +08:00 [DBG] Starting bus instances: IBus
2025-08-18 10:09:51.216 +08:00 [DBG] Starting bus: "loopback://localhost/"
2025-08-18 10:09:51.263 +08:00 [DBG] Endpoint Ready: "loopback://localhost/PlcMapDataIntegrationEvent"
2025-08-18 10:09:51.263 +08:00 [DBG] Endpoint Ready: "loopback://localhost/WcsWritePlcTaskData"
2025-08-18 10:09:51.282 +08:00 [DBG] Endpoint Ready: "loopback://localhost/PlcMapEventCommit"
2025-08-18 10:09:51.293 +08:00 [DBG] Endpoint Ready: "loopback://localhost/_WarehourceSource_bus_61qoyyrronegmk9abdq759nofd"
2025-08-18 10:09:51.263 +08:00 [DBG] Endpoint Ready: "loopback://localhost/S7ReadPlcDataBlockIntegrationEvent"
2025-08-18 10:09:51.276 +08:00 [DBG] Endpoint Ready: "loopback://localhost/S7WritePlcDataBlockIntegrationEvent"
2025-08-18 10:09:51.284 +08:00 [DBG] Endpoint Ready: "loopback://localhost/WcsWritePlcTaskState"
2025-08-18 10:09:51.290 +08:00 [DBG] Endpoint Ready: "loopback://localhost/PlcMapState"
2025-08-18 10:09:51.305 +08:00 [INF] Bus started: "loopback://localhost/"
2025-08-18 10:12:06.833 +08:00 [INF] Configured endpoint PlcMapDataIntegrationEvent, Consumer: Wcs.Presentation.Custom.PlcMapDataIntegrationEventConsumer
2025-08-18 10:12:06.899 +08:00 [INF] Configured endpoint WcsWritePlcTaskData, Consumer: Wcs.Presentation.Custom.WcsWritePlcTaskDataConsumer
2025-08-18 10:12:06.903 +08:00 [INF] Configured endpoint S7ReadPlcDataBlockIntegrationEvent, Consumer: Plc.Presentation.Custom.ReadPlcEventConsumer<Plc.CustomEvents.S7ReadPlcDataBlockIntegrationEvent>
2025-08-18 10:12:06.906 +08:00 [INF] Configured endpoint S7WritePlcDataBlockIntegrationEvent, Consumer: Plc.Presentation.Custom.WritePlcEventConsumer<Plc.CustomEvents.S7WritePlcDataBlockIntegrationEvent>
2025-08-18 10:12:06.909 +08:00 [INF] Configured endpoint PlcMapEventCommit, Consumer: Plc.Presentation.Custom.PlcMapEventCommitConsumer
2025-08-18 10:12:07.003 +08:00 [INF] Configured endpoint WcsWritePlcTaskState, Saga: Wcs.Presentation.Saga.WcsWritePlcTaskState, State Machine: Wcs.Presentation.Saga.WcsWritePlcTaskSaga
2025-08-18 10:12:07.026 +08:00 [INF] Configured endpoint PlcMapState, Saga: Plc.Presentation.Saga.PlcMapState, State Machine: Plc.Presentation.Saga.PlcMapSaga
2025-08-18 10:12:07.284 +08:00 [DBG] Starting bus instances: IBus
2025-08-18 10:12:07.290 +08:00 [DBG] Starting bus: "loopback://localhost/"
2025-08-18 10:12:07.367 +08:00 [DBG] Endpoint Ready: "loopback://localhost/PlcMapDataIntegrationEvent"
2025-08-18 10:12:07.367 +08:00 [DBG] Endpoint Ready: "loopback://localhost/_WarehourceSource_bus_kb8yyyrronegkqgabdq759fbgb"
2025-08-18 10:12:07.367 +08:00 [DBG] Endpoint Ready: "loopback://localhost/S7WritePlcDataBlockIntegrationEvent"
2025-08-18 10:12:07.367 +08:00 [DBG] Endpoint Ready: "loopback://localhost/PlcMapState"
2025-08-18 10:12:07.367 +08:00 [DBG] Endpoint Ready: "loopback://localhost/PlcMapEventCommit"
2025-08-18 10:12:07.367 +08:00 [DBG] Endpoint Ready: "loopback://localhost/S7ReadPlcDataBlockIntegrationEvent"
2025-08-18 10:12:07.367 +08:00 [DBG] Endpoint Ready: "loopback://localhost/WcsWritePlcTaskData"
2025-08-18 10:12:07.367 +08:00 [DBG] Endpoint Ready: "loopback://localhost/WcsWritePlcTaskState"
2025-08-18 10:12:07.372 +08:00 [INF] Bus started: "loopback://localhost/"
2025-08-18 10:14:27.039 +08:00 [INF] Configured endpoint PlcMapDataIntegrationEvent, Consumer: Wcs.Presentation.Custom.PlcMapDataIntegrationEventConsumer
2025-08-18 10:14:27.078 +08:00 [INF] Configured endpoint WcsWritePlcTaskData, Consumer: Wcs.Presentation.Custom.WcsWritePlcTaskDataConsumer
2025-08-18 10:14:27.081 +08:00 [INF] Configured endpoint S7ReadPlcDataBlockIntegrationEvent, Consumer: Plc.Presentation.Custom.ReadPlcEventConsumer<Plc.CustomEvents.S7ReadPlcDataBlockIntegrationEvent>
2025-08-18 10:14:27.083 +08:00 [INF] Configured endpoint S7WritePlcDataBlockIntegrationEvent, Consumer: Plc.Presentation.Custom.WritePlcEventConsumer<Plc.CustomEvents.S7WritePlcDataBlockIntegrationEvent>
2025-08-18 10:14:27.085 +08:00 [INF] Configured endpoint PlcMapEventCommit, Consumer: Plc.Presentation.Custom.PlcMapEventCommitConsumer
2025-08-18 10:14:27.146 +08:00 [INF] Configured endpoint WcsWritePlcTaskState, Saga: Wcs.Presentation.Saga.WcsWritePlcTaskState, State Machine: Wcs.Presentation.Saga.WcsWritePlcTaskSaga
2025-08-18 10:14:27.158 +08:00 [INF] Configured endpoint PlcMapState, Saga: Plc.Presentation.Saga.PlcMapState, State Machine: Plc.Presentation.Saga.PlcMapSaga
2025-08-18 10:14:27.462 +08:00 [DBG] Starting bus instances: IBus
2025-08-18 10:14:27.467 +08:00 [DBG] Starting bus: "loopback://localhost/"
2025-08-18 10:14:27.551 +08:00 [DBG] Endpoint Ready: "loopback://localhost/PlcMapEventCommit"
2025-08-18 10:14:27.551 +08:00 [DBG] Endpoint Ready: "loopback://localhost/WcsWritePlcTaskState"
2025-08-18 10:14:27.551 +08:00 [DBG] Endpoint Ready: "loopback://localhost/PlcMapDataIntegrationEvent"
2025-08-18 10:14:27.551 +08:00 [DBG] Endpoint Ready: "loopback://localhost/S7ReadPlcDataBlockIntegrationEvent"
2025-08-18 10:14:27.551 +08:00 [DBG] Endpoint Ready: "loopback://localhost/PlcMapState"
2025-08-18 10:14:27.551 +08:00 [DBG] Endpoint Ready: "loopback://localhost/_WarehourceSource_bus_knioyyrronegmr5qbdq7598ink"
2025-08-18 10:14:27.551 +08:00 [DBG] Endpoint Ready: "loopback://localhost/S7WritePlcDataBlockIntegrationEvent"
2025-08-18 10:14:27.551 +08:00 [DBG] Endpoint Ready: "loopback://localhost/WcsWritePlcTaskData"
2025-08-18 10:14:27.555 +08:00 [INF] Bus started: "loopback://localhost/"
2025-08-18 02:14:51.194 +00:00 [INF] Configured endpoint PlcMapDataIntegrationEvent, Consumer: Wcs.Presentation.Custom.PlcMapDataIntegrationEventConsumer
2025-08-18 02:14:51.228 +00:00 [INF] Configured endpoint WcsWritePlcTaskData, Consumer: Wcs.Presentation.Custom.WcsWritePlcTaskDataConsumer
2025-08-18 02:14:51.230 +00:00 [INF] Configured endpoint S7ReadPlcDataBlockIntegrationEvent, Consumer: Plc.Presentation.Custom.ReadPlcEventConsumer<Plc.CustomEvents.S7ReadPlcDataBlockIntegrationEvent>
2025-08-18 02:14:51.232 +00:00 [INF] Configured endpoint S7WritePlcDataBlockIntegrationEvent, Consumer: Plc.Presentation.Custom.WritePlcEventConsumer<Plc.CustomEvents.S7WritePlcDataBlockIntegrationEvent>
2025-08-18 02:14:51.233 +00:00 [INF] Configured endpoint PlcMapEventCommit, Consumer: Plc.Presentation.Custom.PlcMapEventCommitConsumer
2025-08-18 02:14:51.277 +00:00 [INF] Configured endpoint WcsWritePlcTaskState, Saga: Wcs.Presentation.Saga.WcsWritePlcTaskState, State Machine: Wcs.Presentation.Saga.WcsWritePlcTaskSaga
2025-08-18 02:14:51.287 +00:00 [INF] Configured endpoint PlcMapState, Saga: Plc.Presentation.Saga.PlcMapState, State Machine: Plc.Presentation.Saga.PlcMapSaga
2025-08-18 02:14:51.384 +00:00 [DBG] Starting bus instances: IBus
2025-08-18 02:14:51.387 +00:00 [DBG] Starting bus: "loopback://localhost/"
2025-08-18 02:14:51.606 +00:00 [DBG] Endpoint Ready: "loopback://localhost/PlcMapEventCommit"
2025-08-18 02:14:51.607 +00:00 [DBG] Endpoint Ready: "loopback://localhost/PlcMapDataIntegrationEvent"
2025-08-18 02:14:51.607 +00:00 [DBG] Endpoint Ready: "loopback://localhost/PlcMapState"
2025-08-18 02:14:51.606 +00:00 [DBG] Endpoint Ready: "loopback://localhost/767983ed81e3_WarehourceSource_bus_jaboyyfcnrbrfuwybdq759edri"
2025-08-18 02:14:51.607 +00:00 [DBG] Endpoint Ready: "loopback://localhost/WcsWritePlcTaskData"
2025-08-18 02:14:51.607 +00:00 [DBG] Endpoint Ready: "loopback://localhost/S7WritePlcDataBlockIntegrationEvent"
2025-08-18 02:14:51.607 +00:00 [DBG] Endpoint Ready: "loopback://localhost/S7ReadPlcDataBlockIntegrationEvent"
2025-08-18 02:14:51.607 +00:00 [DBG] Endpoint Ready: "loopback://localhost/WcsWritePlcTaskState"
2025-08-18 02:14:51.609 +00:00 [INF] Bus started: "loopback://localhost/"
2025-08-18 02:15:23.366 +00:00 [INF] Configured endpoint PlcMapDataIntegrationEvent, Consumer: Wcs.Presentation.Custom.PlcMapDataIntegrationEventConsumer
2025-08-18 02:15:23.398 +00:00 [INF] Configured endpoint WcsWritePlcTaskData, Consumer: Wcs.Presentation.Custom.WcsWritePlcTaskDataConsumer
2025-08-18 02:15:23.400 +00:00 [INF] Configured endpoint S7ReadPlcDataBlockIntegrationEvent, Consumer: Plc.Presentation.Custom.ReadPlcEventConsumer<Plc.CustomEvents.S7ReadPlcDataBlockIntegrationEvent>
2025-08-18 02:15:23.401 +00:00 [INF] Configured endpoint S7WritePlcDataBlockIntegrationEvent, Consumer: Plc.Presentation.Custom.WritePlcEventConsumer<Plc.CustomEvents.S7WritePlcDataBlockIntegrationEvent>
2025-08-18 02:15:23.403 +00:00 [INF] Configured endpoint PlcMapEventCommit, Consumer: Plc.Presentation.Custom.PlcMapEventCommitConsumer
2025-08-18 02:15:23.446 +00:00 [INF] Configured endpoint WcsWritePlcTaskState, Saga: Wcs.Presentation.Saga.WcsWritePlcTaskState, State Machine: Wcs.Presentation.Saga.WcsWritePlcTaskSaga
2025-08-18 02:15:23.456 +00:00 [INF] Configured endpoint PlcMapState, Saga: Plc.Presentation.Saga.PlcMapState, State Machine: Plc.Presentation.Saga.PlcMapSaga
2025-08-18 02:15:23.546 +00:00 [DBG] Starting bus instances: IBus
2025-08-18 02:15:23.550 +00:00 [DBG] Starting bus: "loopback://localhost/"
2025-08-18 02:15:23.726 +00:00 [DBG] Endpoint Ready: "loopback://localhost/PlcMapState"
2025-08-18 02:15:23.726 +00:00 [DBG] Endpoint Ready: "loopback://localhost/PlcMapEventCommit"
2025-08-18 02:15:23.726 +00:00 [DBG] Endpoint Ready: "loopback://localhost/S7ReadPlcDataBlockIntegrationEvent"
2025-08-18 02:15:23.726 +00:00 [DBG] Endpoint Ready: "loopback://localhost/767983ed81e3_WarehourceSource_bus_4eboyyfcnrbrr61mbdq759esgn"
2025-08-18 02:15:23.726 +00:00 [DBG] Endpoint Ready: "loopback://localhost/S7WritePlcDataBlockIntegrationEvent"
2025-08-18 02:15:23.726 +00:00 [DBG] Endpoint Ready: "loopback://localhost/WcsWritePlcTaskState"
2025-08-18 02:15:23.726 +00:00 [DBG] Endpoint Ready: "loopback://localhost/PlcMapDataIntegrationEvent"
2025-08-18 02:15:23.726 +00:00 [DBG] Endpoint Ready: "loopback://localhost/WcsWritePlcTaskData"
2025-08-18 02:15:23.728 +00:00 [INF] Bus started: "loopback://localhost/"
