2025-08-05 10:44:54.265 +08:00 [INF] Configured endpoint WcsIntegrationEvent, Consumer: Wcs.Application.Custom.WcsCustomEventConsumer<Wcs.CustomEvents.WcsIntegrationEvent>
2025-08-05 10:44:54.316 +08:00 [INF] Configured endpoint S7ReadPlcDataBlockEvent, Consumer: Plc.Application.Custom.ReadPlcEventConsumer<Plc.CustomEvents.S7ReadPlcDataBlockEvent>
2025-08-05 10:44:54.322 +08:00 [INF] Configured endpoint S7WritePlcDataBlockEvent, Consumer: Plc.Application.Custom.WritePlcEventConsumer<Plc.CustomEvents.S7WritePlcDataBlockEvent>
2025-08-05 10:44:54.708 +08:00 [DBG] Starting bus instances: IBus
2025-08-05 10:44:54.715 +08:00 [DBG] Starting bus: "loopback://localhost/"
2025-08-05 10:44:54.798 +08:00 [DBG] Endpoint Ready: "loopback://localhost/S7ReadPlcDataBlockEvent"
2025-08-05 10:44:54.798 +08:00 [DBG] Endpoint Ready: "loopback://localhost/WcsIntegrationEvent"
2025-08-05 10:44:54.798 +08:00 [DBG] Endpoint Ready: "loopback://localhost/S7WritePlcDataBlockEvent"
2025-08-05 10:44:54.798 +08:00 [DBG] Endpoint Ready: "loopback://localhost/_WarehourceSource_bus_dn9yyyg93snebgy8bdq781oq89"
2025-08-05 10:44:54.800 +08:00 [INF] Bus started: "loopback://localhost/"
2025-08-05 10:45:50.583 +08:00 [INF] Configured endpoint WcsIntegrationEvent, Consumer: Wcs.Application.Custom.WcsCustomEventConsumer<Wcs.CustomEvents.WcsIntegrationEvent>
2025-08-05 10:45:50.614 +08:00 [INF] Configured endpoint S7ReadPlcDataBlockEvent, Consumer: Plc.Application.Custom.ReadPlcEventConsumer<Plc.CustomEvents.S7ReadPlcDataBlockEvent>
2025-08-05 10:45:50.616 +08:00 [INF] Configured endpoint S7WritePlcDataBlockEvent, Consumer: Plc.Application.Custom.WritePlcEventConsumer<Plc.CustomEvents.S7WritePlcDataBlockEvent>
2025-08-05 10:45:50.840 +08:00 [DBG] Starting bus instances: IBus
2025-08-05 10:45:50.844 +08:00 [DBG] Starting bus: "loopback://localhost/"
2025-08-05 10:45:50.915 +08:00 [DBG] Endpoint Ready: "loopback://localhost/WcsIntegrationEvent"
2025-08-05 10:45:50.915 +08:00 [DBG] Endpoint Ready: "loopback://localhost/S7WritePlcDataBlockEvent"
2025-08-05 10:45:50.915 +08:00 [DBG] Endpoint Ready: "loopback://localhost/S7ReadPlcDataBlockEvent"
2025-08-05 10:45:50.915 +08:00 [DBG] Endpoint Ready: "loopback://localhost/_WarehourceSource_bus_yonoyyg93sneybwzbdq781tore"
2025-08-05 10:45:50.917 +08:00 [INF] Bus started: "loopback://localhost/"
2025-08-05 10:46:30.572 +08:00 [INF] Configured endpoint WcsIntegrationEvent, Consumer: Wcs.Application.Custom.WcsCustomEventConsumer<Wcs.CustomEvents.WcsIntegrationEvent>
2025-08-05 10:46:30.603 +08:00 [INF] Configured endpoint S7ReadPlcDataBlockEvent, Consumer: Plc.Application.Custom.ReadPlcEventConsumer<Plc.CustomEvents.S7ReadPlcDataBlockEvent>
2025-08-05 10:46:30.607 +08:00 [INF] Configured endpoint S7WritePlcDataBlockEvent, Consumer: Plc.Application.Custom.WritePlcEventConsumer<Plc.CustomEvents.S7WritePlcDataBlockEvent>
2025-08-05 10:46:30.807 +08:00 [DBG] Starting bus instances: IBus
2025-08-05 10:46:30.814 +08:00 [DBG] Starting bus: "loopback://localhost/"
2025-08-05 10:46:30.899 +08:00 [DBG] Endpoint Ready: "loopback://localhost/S7WritePlcDataBlockEvent"
2025-08-05 10:46:30.899 +08:00 [DBG] Endpoint Ready: "loopback://localhost/WcsIntegrationEvent"
2025-08-05 10:46:30.899 +08:00 [DBG] Endpoint Ready: "loopback://localhost/S7ReadPlcDataBlockEvent"
2025-08-05 10:46:30.899 +08:00 [DBG] Endpoint Ready: "loopback://localhost/_WarehourceSource_bus_fnsoyyg93snebtydbdq7811enh"
2025-08-05 10:46:30.904 +08:00 [INF] Bus started: "loopback://localhost/"
2025-08-05 10:47:00.492 +08:00 [INF] Configured endpoint WcsIntegrationEvent, Consumer: Wcs.Application.Custom.WcsCustomEventConsumer<Wcs.CustomEvents.WcsIntegrationEvent>
2025-08-05 10:47:00.528 +08:00 [INF] Configured endpoint S7ReadPlcDataBlockEvent, Consumer: Plc.Application.Custom.ReadPlcEventConsumer<Plc.CustomEvents.S7ReadPlcDataBlockEvent>
2025-08-05 10:47:00.531 +08:00 [INF] Configured endpoint S7WritePlcDataBlockEvent, Consumer: Plc.Application.Custom.WritePlcEventConsumer<Plc.CustomEvents.S7WritePlcDataBlockEvent>
2025-08-05 10:47:00.758 +08:00 [DBG] Starting bus instances: IBus
2025-08-05 10:47:00.762 +08:00 [DBG] Starting bus: "loopback://localhost/"
2025-08-05 10:47:00.827 +08:00 [DBG] Endpoint Ready: "loopback://localhost/WcsIntegrationEvent"
2025-08-05 10:47:00.827 +08:00 [DBG] Endpoint Ready: "loopback://localhost/S7ReadPlcDataBlockEvent"
2025-08-05 10:47:00.827 +08:00 [DBG] Endpoint Ready: "loopback://localhost/_WarehourceSource_bus_ro5oyyg93sney5nsbdq78114bi"
2025-08-05 10:47:00.827 +08:00 [DBG] Endpoint Ready: "loopback://localhost/S7WritePlcDataBlockEvent"
2025-08-05 10:47:00.831 +08:00 [INF] Bus started: "loopback://localhost/"
2025-08-05 12:55:51.585 +08:00 [INF] Configured endpoint WcsIntegrationEvent, Consumer: Wcs.Application.Custom.WcsCustomEventConsumer<Wcs.CustomEvents.WcsIntegrationEvent>
2025-08-05 12:55:51.624 +08:00 [INF] Configured endpoint S7ReadPlcDataBlockEvent, Consumer: Plc.Application.Custom.ReadPlcEventConsumer<Plc.CustomEvents.S7ReadPlcDataBlockEvent>
2025-08-05 12:55:51.627 +08:00 [INF] Configured endpoint S7WritePlcDataBlockEvent, Consumer: Plc.Application.Custom.WritePlcEventConsumer<Plc.CustomEvents.S7WritePlcDataBlockEvent>
2025-08-05 12:55:51.904 +08:00 [DBG] Starting bus instances: IBus
2025-08-05 12:55:51.909 +08:00 [DBG] Starting bus: "loopback://localhost/"
2025-08-05 12:55:51.976 +08:00 [DBG] Endpoint Ready: "loopback://localhost/_WarehourceSource_bus_5yooyyg93sneyyozbdq78zn4nk"
2025-08-05 12:55:51.976 +08:00 [DBG] Endpoint Ready: "loopback://localhost/WcsIntegrationEvent"
2025-08-05 12:55:51.976 +08:00 [DBG] Endpoint Ready: "loopback://localhost/S7ReadPlcDataBlockEvent"
2025-08-05 12:55:51.976 +08:00 [DBG] Endpoint Ready: "loopback://localhost/S7WritePlcDataBlockEvent"
2025-08-05 12:55:51.979 +08:00 [INF] Bus started: "loopback://localhost/"
2025-08-05 13:22:31.973 +08:00 [INF] Configured endpoint WcsIntegrationEvent, Consumer: Wcs.Application.Custom.WcsCustomEventConsumer<Wcs.CustomEvents.WcsIntegrationEvent>
2025-08-05 13:22:32.013 +08:00 [INF] Configured endpoint S7ReadPlcDataBlockEvent, Consumer: Plc.Application.Custom.ReadPlcEventConsumer<Plc.CustomEvents.S7ReadPlcDataBlockEvent>
2025-08-05 13:22:32.016 +08:00 [INF] Configured endpoint S7WritePlcDataBlockEvent, Consumer: Plc.Application.Custom.WritePlcEventConsumer<Plc.CustomEvents.S7WritePlcDataBlockEvent>
2025-08-05 13:22:32.120 +08:00 [DBG] Starting bus instances: IBus
2025-08-05 13:22:32.124 +08:00 [DBG] Starting bus: "loopback://localhost/"
2025-08-05 13:22:32.158 +08:00 [DBG] Endpoint Ready: "loopback://localhost/WcsIntegrationEvent"
2025-08-05 13:22:32.158 +08:00 [DBG] Endpoint Ready: "loopback://localhost/_WarehourceSource_bus_aytyyyg93sney6fqbdq78aywbd"
2025-08-05 13:22:32.158 +08:00 [DBG] Endpoint Ready: "loopback://localhost/S7WritePlcDataBlockEvent"
2025-08-05 13:22:32.158 +08:00 [DBG] Endpoint Ready: "loopback://localhost/S7ReadPlcDataBlockEvent"
2025-08-05 13:22:32.162 +08:00 [INF] Bus started: "loopback://localhost/"
2025-08-05 13:22:46.868 +08:00 [INF] HTTP POST /wcstask/add-wcstask responded 401 in 2331.7594 ms
2025-08-05 13:22:58.475 +08:00 [INF] HTTP POST /wcstask/add-wcstask responded 401 in 3.0496 ms
2025-08-05 13:23:10.749 +08:00 [ERR] HTTP POST /user/add-adminrole responded 500 in 274.9834 ms
System.ArgumentNullException: Value cannot be null. (Parameter 'user')
   at Common.Domain.EF.IEntity.SetLastModification(String user) in D:\Program\仓库\Warehource.Modules\Common.Domain\EF\IEntity.cs:line 22
   at Common.Infrastructure.EF.LastModificationInterceptor.<>c__DisplayClass2_0.<SavingChangesAsync>b__1(EntityEntry`1 entry) in D:\Program\仓库\Warehource.Modules\Common.Infrastructure\EF\LastModificationInterceptor.cs:line 27
   at System.Collections.Generic.List`1.ForEach(Action`1 action)
   at Common.Infrastructure.EF.LastModificationInterceptor.SavingChangesAsync(DbContextEventData eventData, InterceptionResult`1 result, CancellationToken cancellationToken) in D:\Program\仓库\Warehource.Modules\Common.Infrastructure\EF\LastModificationInterceptor.cs:line 24
   at Microsoft.EntityFrameworkCore.Diagnostics.CoreLoggerExtensions.SaveChangesStartingAsync(IDiagnosticsLogger`1 diagnostics, DbContext context, CancellationToken cancellationToken)
   at Microsoft.EntityFrameworkCore.DbContext.SaveChangesAsync(Boolean acceptAllChangesOnSuccess, CancellationToken cancellationToken)
   at Common.Infrastructure.EF.BaseDbContext.SaveChangesAsync(Boolean acceptAllChangesOnSuccess, CancellationToken cancellationToken) in D:\Program\仓库\Warehource.Modules\Common.Infrastructure\EF\BaseDbContext.cs:line 26
   at Identity.Application.Handler.Add.Role.AddRoleEventHandler.Handle(AddRoleEvent request, CancellationToken cancellationToken) in D:\Program\仓库\Warehource.Modules\User.Application\Handler\Add\Role\AddRoleEventHandler.cs:line 24
   at Common.Application.MediatR.Behaviors.ValidationPipelineBehavior`2.Handle(TRequest request, RequestHandlerDelegate`1 next, CancellationToken cancellationToken) in D:\Program\仓库\Warehource.Modules\Common.Application\MediatR\Behaviors\ValidationPipelineBehavior.cs:line 20
   at Identity.Presentation.AddAdmin.AddAdminRole.<>c.<<MapEndpoint>b__0_0>d.MoveNext() in D:\Program\仓库\Warehource.Modules\User.Presentation\AddAdmin\AddAdminRole.cs:line 16
--- End of stack trace from previous location ---
   at Microsoft.AspNetCore.Http.RequestDelegateFactory.<ExecuteTaskOfT>g__ExecuteAwaited|133_0[T](Task`1 task, HttpContext httpContext, JsonTypeInfo`1 jsonTypeInfo)
   at Microsoft.AspNetCore.Authorization.AuthorizationMiddleware.Invoke(HttpContext context)
   at Microsoft.AspNetCore.Authentication.AuthenticationMiddleware.Invoke(HttpContext context)
   at Microsoft.AspNetCore.Diagnostics.ExceptionHandlerMiddlewareImpl.<Invoke>g__Awaited|10_0(ExceptionHandlerMiddlewareImpl middleware, HttpContext context, Task task)
   at Microsoft.AspNetCore.Diagnostics.ExceptionHandlerMiddlewareImpl.HandleException(HttpContext context, ExceptionDispatchInfo edi)
   at Microsoft.AspNetCore.Diagnostics.ExceptionHandlerMiddlewareImpl.<Invoke>g__Awaited|10_0(ExceptionHandlerMiddlewareImpl middleware, HttpContext context, Task task)
   at Serilog.AspNetCore.RequestLoggingMiddleware.Invoke(HttpContext httpContext)
2025-08-05 13:24:10.319 +08:00 [DBG] Stopping bus instances: IBus
2025-08-05 13:24:10.330 +08:00 [DBG] Stopping bus: "loopback://localhost/"
2025-08-05 13:24:10.350 +08:00 [DBG] Endpoint Stopping: "loopback://localhost/WcsIntegrationEvent"
2025-08-05 13:24:10.354 +08:00 [DBG] Consumer Stopping: "loopback://localhost/WcsIntegrationEvent" (Stop Receive Transport)
2025-08-05 13:24:10.368 +08:00 [DBG] Endpoint Completed: "loopback://localhost/WcsIntegrationEvent"
2025-08-05 13:24:10.383 +08:00 [DBG] Consumer Completed: "loopback://localhost/WcsIntegrationEvent": 0 received, 0 concurrent
2025-08-05 13:24:10.387 +08:00 [DBG] Endpoint Stopping: "loopback://localhost/S7ReadPlcDataBlockEvent"
2025-08-05 13:24:10.388 +08:00 [DBG] Consumer Stopping: "loopback://localhost/S7ReadPlcDataBlockEvent" (Stop Receive Transport)
2025-08-05 13:24:10.389 +08:00 [DBG] Endpoint Completed: "loopback://localhost/S7ReadPlcDataBlockEvent"
2025-08-05 13:24:10.390 +08:00 [DBG] Consumer Completed: "loopback://localhost/S7ReadPlcDataBlockEvent": 0 received, 0 concurrent
2025-08-05 13:24:10.392 +08:00 [DBG] Endpoint Stopping: "loopback://localhost/S7WritePlcDataBlockEvent"
2025-08-05 13:24:10.393 +08:00 [DBG] Consumer Stopping: "loopback://localhost/S7WritePlcDataBlockEvent" (Stop Receive Transport)
2025-08-05 13:24:10.394 +08:00 [DBG] Endpoint Completed: "loopback://localhost/S7WritePlcDataBlockEvent"
2025-08-05 13:24:10.395 +08:00 [DBG] Consumer Completed: "loopback://localhost/S7WritePlcDataBlockEvent": 0 received, 0 concurrent
2025-08-05 13:24:10.398 +08:00 [DBG] Endpoint Stopping: "loopback://localhost/_WarehourceSource_bus_aytyyyg93sney6fqbdq78aywbd"
2025-08-05 13:24:10.399 +08:00 [DBG] Consumer Stopping: "loopback://localhost/_WarehourceSource_bus_aytyyyg93sney6fqbdq78aywbd" (Stop Receive Transport)
2025-08-05 13:24:10.400 +08:00 [DBG] Endpoint Completed: "loopback://localhost/_WarehourceSource_bus_aytyyyg93sney6fqbdq78aywbd"
2025-08-05 13:24:10.401 +08:00 [DBG] Consumer Completed: "loopback://localhost/_WarehourceSource_bus_aytyyyg93sney6fqbdq78aywbd": 0 received, 0 concurrent
2025-08-05 13:24:10.423 +08:00 [INF] Bus stopped: "loopback://localhost/"
2025-08-05 13:24:44.217 +08:00 [INF] Configured endpoint WcsIntegrationEvent, Consumer: Wcs.Application.Custom.WcsCustomEventConsumer<Wcs.CustomEvents.WcsIntegrationEvent>
2025-08-05 13:24:44.261 +08:00 [INF] Configured endpoint S7ReadPlcDataBlockEvent, Consumer: Plc.Application.Custom.ReadPlcEventConsumer<Plc.CustomEvents.S7ReadPlcDataBlockEvent>
2025-08-05 13:24:44.265 +08:00 [INF] Configured endpoint S7WritePlcDataBlockEvent, Consumer: Plc.Application.Custom.WritePlcEventConsumer<Plc.CustomEvents.S7WritePlcDataBlockEvent>
2025-08-05 13:24:44.551 +08:00 [DBG] Starting bus instances: IBus
2025-08-05 13:24:44.556 +08:00 [DBG] Starting bus: "loopback://localhost/"
2025-08-05 13:24:44.634 +08:00 [DBG] Endpoint Ready: "loopback://localhost/_WarehourceSource_bus_wouoyyg93sneyeqpbdq78addyf"
2025-08-05 13:24:44.634 +08:00 [DBG] Endpoint Ready: "loopback://localhost/S7WritePlcDataBlockEvent"
2025-08-05 13:24:44.634 +08:00 [DBG] Endpoint Ready: "loopback://localhost/WcsIntegrationEvent"
2025-08-05 13:24:44.634 +08:00 [DBG] Endpoint Ready: "loopback://localhost/S7ReadPlcDataBlockEvent"
2025-08-05 13:24:44.636 +08:00 [INF] Bus started: "loopback://localhost/"
2025-08-05 13:25:57.601 +08:00 [INF] Configured endpoint WcsIntegrationEvent, Consumer: Wcs.Application.Custom.WcsCustomEventConsumer<Wcs.CustomEvents.WcsIntegrationEvent>
2025-08-05 13:25:57.649 +08:00 [INF] Configured endpoint S7ReadPlcDataBlockEvent, Consumer: Plc.Application.Custom.ReadPlcEventConsumer<Plc.CustomEvents.S7ReadPlcDataBlockEvent>
2025-08-05 13:25:57.652 +08:00 [INF] Configured endpoint S7WritePlcDataBlockEvent, Consumer: Plc.Application.Custom.WritePlcEventConsumer<Plc.CustomEvents.S7WritePlcDataBlockEvent>
2025-08-05 13:25:57.843 +08:00 [DBG] Starting bus instances: IBus
2025-08-05 13:25:57.846 +08:00 [DBG] Starting bus: "loopback://localhost/"
2025-08-05 13:25:57.892 +08:00 [DBG] Endpoint Ready: "loopback://localhost/_WarehourceSource_bus_qy1yyyg93sneb4xpbdq78arqgb"
2025-08-05 13:25:57.892 +08:00 [DBG] Endpoint Ready: "loopback://localhost/WcsIntegrationEvent"
2025-08-05 13:25:57.892 +08:00 [DBG] Endpoint Ready: "loopback://localhost/S7ReadPlcDataBlockEvent"
2025-08-05 13:25:57.892 +08:00 [DBG] Endpoint Ready: "loopback://localhost/S7WritePlcDataBlockEvent"
2025-08-05 13:25:57.906 +08:00 [INF] Bus started: "loopback://localhost/"
2025-08-05 13:26:09.659 +08:00 [INF] HTTP POST /user/add-adminrole responded 200 in 7179.6509 ms
2025-08-05 13:26:15.823 +08:00 [INF] HTTP POST /user/add-adminuser responded 200 in 429.3353 ms
2025-08-05 13:26:32.183 +08:00 [INF] HTTP POST /user/user-login responded 200 in 644.5813 ms
2025-08-05 13:26:53.963 +08:00 [INF] HTTP POST /wcstask/add-wcstask responded 200 in 773.7914 ms
2025-08-05 13:28:30.192 +08:00 [INF] Configured endpoint WcsIntegrationEvent, Consumer: Wcs.Application.Custom.WcsCustomEventConsumer<Wcs.CustomEvents.WcsIntegrationEvent>
2025-08-05 13:28:30.231 +08:00 [INF] Configured endpoint S7ReadPlcDataBlockEvent, Consumer: Plc.Application.Custom.ReadPlcEventConsumer<Plc.CustomEvents.S7ReadPlcDataBlockEvent>
2025-08-05 13:28:30.234 +08:00 [INF] Configured endpoint S7WritePlcDataBlockEvent, Consumer: Plc.Application.Custom.WritePlcEventConsumer<Plc.CustomEvents.S7WritePlcDataBlockEvent>
2025-08-05 13:28:30.475 +08:00 [DBG] Starting bus instances: IBus
2025-08-05 13:28:30.482 +08:00 [DBG] Starting bus: "loopback://localhost/"
2025-08-05 13:28:30.557 +08:00 [DBG] Endpoint Ready: "loopback://localhost/WcsIntegrationEvent"
2025-08-05 13:28:30.557 +08:00 [DBG] Endpoint Ready: "loopback://localhost/_WarehourceSource_bus_4t3yyyg93snebti4bdq78a8jfz"
2025-08-05 13:28:30.557 +08:00 [DBG] Endpoint Ready: "loopback://localhost/S7ReadPlcDataBlockEvent"
2025-08-05 13:28:30.557 +08:00 [DBG] Endpoint Ready: "loopback://localhost/S7WritePlcDataBlockEvent"
2025-08-05 13:28:30.562 +08:00 [INF] Bus started: "loopback://localhost/"
2025-08-05 13:35:36.389 +08:00 [INF] Configured endpoint WcsIntegrationEvent, Consumer: Wcs.Application.Custom.WcsCustomEventConsumer<Wcs.CustomEvents.WcsIntegrationEvent>
2025-08-05 13:35:36.429 +08:00 [INF] Configured endpoint S7ReadPlcDataBlockEvent, Consumer: Plc.Application.Custom.ReadPlcEventConsumer<Plc.CustomEvents.S7ReadPlcDataBlockEvent>
2025-08-05 13:35:36.432 +08:00 [INF] Configured endpoint S7WritePlcDataBlockEvent, Consumer: Plc.Application.Custom.WritePlcEventConsumer<Plc.CustomEvents.S7WritePlcDataBlockEvent>
2025-08-05 13:35:36.657 +08:00 [DBG] Starting bus instances: IBus
2025-08-05 13:35:36.662 +08:00 [DBG] Starting bus: "loopback://localhost/"
2025-08-05 13:35:36.740 +08:00 [DBG] Endpoint Ready: "loopback://localhost/S7WritePlcDataBlockEvent"
2025-08-05 13:35:36.740 +08:00 [DBG] Endpoint Ready: "loopback://localhost/S7ReadPlcDataBlockEvent"
2025-08-05 13:35:36.740 +08:00 [DBG] Endpoint Ready: "loopback://localhost/WcsIntegrationEvent"
2025-08-05 13:35:36.740 +08:00 [DBG] Endpoint Ready: "loopback://localhost/_WarehourceSource_bus_zbiyyyg93snebkg6bdq78ax8f6"
2025-08-05 13:35:36.744 +08:00 [INF] Bus started: "loopback://localhost/"
2025-08-05 13:35:48.411 +08:00 [INF] HTTP GET /wcstask/get-wcstask/{serialNumber} responded 401 in 63.7240 ms
2025-08-05 13:36:23.718 +08:00 [INF] Configured endpoint WcsIntegrationEvent, Consumer: Wcs.Application.Custom.WcsCustomEventConsumer<Wcs.CustomEvents.WcsIntegrationEvent>
2025-08-05 13:36:23.758 +08:00 [INF] Configured endpoint S7ReadPlcDataBlockEvent, Consumer: Plc.Application.Custom.ReadPlcEventConsumer<Plc.CustomEvents.S7ReadPlcDataBlockEvent>
2025-08-05 13:36:23.762 +08:00 [INF] Configured endpoint S7WritePlcDataBlockEvent, Consumer: Plc.Application.Custom.WritePlcEventConsumer<Plc.CustomEvents.S7WritePlcDataBlockEvent>
2025-08-05 13:36:23.968 +08:00 [DBG] Starting bus instances: IBus
2025-08-05 13:36:23.973 +08:00 [DBG] Starting bus: "loopback://localhost/"
2025-08-05 13:36:24.035 +08:00 [DBG] Endpoint Ready: "loopback://localhost/WcsIntegrationEvent"
2025-08-05 13:36:24.035 +08:00 [DBG] Endpoint Ready: "loopback://localhost/_WarehourceSource_bus_9o8oyyg93sneyaqkbdq78aod8w"
2025-08-05 13:36:24.035 +08:00 [DBG] Endpoint Ready: "loopback://localhost/S7ReadPlcDataBlockEvent"
2025-08-05 13:36:24.035 +08:00 [DBG] Endpoint Ready: "loopback://localhost/S7WritePlcDataBlockEvent"
2025-08-05 13:36:24.038 +08:00 [INF] Bus started: "loopback://localhost/"
2025-08-05 13:36:33.072 +08:00 [INF] HTTP GET /wcstask/get-wcstask/{serialNumber} responded 200 in 655.8565 ms
2025-08-05 13:38:50.306 +08:00 [INF] Configured endpoint WcsIntegrationEvent, Consumer: Wcs.Application.Custom.WcsCustomEventConsumer<Wcs.CustomEvents.WcsIntegrationEvent>
2025-08-05 13:38:50.347 +08:00 [INF] Configured endpoint S7ReadPlcDataBlockEvent, Consumer: Plc.Application.Custom.ReadPlcEventConsumer<Plc.CustomEvents.S7ReadPlcDataBlockEvent>
2025-08-05 13:38:50.352 +08:00 [INF] Configured endpoint S7WritePlcDataBlockEvent, Consumer: Plc.Application.Custom.WritePlcEventConsumer<Plc.CustomEvents.S7WritePlcDataBlockEvent>
2025-08-05 13:38:50.566 +08:00 [DBG] Starting bus instances: IBus
2025-08-05 13:38:50.573 +08:00 [DBG] Starting bus: "loopback://localhost/"
2025-08-05 13:38:50.636 +08:00 [DBG] Endpoint Ready: "loopback://localhost/S7WritePlcDataBlockEvent"
2025-08-05 13:38:50.636 +08:00 [DBG] Endpoint Ready: "loopback://localhost/WcsIntegrationEvent"
2025-08-05 13:38:50.636 +08:00 [DBG] Endpoint Ready: "loopback://localhost/S7ReadPlcDataBlockEvent"
2025-08-05 13:38:50.636 +08:00 [DBG] Endpoint Ready: "loopback://localhost/_WarehourceSource_bus_ftayyyg93sneyxoubdq78a15nw"
2025-08-05 13:38:50.639 +08:00 [INF] Bus started: "loopback://localhost/"
2025-08-05 13:38:59.884 +08:00 [INF] HTTP GET /wcstask/get-wcstask/{serialNumber} responded 200 in 569.3325 ms
2025-08-05 13:39:42.031 +08:00 [INF] Configured endpoint WcsIntegrationEvent, Consumer: Wcs.Application.Custom.WcsCustomEventConsumer<Wcs.CustomEvents.WcsIntegrationEvent>
2025-08-05 13:39:42.101 +08:00 [INF] Configured endpoint S7ReadPlcDataBlockEvent, Consumer: Plc.Application.Custom.ReadPlcEventConsumer<Plc.CustomEvents.S7ReadPlcDataBlockEvent>
2025-08-05 13:39:42.135 +08:00 [INF] Configured endpoint S7WritePlcDataBlockEvent, Consumer: Plc.Application.Custom.WritePlcEventConsumer<Plc.CustomEvents.S7WritePlcDataBlockEvent>
2025-08-05 13:39:42.394 +08:00 [DBG] Starting bus instances: IBus
2025-08-05 13:39:42.406 +08:00 [DBG] Starting bus: "loopback://localhost/"
2025-08-05 13:39:42.468 +08:00 [DBG] Endpoint Ready: "loopback://localhost/S7ReadPlcDataBlockEvent"
2025-08-05 13:39:42.468 +08:00 [DBG] Endpoint Ready: "loopback://localhost/S7WritePlcDataBlockEvent"
2025-08-05 13:39:42.468 +08:00 [DBG] Endpoint Ready: "loopback://localhost/WcsIntegrationEvent"
2025-08-05 13:39:42.468 +08:00 [DBG] Endpoint Ready: "loopback://localhost/_WarehourceSource_bus_3ogoyyg93sneb1tobdq78au4b3"
2025-08-05 13:39:42.471 +08:00 [INF] Bus started: "loopback://localhost/"
2025-08-05 13:40:53.912 +08:00 [INF] Configured endpoint WcsIntegrationEvent, Consumer: Wcs.Application.Custom.WcsCustomEventConsumer<Wcs.CustomEvents.WcsIntegrationEvent>
2025-08-05 13:40:53.950 +08:00 [INF] Configured endpoint S7ReadPlcDataBlockEvent, Consumer: Plc.Application.Custom.ReadPlcEventConsumer<Plc.CustomEvents.S7ReadPlcDataBlockEvent>
2025-08-05 13:40:53.955 +08:00 [INF] Configured endpoint S7WritePlcDataBlockEvent, Consumer: Plc.Application.Custom.WritePlcEventConsumer<Plc.CustomEvents.S7WritePlcDataBlockEvent>
2025-08-05 13:40:54.213 +08:00 [DBG] Starting bus instances: IBus
2025-08-05 13:40:54.218 +08:00 [DBG] Starting bus: "loopback://localhost/"
2025-08-05 13:40:54.289 +08:00 [DBG] Endpoint Ready: "loopback://localhost/S7WritePlcDataBlockEvent"
2025-08-05 13:40:54.289 +08:00 [DBG] Endpoint Ready: "loopback://localhost/_WarehourceSource_bus_qbnoyyg93sneb8sabdq78aifyr"
2025-08-05 13:40:54.289 +08:00 [DBG] Endpoint Ready: "loopback://localhost/WcsIntegrationEvent"
2025-08-05 13:40:54.289 +08:00 [DBG] Endpoint Ready: "loopback://localhost/S7ReadPlcDataBlockEvent"
2025-08-05 13:40:54.294 +08:00 [INF] Bus started: "loopback://localhost/"
2025-08-05 13:41:05.726 +08:00 [INF] HTTP GET /wcstask/get-wcstask/{serialNumber} responded 200 in 3461.0105 ms
2025-08-05 14:08:51.861 +08:00 [INF] Configured endpoint WcsIntegrationEvent, Consumer: Wcs.Application.Custom.WcsCustomEventConsumer<Wcs.CustomEvents.WcsIntegrationEvent>
2025-08-05 14:08:51.898 +08:00 [INF] Configured endpoint S7ReadPlcDataBlockEvent, Consumer: Plc.Application.Custom.ReadPlcEventConsumer<Plc.CustomEvents.S7ReadPlcDataBlockEvent>
2025-08-05 14:08:51.903 +08:00 [INF] Configured endpoint S7WritePlcDataBlockEvent, Consumer: Plc.Application.Custom.WritePlcEventConsumer<Plc.CustomEvents.S7WritePlcDataBlockEvent>
2025-08-05 14:08:52.111 +08:00 [DBG] Starting bus instances: IBus
2025-08-05 14:08:52.121 +08:00 [DBG] Starting bus: "loopback://localhost/"
2025-08-05 14:08:52.179 +08:00 [DBG] Endpoint Ready: "loopback://localhost/S7WritePlcDataBlockEvent"
2025-08-05 14:08:52.179 +08:00 [DBG] Endpoint Ready: "loopback://localhost/S7ReadPlcDataBlockEvent"
2025-08-05 14:08:52.179 +08:00 [DBG] Endpoint Ready: "loopback://localhost/_WarehourceSource_bus_xotyyyg93sney6enbdq783wpbn"
2025-08-05 14:08:52.179 +08:00 [DBG] Endpoint Ready: "loopback://localhost/WcsIntegrationEvent"
2025-08-05 14:08:52.184 +08:00 [INF] Bus started: "loopback://localhost/"
2025-08-05 14:10:18.275 +08:00 [INF] Configured endpoint WcsIntegrationEvent, Consumer: Wcs.Application.Custom.WcsCustomEventConsumer<Wcs.CustomEvents.WcsIntegrationEvent>
2025-08-05 14:10:18.314 +08:00 [INF] Configured endpoint S7ReadPlcDataBlockEvent, Consumer: Plc.Application.Custom.ReadPlcEventConsumer<Plc.CustomEvents.S7ReadPlcDataBlockEvent>
2025-08-05 14:10:18.317 +08:00 [INF] Configured endpoint S7WritePlcDataBlockEvent, Consumer: Plc.Application.Custom.WritePlcEventConsumer<Plc.CustomEvents.S7WritePlcDataBlockEvent>
2025-08-05 14:10:18.502 +08:00 [DBG] Starting bus instances: IBus
2025-08-05 14:10:18.507 +08:00 [DBG] Starting bus: "loopback://localhost/"
2025-08-05 14:10:18.559 +08:00 [DBG] Endpoint Ready: "loopback://localhost/S7ReadPlcDataBlockEvent"
2025-08-05 14:10:18.559 +08:00 [DBG] Endpoint Ready: "loopback://localhost/WcsIntegrationEvent"
2025-08-05 14:10:18.559 +08:00 [DBG] Endpoint Ready: "loopback://localhost/_WarehourceSource_bus_zt7yyyg93sneb5jtbdq783syfn"
2025-08-05 14:10:18.559 +08:00 [DBG] Endpoint Ready: "loopback://localhost/S7WritePlcDataBlockEvent"
2025-08-05 14:10:18.562 +08:00 [INF] Bus started: "loopback://localhost/"
2025-08-05 14:11:34.372 +08:00 [INF] Configured endpoint WcsIntegrationEvent, Consumer: Wcs.Application.Custom.WcsCustomEventConsumer<Wcs.CustomEvents.WcsIntegrationEvent>
2025-08-05 14:11:34.425 +08:00 [INF] Configured endpoint S7ReadPlcDataBlockEvent, Consumer: Plc.Application.Custom.ReadPlcEventConsumer<Plc.CustomEvents.S7ReadPlcDataBlockEvent>
2025-08-05 14:11:34.429 +08:00 [INF] Configured endpoint S7WritePlcDataBlockEvent, Consumer: Plc.Application.Custom.WritePlcEventConsumer<Plc.CustomEvents.S7WritePlcDataBlockEvent>
2025-08-05 14:11:34.667 +08:00 [DBG] Starting bus instances: IBus
2025-08-05 14:11:34.674 +08:00 [DBG] Starting bus: "loopback://localhost/"
2025-08-05 14:11:34.774 +08:00 [DBG] Endpoint Ready: "loopback://localhost/S7WritePlcDataBlockEvent"
2025-08-05 14:11:34.774 +08:00 [DBG] Endpoint Ready: "loopback://localhost/WcsIntegrationEvent"
2025-08-05 14:11:34.774 +08:00 [DBG] Endpoint Ready: "loopback://localhost/S7ReadPlcDataBlockEvent"
2025-08-05 14:11:34.774 +08:00 [DBG] Endpoint Ready: "loopback://localhost/_WarehourceSource_bus_obnyyyg93snebdwpbdq783zqyf"
2025-08-05 14:11:34.778 +08:00 [INF] Bus started: "loopback://localhost/"
2025-08-05 14:12:37.677 +08:00 [INF] HTTP POST /wcstask/add-or-update-wcstask responded 200 in 36232.8435 ms
2025-08-05 15:11:34.887 +08:00 [INF] Configured endpoint WcsIntegrationEvent, Consumer: Wcs.Application.Custom.WcsCustomEventConsumer<Wcs.CustomEvents.WcsIntegrationEvent>
2025-08-05 15:11:35.161 +08:00 [INF] Configured endpoint S7ReadPlcDataBlockEvent, Consumer: Plc.Application.Custom.ReadPlcEventConsumer<Plc.CustomEvents.S7ReadPlcDataBlockEvent>
2025-08-05 15:11:35.173 +08:00 [INF] Configured endpoint S7WritePlcDataBlockEvent, Consumer: Plc.Application.Custom.WritePlcEventConsumer<Plc.CustomEvents.S7WritePlcDataBlockEvent>
2025-08-05 15:11:36.270 +08:00 [DBG] Starting bus instances: IBus
2025-08-05 15:11:36.292 +08:00 [DBG] Starting bus: "loopback://localhost/"
2025-08-05 15:11:36.576 +08:00 [DBG] Endpoint Ready: "loopback://localhost/WcsIntegrationEvent"
2025-08-05 15:11:36.576 +08:00 [DBG] Endpoint Ready: "loopback://localhost/S7ReadPlcDataBlockEvent"
2025-08-05 15:11:36.576 +08:00 [DBG] Endpoint Ready: "loopback://localhost/S7WritePlcDataBlockEvent"
2025-08-05 15:11:36.576 +08:00 [DBG] Endpoint Ready: "loopback://localhost/_WarehourceSource_bus_bbjoyyg93snebzn4bdq7854ort"
2025-08-05 15:11:36.599 +08:00 [INF] Bus started: "loopback://localhost/"
2025-08-05 16:10:27.999 +08:00 [INF] Configured endpoint WcsIntegrationEvent, Consumer: Wcs.Application.Custom.WcsCustomEventConsumer<Wcs.CustomEvents.WcsIntegrationEvent>
2025-08-05 16:10:28.038 +08:00 [INF] Configured endpoint S7ReadPlcDataBlockEvent, Consumer: Plc.Application.Custom.ReadPlcEventConsumer<Plc.CustomEvents.S7ReadPlcDataBlockEvent>
2025-08-05 16:10:28.042 +08:00 [INF] Configured endpoint S7WritePlcDataBlockEvent, Consumer: Plc.Application.Custom.WritePlcEventConsumer<Plc.CustomEvents.S7WritePlcDataBlockEvent>
2025-08-05 16:10:28.294 +08:00 [DBG] Starting bus instances: IBus
2025-08-05 16:10:28.301 +08:00 [DBG] Starting bus: "loopback://localhost/"
2025-08-05 16:10:28.386 +08:00 [DBG] Endpoint Ready: "loopback://localhost/S7WritePlcDataBlockEvent"
2025-08-05 16:10:28.386 +08:00 [DBG] Endpoint Ready: "loopback://localhost/WcsIntegrationEvent"
2025-08-05 16:10:28.386 +08:00 [DBG] Endpoint Ready: "loopback://localhost/S7ReadPlcDataBlockEvent"
2025-08-05 16:10:28.386 +08:00 [DBG] Endpoint Ready: "loopback://localhost/_WarehourceSource_bus_jt4yyyg93sneybhybdq787hj86"
2025-08-05 16:10:28.391 +08:00 [INF] Bus started: "loopback://localhost/"
2025-08-05 16:11:10.493 +08:00 [INF] Configured endpoint WcsIntegrationEvent, Consumer: Wcs.Application.Custom.WcsCustomEventConsumer<Wcs.CustomEvents.WcsIntegrationEvent>
2025-08-05 16:11:10.528 +08:00 [INF] Configured endpoint S7ReadPlcDataBlockEvent, Consumer: Plc.Application.Custom.ReadPlcEventConsumer<Plc.CustomEvents.S7ReadPlcDataBlockEvent>
2025-08-05 16:11:10.531 +08:00 [INF] Configured endpoint S7WritePlcDataBlockEvent, Consumer: Plc.Application.Custom.WritePlcEventConsumer<Plc.CustomEvents.S7WritePlcDataBlockEvent>
2025-08-05 16:11:10.780 +08:00 [DBG] Starting bus instances: IBus
2025-08-05 16:11:10.800 +08:00 [DBG] Starting bus: "loopback://localhost/"
2025-08-05 16:11:10.871 +08:00 [DBG] Endpoint Ready: "loopback://localhost/_WarehourceSource_bus_bocyyyg93snebiiibdq7877dnx"
2025-08-05 16:11:10.871 +08:00 [DBG] Endpoint Ready: "loopback://localhost/WcsIntegrationEvent"
2025-08-05 16:11:10.871 +08:00 [DBG] Endpoint Ready: "loopback://localhost/S7ReadPlcDataBlockEvent"
2025-08-05 16:11:10.871 +08:00 [DBG] Endpoint Ready: "loopback://localhost/S7WritePlcDataBlockEvent"
2025-08-05 16:11:10.874 +08:00 [INF] Bus started: "loopback://localhost/"
2025-08-05 16:11:49.354 +08:00 [INF] Configured endpoint WcsIntegrationEvent, Consumer: Wcs.Application.Custom.WcsCustomEventConsumer<Wcs.CustomEvents.WcsIntegrationEvent>
2025-08-05 16:11:49.405 +08:00 [INF] Configured endpoint S7ReadPlcDataBlockEvent, Consumer: Plc.Application.Custom.ReadPlcEventConsumer<Plc.CustomEvents.S7ReadPlcDataBlockEvent>
2025-08-05 16:11:49.408 +08:00 [INF] Configured endpoint S7WritePlcDataBlockEvent, Consumer: Plc.Application.Custom.WritePlcEventConsumer<Plc.CustomEvents.S7WritePlcDataBlockEvent>
2025-08-05 16:11:49.635 +08:00 [DBG] Starting bus instances: IBus
2025-08-05 16:11:49.641 +08:00 [DBG] Starting bus: "loopback://localhost/"
2025-08-05 16:11:49.721 +08:00 [DBG] Endpoint Ready: "loopback://localhost/WcsIntegrationEvent"
2025-08-05 16:11:49.721 +08:00 [DBG] Endpoint Ready: "loopback://localhost/S7ReadPlcDataBlockEvent"
2025-08-05 16:11:49.721 +08:00 [DBG] Endpoint Ready: "loopback://localhost/_WarehourceSource_bus_gbkyyyg93sneyt3ubdq78774d5"
2025-08-05 16:11:49.721 +08:00 [DBG] Endpoint Ready: "loopback://localhost/S7WritePlcDataBlockEvent"
2025-08-05 16:11:49.725 +08:00 [INF] Bus started: "loopback://localhost/"
2025-08-05 16:12:06.778 +08:00 [INF] HTTP POST /user/user-login responded 200 in 915.2329 ms
2025-08-05 16:12:34.957 +08:00 [INF] HTTP POST /wcstask/get-wcstask responded 200 in 778.5875 ms
2025-08-05 16:14:14.124 +08:00 [INF] Configured endpoint WcsIntegrationEvent, Consumer: Wcs.Application.Custom.WcsCustomEventConsumer<Wcs.CustomEvents.WcsIntegrationEvent>
2025-08-05 16:14:14.180 +08:00 [INF] Configured endpoint S7ReadPlcDataBlockEvent, Consumer: Plc.Application.Custom.ReadPlcEventConsumer<Plc.CustomEvents.S7ReadPlcDataBlockEvent>
2025-08-05 16:14:14.185 +08:00 [INF] Configured endpoint S7WritePlcDataBlockEvent, Consumer: Plc.Application.Custom.WritePlcEventConsumer<Plc.CustomEvents.S7WritePlcDataBlockEvent>
2025-08-05 16:14:14.451 +08:00 [DBG] Starting bus instances: IBus
2025-08-05 16:14:14.458 +08:00 [DBG] Starting bus: "loopback://localhost/"
2025-08-05 16:14:14.536 +08:00 [DBG] Endpoint Ready: "loopback://localhost/_WarehourceSource_bus_onnoyyg93sneyqudbdq786yogj"
2025-08-05 16:14:14.536 +08:00 [DBG] Endpoint Ready: "loopback://localhost/WcsIntegrationEvent"
2025-08-05 16:14:14.536 +08:00 [DBG] Endpoint Ready: "loopback://localhost/S7ReadPlcDataBlockEvent"
2025-08-05 16:14:14.536 +08:00 [DBG] Endpoint Ready: "loopback://localhost/S7WritePlcDataBlockEvent"
2025-08-05 16:14:14.540 +08:00 [INF] Bus started: "loopback://localhost/"
2025-08-05 16:14:24.323 +08:00 [ERR] HTTP POST /user/user-login responded 500 in 1569.8369 ms
2025-08-05 16:15:01.070 +08:00 [INF] Configured endpoint WcsIntegrationEvent, Consumer: Wcs.Application.Custom.WcsCustomEventConsumer<Wcs.CustomEvents.WcsIntegrationEvent>
2025-08-05 16:15:01.124 +08:00 [INF] Configured endpoint S7ReadPlcDataBlockEvent, Consumer: Plc.Application.Custom.ReadPlcEventConsumer<Plc.CustomEvents.S7ReadPlcDataBlockEvent>
2025-08-05 16:15:01.127 +08:00 [INF] Configured endpoint S7WritePlcDataBlockEvent, Consumer: Plc.Application.Custom.WritePlcEventConsumer<Plc.CustomEvents.S7WritePlcDataBlockEvent>
2025-08-05 16:15:01.392 +08:00 [DBG] Starting bus instances: IBus
2025-08-05 16:15:01.398 +08:00 [DBG] Starting bus: "loopback://localhost/"
2025-08-05 16:15:01.472 +08:00 [DBG] Endpoint Ready: "loopback://localhost/_WarehourceSource_bus_nofoyyg93sneb6ffbdq786bcgr"
2025-08-05 16:15:01.472 +08:00 [DBG] Endpoint Ready: "loopback://localhost/S7WritePlcDataBlockEvent"
2025-08-05 16:15:01.472 +08:00 [DBG] Endpoint Ready: "loopback://localhost/S7ReadPlcDataBlockEvent"
2025-08-05 16:15:01.472 +08:00 [DBG] Endpoint Ready: "loopback://localhost/WcsIntegrationEvent"
2025-08-05 16:15:01.476 +08:00 [INF] Bus started: "loopback://localhost/"
2025-08-05 16:15:48.518 +08:00 [INF] Configured endpoint WcsIntegrationEvent, Consumer: Wcs.Application.Custom.WcsCustomEventConsumer<Wcs.CustomEvents.WcsIntegrationEvent>
2025-08-05 16:15:48.569 +08:00 [INF] Configured endpoint S7ReadPlcDataBlockEvent, Consumer: Plc.Application.Custom.ReadPlcEventConsumer<Plc.CustomEvents.S7ReadPlcDataBlockEvent>
2025-08-05 16:15:48.573 +08:00 [INF] Configured endpoint S7WritePlcDataBlockEvent, Consumer: Plc.Application.Custom.WritePlcEventConsumer<Plc.CustomEvents.S7WritePlcDataBlockEvent>
2025-08-05 16:15:48.804 +08:00 [DBG] Starting bus instances: IBus
2025-08-05 16:15:48.813 +08:00 [DBG] Starting bus: "loopback://localhost/"
2025-08-05 16:15:48.871 +08:00 [DBG] Endpoint Ready: "loopback://localhost/WcsIntegrationEvent"
2025-08-05 16:15:48.871 +08:00 [DBG] Endpoint Ready: "loopback://localhost/S7ReadPlcDataBlockEvent"
2025-08-05 16:15:48.871 +08:00 [DBG] Endpoint Ready: "loopback://localhost/S7WritePlcDataBlockEvent"
2025-08-05 16:15:48.871 +08:00 [DBG] Endpoint Ready: "loopback://localhost/_WarehourceSource_bus_jt5oyyg93snebcwgbdq786njyk"
2025-08-05 16:15:48.877 +08:00 [INF] Bus started: "loopback://localhost/"
2025-08-05 16:16:17.619 +08:00 [ERR] HTTP POST /user/user-login responded 500 in 819.5158 ms
2025-08-05 16:16:49.385 +08:00 [INF] HTTP POST /user/user-login responded 200 in 74.1549 ms
2025-08-05 16:20:00.749 +08:00 [INF] Configured endpoint WcsIntegrationEvent, Consumer: Wcs.Application.Custom.WcsCustomEventConsumer<Wcs.CustomEvents.WcsIntegrationEvent>
2025-08-05 16:20:00.782 +08:00 [INF] Configured endpoint S7ReadPlcDataBlockEvent, Consumer: Plc.Application.Custom.ReadPlcEventConsumer<Plc.CustomEvents.S7ReadPlcDataBlockEvent>
2025-08-05 16:20:00.784 +08:00 [INF] Configured endpoint S7WritePlcDataBlockEvent, Consumer: Plc.Application.Custom.WritePlcEventConsumer<Plc.CustomEvents.S7WritePlcDataBlockEvent>
2025-08-05 16:20:00.980 +08:00 [DBG] Starting bus instances: IBus
2025-08-05 16:20:00.984 +08:00 [DBG] Starting bus: "loopback://localhost/"
2025-08-05 16:20:01.041 +08:00 [DBG] Endpoint Ready: "loopback://localhost/S7WritePlcDataBlockEvent"
2025-08-05 16:20:01.041 +08:00 [DBG] Endpoint Ready: "loopback://localhost/WcsIntegrationEvent"
2025-08-05 16:20:01.041 +08:00 [DBG] Endpoint Ready: "loopback://localhost/S7ReadPlcDataBlockEvent"
2025-08-05 16:20:01.041 +08:00 [DBG] Endpoint Ready: "loopback://localhost/_WarehourceSource_bus_jt3oyyg93snebzbfbdq786g9n4"
2025-08-05 16:20:01.048 +08:00 [INF] Bus started: "loopback://localhost/"
2025-08-05 16:21:47.427 +08:00 [INF] Configured endpoint WcsIntegrationEvent, Consumer: Wcs.Application.Custom.WcsCustomEventConsumer<Wcs.CustomEvents.WcsIntegrationEvent>
2025-08-05 16:21:47.472 +08:00 [INF] Configured endpoint S7ReadPlcDataBlockEvent, Consumer: Plc.Application.Custom.ReadPlcEventConsumer<Plc.CustomEvents.S7ReadPlcDataBlockEvent>
2025-08-05 16:21:47.479 +08:00 [INF] Configured endpoint S7WritePlcDataBlockEvent, Consumer: Plc.Application.Custom.WritePlcEventConsumer<Plc.CustomEvents.S7WritePlcDataBlockEvent>
2025-08-05 16:21:47.722 +08:00 [DBG] Starting bus instances: IBus
2025-08-05 16:21:47.728 +08:00 [DBG] Starting bus: "loopback://localhost/"
2025-08-05 16:21:47.815 +08:00 [DBG] Endpoint Ready: "loopback://localhost/S7ReadPlcDataBlockEvent"
2025-08-05 16:21:47.815 +08:00 [DBG] Endpoint Ready: "loopback://localhost/_WarehourceSource_bus_gb4oyyg93sneb453bdq786e68s"
2025-08-05 16:21:47.815 +08:00 [DBG] Endpoint Ready: "loopback://localhost/S7WritePlcDataBlockEvent"
2025-08-05 16:21:47.815 +08:00 [DBG] Endpoint Ready: "loopback://localhost/WcsIntegrationEvent"
2025-08-05 16:21:47.817 +08:00 [INF] Bus started: "loopback://localhost/"
2025-08-05 16:22:04.797 +08:00 [ERR] HTTP POST /user/user-login responded 500 in 862.5493 ms
2025-08-05 16:22:57.794 +08:00 [INF] Configured endpoint WcsIntegrationEvent, Consumer: Wcs.Application.Custom.WcsCustomEventConsumer<Wcs.CustomEvents.WcsIntegrationEvent>
2025-08-05 16:22:57.847 +08:00 [INF] Configured endpoint S7ReadPlcDataBlockEvent, Consumer: Plc.Application.Custom.ReadPlcEventConsumer<Plc.CustomEvents.S7ReadPlcDataBlockEvent>
2025-08-05 16:22:57.858 +08:00 [INF] Configured endpoint S7WritePlcDataBlockEvent, Consumer: Plc.Application.Custom.WritePlcEventConsumer<Plc.CustomEvents.S7WritePlcDataBlockEvent>
2025-08-05 16:22:58.104 +08:00 [DBG] Starting bus instances: IBus
2025-08-05 16:22:58.109 +08:00 [DBG] Starting bus: "loopback://localhost/"
2025-08-05 16:22:58.208 +08:00 [DBG] Endpoint Ready: "loopback://localhost/S7WritePlcDataBlockEvent"
2025-08-05 16:22:58.208 +08:00 [DBG] Endpoint Ready: "loopback://localhost/WcsIntegrationEvent"
2025-08-05 16:22:58.208 +08:00 [DBG] Endpoint Ready: "loopback://localhost/S7ReadPlcDataBlockEvent"
2025-08-05 16:22:58.208 +08:00 [DBG] Endpoint Ready: "loopback://localhost/_WarehourceSource_bus_st1yyyg93sneb8pfbdq786ke8k"
2025-08-05 16:22:58.212 +08:00 [INF] Bus started: "loopback://localhost/"
2025-08-05 16:23:07.240 +08:00 [ERR] HTTP POST /user/user-login responded 500 in 794.0611 ms
2025-08-05 16:38:07.399 +08:00 [INF] Configured endpoint WcsIntegrationEvent, Consumer: Wcs.Application.Custom.WcsCustomEventConsumer<Wcs.CustomEvents.WcsIntegrationEvent>
2025-08-05 16:38:07.449 +08:00 [INF] Configured endpoint S7ReadPlcDataBlockEvent, Consumer: Plc.Application.Custom.ReadPlcEventConsumer<Plc.CustomEvents.S7ReadPlcDataBlockEvent>
2025-08-05 16:38:07.452 +08:00 [INF] Configured endpoint S7WritePlcDataBlockEvent, Consumer: Plc.Application.Custom.WritePlcEventConsumer<Plc.CustomEvents.S7WritePlcDataBlockEvent>
2025-08-05 16:38:07.697 +08:00 [DBG] Starting bus instances: IBus
2025-08-05 16:38:07.702 +08:00 [DBG] Starting bus: "loopback://localhost/"
2025-08-05 16:38:07.769 +08:00 [DBG] Endpoint Ready: "loopback://localhost/S7WritePlcDataBlockEvent"
2025-08-05 16:38:07.769 +08:00 [DBG] Endpoint Ready: "loopback://localhost/WcsIntegrationEvent"
2025-08-05 16:38:07.769 +08:00 [DBG] Endpoint Ready: "loopback://localhost/_WarehourceSource_bus_ntjoyyg93sneyhn6bdq78658y1"
2025-08-05 16:38:07.769 +08:00 [DBG] Endpoint Ready: "loopback://localhost/S7ReadPlcDataBlockEvent"
2025-08-05 16:38:07.774 +08:00 [INF] Bus started: "loopback://localhost/"
2025-08-05 16:38:55.277 +08:00 [INF] Configured endpoint WcsIntegrationEvent, Consumer: Wcs.Application.Custom.WcsCustomEventConsumer<Wcs.CustomEvents.WcsIntegrationEvent>
2025-08-05 16:38:55.324 +08:00 [INF] Configured endpoint S7ReadPlcDataBlockEvent, Consumer: Plc.Application.Custom.ReadPlcEventConsumer<Plc.CustomEvents.S7ReadPlcDataBlockEvent>
2025-08-05 16:38:55.327 +08:00 [INF] Configured endpoint S7WritePlcDataBlockEvent, Consumer: Plc.Application.Custom.WritePlcEventConsumer<Plc.CustomEvents.S7WritePlcDataBlockEvent>
2025-08-05 16:38:55.568 +08:00 [DBG] Starting bus instances: IBus
2025-08-05 16:38:55.573 +08:00 [DBG] Starting bus: "loopback://localhost/"
2025-08-05 16:38:55.648 +08:00 [DBG] Endpoint Ready: "loopback://localhost/WcsIntegrationEvent"
2025-08-05 16:38:55.648 +08:00 [DBG] Endpoint Ready: "loopback://localhost/_WarehourceSource_bus_qnyoyyg93sneb79ebdq786hdr4"
2025-08-05 16:38:55.648 +08:00 [DBG] Endpoint Ready: "loopback://localhost/S7WritePlcDataBlockEvent"
2025-08-05 16:38:55.648 +08:00 [DBG] Endpoint Ready: "loopback://localhost/S7ReadPlcDataBlockEvent"
2025-08-05 16:38:55.654 +08:00 [INF] Bus started: "loopback://localhost/"
