2025-08-12 09:35:27.708 +08:00 [INF] Configured endpoint WcsIntegrationEvent, Consumer: Wcs.Presentation.Custom.WcsCustomEventConsumer<Wcs.CustomEvents.WcsIntegrationEvent>
2025-08-12 09:35:27.766 +08:00 [INF] Configured endpoint PlcMapDataIntegrationEvent, Consumer: Wcs.Presentation.Custom.PlcMapDataIntegrationEventConsumer
2025-08-12 09:35:27.773 +08:00 [INF] Configured endpoint S7ReadPlcDataBlockEvent, Consumer: Plc.Presentation.Custom.ReadPlcEventConsumer<Plc.CustomEvents.S7ReadPlcDataBlockEvent>
2025-08-12 09:35:27.775 +08:00 [INF] Configured endpoint S7WritePlcDataBlockEvent, Consumer: Plc.Presentation.Custom.WritePlcEventConsumer<Plc.CustomEvents.S7WritePlcDataBlockEvent>
2025-08-12 09:35:27.778 +08:00 [INF] Configured endpoint PlcMapEventCommit, Consumer: Plc.Presentation.Custom.PlcMapEventCommitConsumer
2025-08-12 09:35:27.850 +08:00 [INF] Configured endpoint PlcMapState, Saga: Plc.Presentation.Saga.PlcMapState, State Machine: Plc.Presentation.Saga.PlcMapSaga
2025-08-12 09:35:28.188 +08:00 [DBG] Starting bus instances: IBus
2025-08-12 09:35:28.194 +08:00 [DBG] Starting bus: "loopback://localhost/"
2025-08-12 09:35:28.260 +08:00 [DBG] Endpoint Ready: "loopback://localhost/S7ReadPlcDataBlockEvent"
2025-08-12 09:35:28.260 +08:00 [DBG] Endpoint Ready: "loopback://localhost/PlcMapDataIntegrationEvent"
2025-08-12 09:35:28.260 +08:00 [DBG] Endpoint Ready: "loopback://localhost/WcsIntegrationEvent"
2025-08-12 09:35:28.279 +08:00 [INF] Bus started: "loopback://localhost/"
2025-08-12 09:35:28.260 +08:00 [DBG] Endpoint Ready: "loopback://localhost/PlcMapEventCommit"
2025-08-12 09:35:28.260 +08:00 [DBG] Endpoint Ready: "loopback://localhost/S7WritePlcDataBlockEvent"
2025-08-12 09:35:28.266 +08:00 [DBG] Endpoint Ready: "loopback://localhost/PlcMapState"
2025-08-12 09:35:28.260 +08:00 [DBG] Endpoint Ready: "loopback://localhost/_WarehourceSource_bus_b11yyyrronegkrf1bdq71orrdw"
2025-08-12 13:12:32.846 +08:00 [INF] Configured endpoint WcsIntegrationEvent, Consumer: Wcs.Presentation.Custom.WcsCustomEventConsumer<Wcs.CustomEvents.WcsIntegrationEvent>
2025-08-12 13:12:32.902 +08:00 [INF] Configured endpoint PlcMapDataIntegrationEvent, Consumer: Wcs.Presentation.Custom.PlcMapDataIntegrationEventConsumer
2025-08-12 13:12:32.904 +08:00 [INF] Configured endpoint S7ReadPlcDataBlockEvent, Consumer: Plc.Presentation.Custom.ReadPlcEventConsumer<Plc.CustomEvents.S7ReadPlcDataBlockEvent>
2025-08-12 13:12:32.906 +08:00 [INF] Configured endpoint S7WritePlcDataBlockEvent, Consumer: Plc.Presentation.Custom.WritePlcEventConsumer<Plc.CustomEvents.S7WritePlcDataBlockEvent>
2025-08-12 13:12:32.908 +08:00 [INF] Configured endpoint PlcMapEventCommit, Consumer: Plc.Presentation.Custom.PlcMapEventCommitConsumer
2025-08-12 13:12:32.958 +08:00 [INF] Configured endpoint PlcMapState, Saga: Plc.Presentation.Saga.PlcMapState, State Machine: Plc.Presentation.Saga.PlcMapSaga
2025-08-12 13:12:33.193 +08:00 [DBG] Starting bus instances: IBus
2025-08-12 13:12:33.199 +08:00 [DBG] Starting bus: "loopback://localhost/"
2025-08-12 13:12:33.248 +08:00 [DBG] Endpoint Ready: "loopback://localhost/PlcMapEventCommit"
2025-08-12 13:12:33.248 +08:00 [DBG] Endpoint Ready: "loopback://localhost/PlcMapState"
2025-08-12 13:12:33.248 +08:00 [DBG] Endpoint Ready: "loopback://localhost/S7ReadPlcDataBlockEvent"
2025-08-12 13:12:33.248 +08:00 [DBG] Endpoint Ready: "loopback://localhost/_WarehourceSource_bus_6bxoyyrronegmpmibdq71zsayr"
2025-08-12 13:12:33.248 +08:00 [DBG] Endpoint Ready: "loopback://localhost/PlcMapDataIntegrationEvent"
2025-08-12 13:12:33.248 +08:00 [DBG] Endpoint Ready: "loopback://localhost/S7WritePlcDataBlockEvent"
2025-08-12 13:12:33.248 +08:00 [DBG] Endpoint Ready: "loopback://localhost/WcsIntegrationEvent"
2025-08-12 13:12:33.250 +08:00 [INF] Bus started: "loopback://localhost/"
2025-08-12 13:14:32.107 +08:00 [INF] Configured endpoint WcsIntegrationEvent, Consumer: Wcs.Presentation.Custom.WcsCustomEventConsumer<Wcs.CustomEvents.WcsIntegrationEvent>
2025-08-12 13:14:32.156 +08:00 [INF] Configured endpoint PlcMapDataIntegrationEvent, Consumer: Wcs.Presentation.Custom.PlcMapDataIntegrationEventConsumer
2025-08-12 13:14:32.159 +08:00 [INF] Configured endpoint S7ReadPlcDataBlockEvent, Consumer: Plc.Presentation.Custom.ReadPlcEventConsumer<Plc.CustomEvents.S7ReadPlcDataBlockEvent>
2025-08-12 13:14:32.169 +08:00 [INF] Configured endpoint S7WritePlcDataBlockEvent, Consumer: Plc.Presentation.Custom.WritePlcEventConsumer<Plc.CustomEvents.S7WritePlcDataBlockEvent>
2025-08-12 13:14:32.174 +08:00 [INF] Configured endpoint PlcMapEventCommit, Consumer: Plc.Presentation.Custom.PlcMapEventCommitConsumer
2025-08-12 13:14:32.227 +08:00 [INF] Configured endpoint PlcMapState, Saga: Plc.Presentation.Saga.PlcMapState, State Machine: Plc.Presentation.Saga.PlcMapSaga
2025-08-12 13:14:32.478 +08:00 [DBG] Starting bus instances: IBus
2025-08-12 13:14:32.482 +08:00 [DBG] Starting bus: "loopback://localhost/"
2025-08-12 13:14:32.534 +08:00 [DBG] Endpoint Ready: "loopback://localhost/PlcMapEventCommit"
2025-08-12 13:14:32.534 +08:00 [DBG] Endpoint Ready: "loopback://localhost/S7WritePlcDataBlockEvent"
2025-08-12 13:14:32.534 +08:00 [DBG] Endpoint Ready: "loopback://localhost/_WarehourceSource_bus_ty9oyyrronegk7e1bdq71za9bb"
2025-08-12 13:14:32.534 +08:00 [DBG] Endpoint Ready: "loopback://localhost/S7ReadPlcDataBlockEvent"
2025-08-12 13:14:32.534 +08:00 [DBG] Endpoint Ready: "loopback://localhost/PlcMapDataIntegrationEvent"
2025-08-12 13:14:32.534 +08:00 [DBG] Endpoint Ready: "loopback://localhost/WcsIntegrationEvent"
2025-08-12 13:14:32.534 +08:00 [DBG] Endpoint Ready: "loopback://localhost/PlcMapState"
2025-08-12 13:14:32.537 +08:00 [INF] Bus started: "loopback://localhost/"
2025-08-12 15:18:59.193 +08:00 [INF] Configured endpoint WcsIntegrationEvent, Consumer: Wcs.Presentation.Custom.WcsCustomEventConsumer<Wcs.CustomEvents.WcsIntegrationEvent>
2025-08-12 15:18:59.238 +08:00 [INF] Configured endpoint PlcMapDataIntegrationEvent, Consumer: Wcs.Presentation.Custom.PlcMapDataIntegrationEventConsumer
2025-08-12 15:18:59.241 +08:00 [INF] Configured endpoint S7ReadPlcDataBlockEvent, Consumer: Plc.Presentation.Custom.ReadPlcEventConsumer<Plc.CustomEvents.S7ReadPlcDataBlockEvent>
2025-08-12 15:18:59.245 +08:00 [INF] Configured endpoint S7WritePlcDataBlockEvent, Consumer: Plc.Presentation.Custom.WritePlcEventConsumer<Plc.CustomEvents.S7WritePlcDataBlockEvent>
2025-08-12 15:18:59.248 +08:00 [INF] Configured endpoint PlcMapEventCommit, Consumer: Plc.Presentation.Custom.PlcMapEventCommitConsumer
2025-08-12 15:18:59.295 +08:00 [INF] Configured endpoint PlcMapState, Saga: Plc.Presentation.Saga.PlcMapState, State Machine: Plc.Presentation.Saga.PlcMapSaga
2025-08-12 15:18:59.542 +08:00 [DBG] Starting bus instances: IBus
2025-08-12 15:18:59.549 +08:00 [DBG] Starting bus: "loopback://localhost/"
2025-08-12 15:18:59.625 +08:00 [DBG] Endpoint Ready: "loopback://localhost/_WarehourceSource_bus_yysoyyrronegkz5obdq71hrbgz"
2025-08-12 15:18:59.625 +08:00 [DBG] Endpoint Ready: "loopback://localhost/PlcMapDataIntegrationEvent"
2025-08-12 15:18:59.625 +08:00 [DBG] Endpoint Ready: "loopback://localhost/WcsIntegrationEvent"
2025-08-12 15:18:59.625 +08:00 [DBG] Endpoint Ready: "loopback://localhost/S7WritePlcDataBlockEvent"
2025-08-12 15:18:59.625 +08:00 [DBG] Endpoint Ready: "loopback://localhost/PlcMapState"
2025-08-12 15:18:59.625 +08:00 [DBG] Endpoint Ready: "loopback://localhost/S7ReadPlcDataBlockEvent"
2025-08-12 15:18:59.625 +08:00 [DBG] Endpoint Ready: "loopback://localhost/PlcMapEventCommit"
2025-08-12 15:18:59.628 +08:00 [INF] Bus started: "loopback://localhost/"
2025-08-12 16:33:17.768 +08:00 [INF] Configured endpoint WcsIntegrationEvent, Consumer: Wcs.Presentation.Custom.WcsCustomEventConsumer<Wcs.CustomEvents.WcsIntegrationEvent>
2025-08-12 16:33:17.820 +08:00 [INF] Configured endpoint PlcMapDataIntegrationEvent, Consumer: Wcs.Presentation.Custom.PlcMapDataIntegrationEventConsumer
2025-08-12 16:33:17.823 +08:00 [INF] Configured endpoint S7ReadPlcDataBlockEvent, Consumer: Plc.Presentation.Custom.ReadPlcEventConsumer<Plc.CustomEvents.S7ReadPlcDataBlockEvent>
2025-08-12 16:33:17.826 +08:00 [INF] Configured endpoint S7WritePlcDataBlockEvent, Consumer: Plc.Presentation.Custom.WritePlcEventConsumer<Plc.CustomEvents.S7WritePlcDataBlockEvent>
2025-08-12 16:33:17.831 +08:00 [INF] Configured endpoint PlcMapEventCommit, Consumer: Plc.Presentation.Custom.PlcMapEventCommitConsumer
2025-08-12 16:33:17.882 +08:00 [INF] Configured endpoint PlcMapState, Saga: Plc.Presentation.Saga.PlcMapState, State Machine: Plc.Presentation.Saga.PlcMapSaga
2025-08-12 16:33:18.159 +08:00 [DBG] Starting bus instances: IBus
2025-08-12 16:33:18.171 +08:00 [DBG] Starting bus: "loopback://localhost/"
2025-08-12 16:33:18.237 +08:00 [DBG] Endpoint Ready: "loopback://localhost/S7ReadPlcDataBlockEvent"
2025-08-12 16:33:18.237 +08:00 [DBG] Endpoint Ready: "loopback://localhost/PlcMapState"
2025-08-12 16:33:18.237 +08:00 [DBG] Endpoint Ready: "loopback://localhost/PlcMapDataIntegrationEvent"
2025-08-12 16:33:18.237 +08:00 [DBG] Endpoint Ready: "loopback://localhost/PlcMapEventCommit"
2025-08-12 16:33:18.237 +08:00 [DBG] Endpoint Ready: "loopback://localhost/WcsIntegrationEvent"
2025-08-12 16:33:18.237 +08:00 [DBG] Endpoint Ready: "loopback://localhost/_WarehourceSource_bus_goroyyrronegmqccbdq716zddn"
2025-08-12 16:33:18.237 +08:00 [DBG] Endpoint Ready: "loopback://localhost/S7WritePlcDataBlockEvent"
2025-08-12 16:33:18.240 +08:00 [INF] Bus started: "loopback://localhost/"
