2025-08-21 17:12:08.077 +08:00 [INF] Configured endpoint PlcMapDataIntegrationEvent, Consumer: Wcs.Presentation.Custom.PlcMapDataIntegrationEventConsumer
2025-08-21 17:12:08.121 +08:00 [INF] Configured endpoint WcsWritePlcTaskData, Consumer: Wcs.Presentation.Custom.WcsWritePlcTaskDataConsumer
2025-08-21 17:12:08.125 +08:00 [INF] Configured endpoint S7ReadPlcDataBlockIntegrationEvent, Consumer: Plc.Presentation.Custom.ReadPlcEventConsumer<Plc.CustomEvents.S7ReadPlcDataBlockIntegrationEvent>
2025-08-21 17:12:08.127 +08:00 [INF] Configured endpoint S7WritePlcDataBlockIntegrationEvent, Consumer: Plc.Presentation.Custom.WritePlcEventConsumer<Plc.CustomEvents.S7WritePlcDataBlockIntegrationEvent>
2025-08-21 17:12:08.130 +08:00 [INF] Configured endpoint PlcMapEventCommit, Consumer: Plc.Presentation.Custom.PlcMapEventCommitConsumer
2025-08-21 17:12:08.183 +08:00 [INF] Configured endpoint WcsWritePlcTaskState, Saga: Wcs.Presentation.Saga.WcsWritePlcTaskState, State Machine: Wcs.Presentation.Saga.WcsWritePlcTaskSaga
2025-08-21 17:12:08.196 +08:00 [INF] Configured endpoint PlcMapState, Saga: Plc.Presentation.Saga.PlcMapState, State Machine: Plc.Presentation.Saga.PlcMapSaga
2025-08-21 17:12:08.555 +08:00 [DBG] Starting bus instances: IBus
2025-08-21 17:12:08.560 +08:00 [DBG] Starting bus: "loopback://localhost/"
2025-08-21 17:12:08.625 +08:00 [DBG] Endpoint Ready: "loopback://localhost/_WarehourceSource_bus_it6yyyrronegkpdibdq6brsqy1"
2025-08-21 17:12:08.625 +08:00 [DBG] Endpoint Ready: "loopback://localhost/S7WritePlcDataBlockIntegrationEvent"
2025-08-21 17:12:08.625 +08:00 [DBG] Endpoint Ready: "loopback://localhost/S7ReadPlcDataBlockIntegrationEvent"
2025-08-21 17:12:08.625 +08:00 [DBG] Endpoint Ready: "loopback://localhost/PlcMapState"
2025-08-21 17:12:08.625 +08:00 [DBG] Endpoint Ready: "loopback://localhost/WcsWritePlcTaskState"
2025-08-21 17:12:08.625 +08:00 [DBG] Endpoint Ready: "loopback://localhost/PlcMapDataIntegrationEvent"
2025-08-21 17:12:08.625 +08:00 [DBG] Endpoint Ready: "loopback://localhost/PlcMapEventCommit"
2025-08-21 17:12:08.625 +08:00 [DBG] Endpoint Ready: "loopback://localhost/WcsWritePlcTaskData"
2025-08-21 17:12:08.629 +08:00 [INF] Bus started: "loopback://localhost/"
2025-08-21 09:19:52.787 +00:00 [INF] Configured endpoint PlcMapDataIntegrationEvent, Consumer: Wcs.Presentation.Custom.PlcMapDataIntegrationEventConsumer
2025-08-21 09:19:52.823 +00:00 [INF] Configured endpoint WcsWritePlcTaskData, Consumer: Wcs.Presentation.Custom.WcsWritePlcTaskDataConsumer
2025-08-21 09:19:52.826 +00:00 [INF] Configured endpoint S7ReadPlcDataBlockIntegrationEvent, Consumer: Plc.Presentation.Custom.ReadPlcEventConsumer<Plc.CustomEvents.S7ReadPlcDataBlockIntegrationEvent>
2025-08-21 09:19:52.830 +00:00 [INF] Configured endpoint S7WritePlcDataBlockIntegrationEvent, Consumer: Plc.Presentation.Custom.WritePlcEventConsumer<Plc.CustomEvents.S7WritePlcDataBlockIntegrationEvent>
2025-08-21 09:19:52.837 +00:00 [INF] Configured endpoint PlcMapEventCommit, Consumer: Plc.Presentation.Custom.PlcMapEventCommitConsumer
2025-08-21 09:19:52.894 +00:00 [INF] Configured endpoint WcsWritePlcTaskState, Saga: Wcs.Presentation.Saga.WcsWritePlcTaskState, State Machine: Wcs.Presentation.Saga.WcsWritePlcTaskSaga
2025-08-21 09:19:52.905 +00:00 [INF] Configured endpoint PlcMapState, Saga: Plc.Presentation.Saga.PlcMapState, State Machine: Plc.Presentation.Saga.PlcMapSaga
2025-08-21 09:19:53.010 +00:00 [DBG] Starting bus instances: IBus
2025-08-21 09:19:53.014 +00:00 [DBG] Starting bus: "loopback://localhost/"
2025-08-21 09:19:53.219 +00:00 [DBG] Endpoint Ready: "loopback://localhost/PlcMapEventCommit"
2025-08-21 09:19:53.219 +00:00 [DBG] Endpoint Ready: "loopback://localhost/S7WritePlcDataBlockIntegrationEvent"
2025-08-21 09:19:53.219 +00:00 [DBG] Endpoint Ready: "loopback://localhost/S7ReadPlcDataBlockIntegrationEvent"
2025-08-21 09:19:53.219 +00:00 [DBG] Endpoint Ready: "loopback://localhost/PlcMapState"
2025-08-21 09:19:53.219 +00:00 [DBG] Endpoint Ready: "loopback://localhost/WcsWritePlcTaskData"
2025-08-21 09:19:53.219 +00:00 [DBG] Endpoint Ready: "loopback://localhost/WcsWritePlcTaskState"
2025-08-21 09:19:53.219 +00:00 [DBG] Endpoint Ready: "loopback://localhost/4aab2732bcc0_WarehourceSource_bus_koyyyyfcnrbrf9q8bdq6br9n83"
2025-08-21 09:19:53.219 +00:00 [DBG] Endpoint Ready: "loopback://localhost/PlcMapDataIntegrationEvent"
2025-08-21 09:19:53.223 +00:00 [INF] Bus started: "loopback://localhost/"
