2025-09-17 09:13:01.674 +08:00 [INF] Configured endpoint PlcMapDataIntegrationEvent, Consumer: Wcs.Presentation.Custom.PlcMapDataIntegrationEventConsumer
2025-09-17 09:13:01.721 +08:00 [INF] Configured endpoint WcsWritePlcTaskData, Consumer: Wcs.Presentation.Custom.WcsWritePlcTaskDataConsumer
2025-09-17 09:13:01.725 +08:00 [INF] Configured endpoint S7ReadPlcDataBlockIntegrationEvent, Consumer: Plc.Presentation.Custom.ReadPlcEventConsumer<Plc.CustomEvents.S7ReadPlcDataBlockIntegrationEvent>
2025-09-17 09:13:01.739 +08:00 [INF] Configured endpoint S7WritePlcDataBlockIntegrationEvent, Consumer: Plc.Presentation.Custom.WritePlcEventConsumer<Plc.CustomEvents.S7WritePlcDataBlockIntegrationEvent>
2025-09-17 09:13:01.742 +08:00 [INF] Configured endpoint PlcMapEventCommit, Consumer: Plc.Presentation.Custom.PlcMapEventCommitConsumer
2025-09-17 09:13:01.877 +08:00 [INF] Configured endpoint WcsWritePlcTaskState, Saga: Wcs.Presentation.Saga.WcsWritePlcTaskState, State Machine: Wcs.Presentation.Saga.WcsWritePlcTaskSaga
2025-09-17 09:13:01.890 +08:00 [INF] Configured endpoint PlcMapState, Saga: Plc.Presentation.Saga.PlcMapState, State Machine: Plc.Presentation.Saga.PlcMapSaga
2025-09-17 09:13:02.317 +08:00 [DBG] Starting bus instances: IBus
2025-09-17 09:13:02.322 +08:00 [DBG] Starting bus: "loopback://localhost/"
2025-09-17 09:13:02.387 +08:00 [DBG] Endpoint Ready: "loopback://localhost/WcsWritePlcTaskData"
2025-09-17 09:13:02.387 +08:00 [DBG] Endpoint Ready: "loopback://localhost/S7ReadPlcDataBlockIntegrationEvent"
2025-09-17 09:13:02.387 +08:00 [DBG] Endpoint Ready: "loopback://localhost/S7WritePlcDataBlockIntegrationEvent"
2025-09-17 09:13:02.387 +08:00 [DBG] Endpoint Ready: "loopback://localhost/WcsWritePlcTaskState"
2025-09-17 09:13:02.387 +08:00 [DBG] Endpoint Ready: "loopback://localhost/PlcMapState"
2025-09-17 09:13:02.387 +08:00 [DBG] Endpoint Ready: "loopback://localhost/_WarehourceSource_bus_kyeyyyrronegmny6bdq9mb43ya"
2025-09-17 09:13:02.387 +08:00 [DBG] Endpoint Ready: "loopback://localhost/PlcMapDataIntegrationEvent"
2025-09-17 09:13:02.387 +08:00 [DBG] Endpoint Ready: "loopback://localhost/PlcMapEventCommit"
2025-09-17 09:13:02.391 +08:00 [INF] Bus started: "loopback://localhost/"
2025-09-17 09:16:54.369 +08:00 [INF] Configured endpoint PlcMapDataIntegrationEvent, Consumer: Wcs.Presentation.Custom.PlcMapDataIntegrationEventConsumer
2025-09-17 09:16:54.476 +08:00 [INF] Configured endpoint WcsWritePlcTaskData, Consumer: Wcs.Presentation.Custom.WcsWritePlcTaskDataConsumer
2025-09-17 09:16:54.479 +08:00 [INF] Configured endpoint S7ReadPlcDataBlockIntegrationEvent, Consumer: Plc.Presentation.Custom.ReadPlcEventConsumer<Plc.CustomEvents.S7ReadPlcDataBlockIntegrationEvent>
2025-09-17 09:16:54.484 +08:00 [INF] Configured endpoint S7WritePlcDataBlockIntegrationEvent, Consumer: Plc.Presentation.Custom.WritePlcEventConsumer<Plc.CustomEvents.S7WritePlcDataBlockIntegrationEvent>
2025-09-17 09:16:54.488 +08:00 [INF] Configured endpoint PlcMapEventCommit, Consumer: Plc.Presentation.Custom.PlcMapEventCommitConsumer
2025-09-17 09:16:54.562 +08:00 [INF] Configured endpoint WcsWritePlcTaskState, Saga: Wcs.Presentation.Saga.WcsWritePlcTaskState, State Machine: Wcs.Presentation.Saga.WcsWritePlcTaskSaga
2025-09-17 09:16:54.574 +08:00 [INF] Configured endpoint PlcMapState, Saga: Plc.Presentation.Saga.PlcMapState, State Machine: Plc.Presentation.Saga.PlcMapSaga
2025-09-17 09:16:55.282 +08:00 [DBG] Starting bus instances: IBus
2025-09-17 09:16:55.293 +08:00 [DBG] Starting bus: "loopback://localhost/"
2025-09-17 09:16:55.416 +08:00 [DBG] Endpoint Ready: "loopback://localhost/WcsWritePlcTaskData"
2025-09-17 09:16:55.426 +08:00 [DBG] Endpoint Ready: "loopback://localhost/PlcMapEventCommit"
2025-09-17 09:16:55.417 +08:00 [DBG] Endpoint Ready: "loopback://localhost/S7ReadPlcDataBlockIntegrationEvent"
2025-09-17 09:16:55.416 +08:00 [DBG] Endpoint Ready: "loopback://localhost/S7WritePlcDataBlockIntegrationEvent"
2025-09-17 09:16:55.416 +08:00 [DBG] Endpoint Ready: "loopback://localhost/PlcMapDataIntegrationEvent"
2025-09-17 09:16:55.432 +08:00 [DBG] Endpoint Ready: "loopback://localhost/PlcMapState"
2025-09-17 09:16:55.432 +08:00 [DBG] Endpoint Ready: "loopback://localhost/WcsWritePlcTaskState"
2025-09-17 09:16:55.440 +08:00 [DBG] Endpoint Ready: "loopback://localhost/_WarehourceSource_bus_kdboyyrronegmu3obdq9mb9d88"
2025-09-17 09:16:55.448 +08:00 [INF] Bus started: "loopback://localhost/"
2025-09-17 09:20:14.534 +08:00 [INF] Configured endpoint PlcMapDataIntegrationEvent, Consumer: Wcs.Presentation.Custom.PlcMapDataIntegrationEventConsumer
2025-09-17 09:20:14.576 +08:00 [INF] Configured endpoint WcsWritePlcTaskData, Consumer: Wcs.Presentation.Custom.WcsWritePlcTaskDataConsumer
2025-09-17 09:20:14.580 +08:00 [INF] Configured endpoint S7ReadPlcDataBlockIntegrationEvent, Consumer: Plc.Presentation.Custom.ReadPlcEventConsumer<Plc.CustomEvents.S7ReadPlcDataBlockIntegrationEvent>
2025-09-17 09:20:14.583 +08:00 [INF] Configured endpoint S7WritePlcDataBlockIntegrationEvent, Consumer: Plc.Presentation.Custom.WritePlcEventConsumer<Plc.CustomEvents.S7WritePlcDataBlockIntegrationEvent>
2025-09-17 09:20:14.586 +08:00 [INF] Configured endpoint PlcMapEventCommit, Consumer: Plc.Presentation.Custom.PlcMapEventCommitConsumer
2025-09-17 09:20:14.641 +08:00 [INF] Configured endpoint WcsWritePlcTaskState, Saga: Wcs.Presentation.Saga.WcsWritePlcTaskState, State Machine: Wcs.Presentation.Saga.WcsWritePlcTaskSaga
2025-09-17 09:20:14.652 +08:00 [INF] Configured endpoint PlcMapState, Saga: Plc.Presentation.Saga.PlcMapState, State Machine: Plc.Presentation.Saga.PlcMapSaga
2025-09-17 09:20:14.887 +08:00 [DBG] Starting bus instances: IBus
2025-09-17 09:20:14.894 +08:00 [DBG] Starting bus: "loopback://localhost/"
2025-09-17 09:20:14.952 +08:00 [DBG] Endpoint Ready: "loopback://localhost/S7WritePlcDataBlockIntegrationEvent"
2025-09-17 09:20:14.952 +08:00 [DBG] Endpoint Ready: "loopback://localhost/WcsWritePlcTaskState"
2025-09-17 09:20:14.952 +08:00 [DBG] Endpoint Ready: "loopback://localhost/PlcMapEventCommit"
2025-09-17 09:20:14.952 +08:00 [DBG] Endpoint Ready: "loopback://localhost/PlcMapDataIntegrationEvent"
2025-09-17 09:20:14.952 +08:00 [DBG] Endpoint Ready: "loopback://localhost/WcsWritePlcTaskData"
2025-09-17 09:20:14.952 +08:00 [DBG] Endpoint Ready: "loopback://localhost/S7ReadPlcDataBlockIntegrationEvent"
2025-09-17 09:20:14.952 +08:00 [DBG] Endpoint Ready: "loopback://localhost/PlcMapState"
2025-09-17 09:20:14.953 +08:00 [DBG] Endpoint Ready: "loopback://localhost/_WarehourceSource_bus_k13yyyrronegkmpsbdq9mnn5yd"
2025-09-17 09:20:14.963 +08:00 [INF] Bus started: "loopback://localhost/"
2025-09-17 09:46:46.812 +08:00 [INF] Configured endpoint PlcMapDataIntegrationEvent, Consumer: Wcs.Presentation.Custom.PlcMapDataIntegrationEventConsumer
2025-09-17 09:46:46.850 +08:00 [INF] Configured endpoint WcsWritePlcTaskData, Consumer: Wcs.Presentation.Custom.WcsWritePlcTaskDataConsumer
2025-09-17 09:46:46.855 +08:00 [INF] Configured endpoint S7ReadPlcDataBlockIntegrationEvent, Consumer: Plc.Presentation.Custom.ReadPlcEventConsumer<Plc.CustomEvents.S7ReadPlcDataBlockIntegrationEvent>
2025-09-17 09:46:46.861 +08:00 [INF] Configured endpoint S7WritePlcDataBlockIntegrationEvent, Consumer: Plc.Presentation.Custom.WritePlcEventConsumer<Plc.CustomEvents.S7WritePlcDataBlockIntegrationEvent>
2025-09-17 09:46:46.864 +08:00 [INF] Configured endpoint PlcMapEventCommit, Consumer: Plc.Presentation.Custom.PlcMapEventCommitConsumer
2025-09-17 09:46:46.918 +08:00 [INF] Configured endpoint WcsWritePlcTaskState, Saga: Wcs.Presentation.Saga.WcsWritePlcTaskState, State Machine: Wcs.Presentation.Saga.WcsWritePlcTaskSaga
2025-09-17 09:46:46.935 +08:00 [INF] Configured endpoint PlcMapState, Saga: Plc.Presentation.Saga.PlcMapState, State Machine: Plc.Presentation.Saga.PlcMapSaga
2025-09-17 09:46:47.205 +08:00 [DBG] Starting bus instances: IBus
2025-09-17 09:46:47.308 +08:00 [DBG] Starting bus: "loopback://localhost/"
2025-09-17 09:46:47.381 +08:00 [DBG] Endpoint Ready: "loopback://localhost/WcsWritePlcTaskState"
2025-09-17 09:46:47.381 +08:00 [DBG] Endpoint Ready: "loopback://localhost/S7WritePlcDataBlockIntegrationEvent"
2025-09-17 09:46:47.381 +08:00 [DBG] Endpoint Ready: "loopback://localhost/WcsWritePlcTaskData"
2025-09-17 09:46:47.381 +08:00 [DBG] Endpoint Ready: "loopback://localhost/PlcMapDataIntegrationEvent"
2025-09-17 09:46:47.381 +08:00 [DBG] Endpoint Ready: "loopback://localhost/S7ReadPlcDataBlockIntegrationEvent"
2025-09-17 09:46:47.381 +08:00 [DBG] Endpoint Ready: "loopback://localhost/PlcMapEventCommit"
2025-09-17 09:46:47.381 +08:00 [DBG] Endpoint Ready: "loopback://localhost/_WarehourceSource_bus_9tnoyyrronegm7h5bdq9mdyoy4"
2025-09-17 09:46:47.383 +08:00 [DBG] Endpoint Ready: "loopback://localhost/PlcMapState"
2025-09-17 09:46:47.392 +08:00 [INF] Bus started: "loopback://localhost/"
2025-09-17 09:48:32.131 +08:00 [INF] Configured endpoint PlcMapDataIntegrationEvent, Consumer: Wcs.Presentation.Custom.PlcMapDataIntegrationEventConsumer
2025-09-17 09:48:32.175 +08:00 [INF] Configured endpoint WcsWritePlcTaskData, Consumer: Wcs.Presentation.Custom.WcsWritePlcTaskDataConsumer
2025-09-17 09:48:32.181 +08:00 [INF] Configured endpoint S7ReadPlcDataBlockIntegrationEvent, Consumer: Plc.Presentation.Custom.ReadPlcEventConsumer<Plc.CustomEvents.S7ReadPlcDataBlockIntegrationEvent>
2025-09-17 09:48:32.199 +08:00 [INF] Configured endpoint S7WritePlcDataBlockIntegrationEvent, Consumer: Plc.Presentation.Custom.WritePlcEventConsumer<Plc.CustomEvents.S7WritePlcDataBlockIntegrationEvent>
2025-09-17 09:48:32.203 +08:00 [INF] Configured endpoint PlcMapEventCommit, Consumer: Plc.Presentation.Custom.PlcMapEventCommitConsumer
2025-09-17 09:48:32.266 +08:00 [INF] Configured endpoint WcsWritePlcTaskState, Saga: Wcs.Presentation.Saga.WcsWritePlcTaskState, State Machine: Wcs.Presentation.Saga.WcsWritePlcTaskSaga
2025-09-17 09:48:32.279 +08:00 [INF] Configured endpoint PlcMapState, Saga: Plc.Presentation.Saga.PlcMapState, State Machine: Plc.Presentation.Saga.PlcMapSaga
2025-09-17 09:48:32.585 +08:00 [DBG] Starting bus instances: IBus
2025-09-17 09:48:32.590 +08:00 [DBG] Starting bus: "loopback://localhost/"
2025-09-17 09:48:32.677 +08:00 [DBG] Endpoint Ready: "loopback://localhost/_WarehourceSource_bus_fbioyyrronegmko9bdq9mdnq8m"
2025-09-17 09:48:32.677 +08:00 [DBG] Endpoint Ready: "loopback://localhost/WcsWritePlcTaskState"
2025-09-17 09:48:32.677 +08:00 [DBG] Endpoint Ready: "loopback://localhost/PlcMapState"
2025-09-17 09:48:32.677 +08:00 [DBG] Endpoint Ready: "loopback://localhost/PlcMapDataIntegrationEvent"
2025-09-17 09:48:32.677 +08:00 [DBG] Endpoint Ready: "loopback://localhost/S7ReadPlcDataBlockIntegrationEvent"
2025-09-17 09:48:32.677 +08:00 [DBG] Endpoint Ready: "loopback://localhost/PlcMapEventCommit"
2025-09-17 09:48:32.677 +08:00 [DBG] Endpoint Ready: "loopback://localhost/WcsWritePlcTaskData"
2025-09-17 09:48:32.677 +08:00 [DBG] Endpoint Ready: "loopback://localhost/S7WritePlcDataBlockIntegrationEvent"
2025-09-17 09:48:32.680 +08:00 [INF] Bus started: "loopback://localhost/"
2025-09-17 09:52:51.765 +08:00 [INF] Configured endpoint PlcMapDataIntegrationEvent, Consumer: Wcs.Presentation.Custom.PlcMapDataIntegrationEventConsumer
2025-09-17 09:52:51.815 +08:00 [INF] Configured endpoint WcsWritePlcTaskData, Consumer: Wcs.Presentation.Custom.WcsWritePlcTaskDataConsumer
2025-09-17 09:52:51.819 +08:00 [INF] Configured endpoint S7ReadPlcDataBlockIntegrationEvent, Consumer: Plc.Presentation.Custom.ReadPlcEventConsumer<Plc.CustomEvents.S7ReadPlcDataBlockIntegrationEvent>
2025-09-17 09:52:51.821 +08:00 [INF] Configured endpoint S7WritePlcDataBlockIntegrationEvent, Consumer: Plc.Presentation.Custom.WritePlcEventConsumer<Plc.CustomEvents.S7WritePlcDataBlockIntegrationEvent>
2025-09-17 09:52:51.825 +08:00 [INF] Configured endpoint PlcMapEventCommit, Consumer: Plc.Presentation.Custom.PlcMapEventCommitConsumer
2025-09-17 09:52:51.882 +08:00 [INF] Configured endpoint WcsWritePlcTaskState, Saga: Wcs.Presentation.Saga.WcsWritePlcTaskState, State Machine: Wcs.Presentation.Saga.WcsWritePlcTaskSaga
2025-09-17 09:52:51.894 +08:00 [INF] Configured endpoint PlcMapState, Saga: Plc.Presentation.Saga.PlcMapState, State Machine: Plc.Presentation.Saga.PlcMapSaga
2025-09-17 09:52:52.183 +08:00 [DBG] Starting bus instances: IBus
2025-09-17 09:52:52.189 +08:00 [DBG] Starting bus: "loopback://localhost/"
2025-09-17 09:52:52.250 +08:00 [DBG] Endpoint Ready: "loopback://localhost/PlcMapEventCommit"
2025-09-17 09:52:52.250 +08:00 [DBG] Endpoint Ready: "loopback://localhost/S7WritePlcDataBlockIntegrationEvent"
2025-09-17 09:52:52.250 +08:00 [DBG] Endpoint Ready: "loopback://localhost/PlcMapDataIntegrationEvent"
2025-09-17 09:52:52.250 +08:00 [DBG] Endpoint Ready: "loopback://localhost/S7ReadPlcDataBlockIntegrationEvent"
2025-09-17 09:52:52.250 +08:00 [DBG] Endpoint Ready: "loopback://localhost/WcsWritePlcTaskData"
2025-09-17 09:52:52.250 +08:00 [DBG] Endpoint Ready: "loopback://localhost/WcsWritePlcTaskState"
2025-09-17 09:52:52.250 +08:00 [DBG] Endpoint Ready: "loopback://localhost/PlcMapState"
2025-09-17 09:52:52.250 +08:00 [DBG] Endpoint Ready: "loopback://localhost/_WarehourceSource_bus_rotyyyrronegk9c3bdq9md8jfe"
2025-09-17 09:52:52.257 +08:00 [INF] Bus started: "loopback://localhost/"
2025-09-17 09:54:55.700 +08:00 [INF] Configured endpoint PlcMapDataIntegrationEvent, Consumer: Wcs.Presentation.Custom.PlcMapDataIntegrationEventConsumer
2025-09-17 09:54:55.754 +08:00 [INF] Configured endpoint WcsWritePlcTaskData, Consumer: Wcs.Presentation.Custom.WcsWritePlcTaskDataConsumer
2025-09-17 09:54:55.772 +08:00 [INF] Configured endpoint S7ReadPlcDataBlockIntegrationEvent, Consumer: Plc.Presentation.Custom.ReadPlcEventConsumer<Plc.CustomEvents.S7ReadPlcDataBlockIntegrationEvent>
2025-09-17 09:54:55.782 +08:00 [INF] Configured endpoint S7WritePlcDataBlockIntegrationEvent, Consumer: Plc.Presentation.Custom.WritePlcEventConsumer<Plc.CustomEvents.S7WritePlcDataBlockIntegrationEvent>
2025-09-17 09:54:55.786 +08:00 [INF] Configured endpoint PlcMapEventCommit, Consumer: Plc.Presentation.Custom.PlcMapEventCommitConsumer
2025-09-17 09:54:55.848 +08:00 [INF] Configured endpoint WcsWritePlcTaskState, Saga: Wcs.Presentation.Saga.WcsWritePlcTaskState, State Machine: Wcs.Presentation.Saga.WcsWritePlcTaskSaga
2025-09-17 09:54:55.871 +08:00 [INF] Configured endpoint PlcMapState, Saga: Plc.Presentation.Saga.PlcMapState, State Machine: Plc.Presentation.Saga.PlcMapSaga
2025-09-17 09:54:56.135 +08:00 [DBG] Starting bus instances: IBus
2025-09-17 09:54:56.140 +08:00 [DBG] Starting bus: "loopback://localhost/"
2025-09-17 09:54:56.197 +08:00 [DBG] Endpoint Ready: "loopback://localhost/PlcMapState"
2025-09-17 09:54:56.197 +08:00 [DBG] Endpoint Ready: "loopback://localhost/S7ReadPlcDataBlockIntegrationEvent"
2025-09-17 09:54:56.197 +08:00 [DBG] Endpoint Ready: "loopback://localhost/WcsWritePlcTaskState"
2025-09-17 09:54:56.197 +08:00 [DBG] Endpoint Ready: "loopback://localhost/PlcMapDataIntegrationEvent"
2025-09-17 09:54:56.197 +08:00 [DBG] Endpoint Ready: "loopback://localhost/S7WritePlcDataBlockIntegrationEvent"
2025-09-17 09:54:56.197 +08:00 [DBG] Endpoint Ready: "loopback://localhost/WcsWritePlcTaskData"
2025-09-17 09:54:56.197 +08:00 [DBG] Endpoint Ready: "loopback://localhost/PlcMapEventCommit"
2025-09-17 09:54:56.197 +08:00 [DBG] Endpoint Ready: "loopback://localhost/_WarehourceSource_bus_8bdoyyrronegkxyibdq9mdjurm"
2025-09-17 09:54:56.200 +08:00 [INF] Bus started: "loopback://localhost/"
2025-09-17 09:55:45.828 +08:00 [INF] Configured endpoint PlcMapDataIntegrationEvent, Consumer: Wcs.Presentation.Custom.PlcMapDataIntegrationEventConsumer
2025-09-17 09:55:45.868 +08:00 [INF] Configured endpoint WcsWritePlcTaskData, Consumer: Wcs.Presentation.Custom.WcsWritePlcTaskDataConsumer
2025-09-17 09:55:45.871 +08:00 [INF] Configured endpoint S7ReadPlcDataBlockIntegrationEvent, Consumer: Plc.Presentation.Custom.ReadPlcEventConsumer<Plc.CustomEvents.S7ReadPlcDataBlockIntegrationEvent>
2025-09-17 09:55:45.874 +08:00 [INF] Configured endpoint S7WritePlcDataBlockIntegrationEvent, Consumer: Plc.Presentation.Custom.WritePlcEventConsumer<Plc.CustomEvents.S7WritePlcDataBlockIntegrationEvent>
2025-09-17 09:55:45.877 +08:00 [INF] Configured endpoint PlcMapEventCommit, Consumer: Plc.Presentation.Custom.PlcMapEventCommitConsumer
2025-09-17 09:55:45.935 +08:00 [INF] Configured endpoint WcsWritePlcTaskState, Saga: Wcs.Presentation.Saga.WcsWritePlcTaskState, State Machine: Wcs.Presentation.Saga.WcsWritePlcTaskSaga
2025-09-17 09:55:45.948 +08:00 [INF] Configured endpoint PlcMapState, Saga: Plc.Presentation.Saga.PlcMapState, State Machine: Plc.Presentation.Saga.PlcMapSaga
2025-09-17 09:55:46.175 +08:00 [DBG] Starting bus instances: IBus
2025-09-17 09:55:46.182 +08:00 [DBG] Starting bus: "loopback://localhost/"
2025-09-17 09:55:46.226 +08:00 [DBG] Endpoint Ready: "loopback://localhost/S7WritePlcDataBlockIntegrationEvent"
2025-09-17 09:55:46.228 +08:00 [DBG] Endpoint Ready: "loopback://localhost/PlcMapDataIntegrationEvent"
2025-09-17 09:55:46.228 +08:00 [DBG] Endpoint Ready: "loopback://localhost/WcsWritePlcTaskData"
2025-09-17 09:55:46.228 +08:00 [DBG] Endpoint Ready: "loopback://localhost/S7ReadPlcDataBlockIntegrationEvent"
2025-09-17 09:55:46.235 +08:00 [DBG] Endpoint Ready: "loopback://localhost/WcsWritePlcTaskState"
2025-09-17 09:55:46.230 +08:00 [DBG] Endpoint Ready: "loopback://localhost/PlcMapEventCommit"
2025-09-17 09:55:46.235 +08:00 [DBG] Endpoint Ready: "loopback://localhost/PlcMapState"
2025-09-17 09:55:46.241 +08:00 [DBG] Endpoint Ready: "loopback://localhost/_WarehourceSource_bus_ptyoyyrronegm93obdq9mdktnh"
2025-09-17 09:55:46.249 +08:00 [INF] Bus started: "loopback://localhost/"
2025-09-17 10:08:03.964 +08:00 [INF] Configured endpoint PlcMapDataIntegrationEvent, Consumer: Wcs.Presentation.Custom.PlcMapDataIntegrationEventConsumer
2025-09-17 10:08:04.046 +08:00 [INF] Configured endpoint WcsWritePlcTaskData, Consumer: Wcs.Presentation.Custom.WcsWritePlcTaskDataConsumer
2025-09-17 10:08:04.050 +08:00 [INF] Configured endpoint S7ReadPlcDataBlockIntegrationEvent, Consumer: Plc.Presentation.Custom.ReadPlcEventConsumer<Plc.CustomEvents.S7ReadPlcDataBlockIntegrationEvent>
2025-09-17 10:08:04.052 +08:00 [INF] Configured endpoint S7WritePlcDataBlockIntegrationEvent, Consumer: Plc.Presentation.Custom.WritePlcEventConsumer<Plc.CustomEvents.S7WritePlcDataBlockIntegrationEvent>
2025-09-17 10:08:04.055 +08:00 [INF] Configured endpoint PlcMapEventCommit, Consumer: Plc.Presentation.Custom.PlcMapEventCommitConsumer
2025-09-17 10:08:04.119 +08:00 [INF] Configured endpoint WcsWritePlcTaskState, Saga: Wcs.Presentation.Saga.WcsWritePlcTaskState, State Machine: Wcs.Presentation.Saga.WcsWritePlcTaskSaga
2025-09-17 10:08:04.132 +08:00 [INF] Configured endpoint PlcMapState, Saga: Plc.Presentation.Saga.PlcMapState, State Machine: Plc.Presentation.Saga.PlcMapSaga
2025-09-17 10:08:04.366 +08:00 [DBG] Starting bus instances: IBus
2025-09-17 10:08:04.370 +08:00 [DBG] Starting bus: "loopback://localhost/"
2025-09-17 10:08:04.428 +08:00 [DBG] Endpoint Ready: "loopback://localhost/PlcMapDataIntegrationEvent"
2025-09-17 10:08:04.428 +08:00 [DBG] Endpoint Ready: "loopback://localhost/S7ReadPlcDataBlockIntegrationEvent"
2025-09-17 10:08:04.428 +08:00 [DBG] Endpoint Ready: "loopback://localhost/S7WritePlcDataBlockIntegrationEvent"
2025-09-17 10:08:04.428 +08:00 [DBG] Endpoint Ready: "loopback://localhost/WcsWritePlcTaskData"
2025-09-17 10:08:04.428 +08:00 [DBG] Endpoint Ready: "loopback://localhost/PlcMapEventCommit"
2025-09-17 10:08:04.428 +08:00 [DBG] Endpoint Ready: "loopback://localhost/WcsWritePlcTaskState"
2025-09-17 10:08:04.430 +08:00 [DBG] Endpoint Ready: "loopback://localhost/PlcMapState"
2025-09-17 10:08:04.437 +08:00 [DBG] Endpoint Ready: "loopback://localhost/_WarehourceSource_bus_wudyyyrronegmpnnbdq9mdajn5"
2025-09-17 10:08:04.446 +08:00 [INF] Bus started: "loopback://localhost/"
2025-09-17 10:08:37.844 +08:00 [INF] Configured endpoint PlcMapDataIntegrationEvent, Consumer: Wcs.Presentation.Custom.PlcMapDataIntegrationEventConsumer
2025-09-17 10:08:37.904 +08:00 [INF] Configured endpoint WcsWritePlcTaskData, Consumer: Wcs.Presentation.Custom.WcsWritePlcTaskDataConsumer
2025-09-17 10:08:37.909 +08:00 [INF] Configured endpoint S7ReadPlcDataBlockIntegrationEvent, Consumer: Plc.Presentation.Custom.ReadPlcEventConsumer<Plc.CustomEvents.S7ReadPlcDataBlockIntegrationEvent>
2025-09-17 10:08:37.917 +08:00 [INF] Configured endpoint S7WritePlcDataBlockIntegrationEvent, Consumer: Plc.Presentation.Custom.WritePlcEventConsumer<Plc.CustomEvents.S7WritePlcDataBlockIntegrationEvent>
2025-09-17 10:08:37.922 +08:00 [INF] Configured endpoint PlcMapEventCommit, Consumer: Plc.Presentation.Custom.PlcMapEventCommitConsumer
2025-09-17 10:08:37.980 +08:00 [INF] Configured endpoint WcsWritePlcTaskState, Saga: Wcs.Presentation.Saga.WcsWritePlcTaskState, State Machine: Wcs.Presentation.Saga.WcsWritePlcTaskSaga
2025-09-17 10:08:37.997 +08:00 [INF] Configured endpoint PlcMapState, Saga: Plc.Presentation.Saga.PlcMapState, State Machine: Plc.Presentation.Saga.PlcMapSaga
2025-09-17 10:08:38.263 +08:00 [DBG] Starting bus instances: IBus
2025-09-17 10:08:38.270 +08:00 [DBG] Starting bus: "loopback://localhost/"
2025-09-17 10:08:38.318 +08:00 [DBG] Endpoint Ready: "loopback://localhost/S7WritePlcDataBlockIntegrationEvent"
2025-09-17 10:08:38.318 +08:00 [DBG] Endpoint Ready: "loopback://localhost/S7ReadPlcDataBlockIntegrationEvent"
2025-09-17 10:08:38.344 +08:00 [DBG] Endpoint Ready: "loopback://localhost/_WarehourceSource_bus_4nuyyyrronegmqu8bdq9mda7rq"
2025-09-17 10:08:38.318 +08:00 [DBG] Endpoint Ready: "loopback://localhost/PlcMapDataIntegrationEvent"
2025-09-17 10:08:38.319 +08:00 [DBG] Endpoint Ready: "loopback://localhost/WcsWritePlcTaskData"
2025-09-17 10:08:38.326 +08:00 [DBG] Endpoint Ready: "loopback://localhost/PlcMapEventCommit"
2025-09-17 10:08:38.335 +08:00 [DBG] Endpoint Ready: "loopback://localhost/WcsWritePlcTaskState"
2025-09-17 10:08:38.341 +08:00 [DBG] Endpoint Ready: "loopback://localhost/PlcMapState"
2025-09-17 10:08:38.355 +08:00 [INF] Bus started: "loopback://localhost/"
2025-09-17 10:12:35.138 +08:00 [INF] Configured endpoint PlcMapDataIntegrationEvent, Consumer: Wcs.Presentation.Custom.PlcMapDataIntegrationEventConsumer
2025-09-17 10:12:35.177 +08:00 [INF] Configured endpoint WcsWritePlcTaskData, Consumer: Wcs.Presentation.Custom.WcsWritePlcTaskDataConsumer
2025-09-17 10:12:35.181 +08:00 [INF] Configured endpoint S7ReadPlcDataBlockIntegrationEvent, Consumer: Plc.Presentation.Custom.ReadPlcEventConsumer<Plc.CustomEvents.S7ReadPlcDataBlockIntegrationEvent>
2025-09-17 10:12:35.184 +08:00 [INF] Configured endpoint S7WritePlcDataBlockIntegrationEvent, Consumer: Plc.Presentation.Custom.WritePlcEventConsumer<Plc.CustomEvents.S7WritePlcDataBlockIntegrationEvent>
2025-09-17 10:12:35.190 +08:00 [INF] Configured endpoint PlcMapEventCommit, Consumer: Plc.Presentation.Custom.PlcMapEventCommitConsumer
2025-09-17 10:12:35.250 +08:00 [INF] Configured endpoint WcsWritePlcTaskState, Saga: Wcs.Presentation.Saga.WcsWritePlcTaskState, State Machine: Wcs.Presentation.Saga.WcsWritePlcTaskSaga
2025-09-17 10:12:35.263 +08:00 [INF] Configured endpoint PlcMapState, Saga: Plc.Presentation.Saga.PlcMapState, State Machine: Plc.Presentation.Saga.PlcMapSaga
2025-09-17 10:12:35.508 +08:00 [DBG] Starting bus instances: IBus
2025-09-17 10:12:35.514 +08:00 [DBG] Starting bus: "loopback://localhost/"
2025-09-17 10:12:35.574 +08:00 [DBG] Endpoint Ready: "loopback://localhost/PlcMapDataIntegrationEvent"
2025-09-17 10:12:35.574 +08:00 [DBG] Endpoint Ready: "loopback://localhost/S7WritePlcDataBlockIntegrationEvent"
2025-09-17 10:12:35.574 +08:00 [DBG] Endpoint Ready: "loopback://localhost/S7ReadPlcDataBlockIntegrationEvent"
2025-09-17 10:12:35.574 +08:00 [DBG] Endpoint Ready: "loopback://localhost/WcsWritePlcTaskData"
2025-09-17 10:12:35.574 +08:00 [DBG] Endpoint Ready: "loopback://localhost/PlcMapEventCommit"
2025-09-17 10:12:35.574 +08:00 [DBG] Endpoint Ready: "loopback://localhost/WcsWritePlcTaskState"
2025-09-17 10:12:35.574 +08:00 [DBG] Endpoint Ready: "loopback://localhost/PlcMapState"
2025-09-17 10:12:35.577 +08:00 [DBG] Endpoint Ready: "loopback://localhost/_WarehourceSource_bus_xdnyyyrronegknn7bdq9md7k83"
2025-09-17 10:12:35.587 +08:00 [INF] Bus started: "loopback://localhost/"
2025-09-17 10:13:29.137 +08:00 [INF] Configured endpoint PlcMapDataIntegrationEvent, Consumer: Wcs.Presentation.Custom.PlcMapDataIntegrationEventConsumer
2025-09-17 10:13:29.182 +08:00 [INF] Configured endpoint WcsWritePlcTaskData, Consumer: Wcs.Presentation.Custom.WcsWritePlcTaskDataConsumer
2025-09-17 10:13:29.184 +08:00 [INF] Configured endpoint S7ReadPlcDataBlockIntegrationEvent, Consumer: Plc.Presentation.Custom.ReadPlcEventConsumer<Plc.CustomEvents.S7ReadPlcDataBlockIntegrationEvent>
2025-09-17 10:13:29.187 +08:00 [INF] Configured endpoint S7WritePlcDataBlockIntegrationEvent, Consumer: Plc.Presentation.Custom.WritePlcEventConsumer<Plc.CustomEvents.S7WritePlcDataBlockIntegrationEvent>
2025-09-17 10:13:29.189 +08:00 [INF] Configured endpoint PlcMapEventCommit, Consumer: Plc.Presentation.Custom.PlcMapEventCommitConsumer
2025-09-17 10:13:29.241 +08:00 [INF] Configured endpoint WcsWritePlcTaskState, Saga: Wcs.Presentation.Saga.WcsWritePlcTaskState, State Machine: Wcs.Presentation.Saga.WcsWritePlcTaskSaga
2025-09-17 10:13:29.258 +08:00 [INF] Configured endpoint PlcMapState, Saga: Plc.Presentation.Saga.PlcMapState, State Machine: Plc.Presentation.Saga.PlcMapSaga
2025-09-17 10:13:29.491 +08:00 [DBG] Starting bus instances: IBus
2025-09-17 10:13:29.499 +08:00 [DBG] Starting bus: "loopback://localhost/"
2025-09-17 10:13:29.570 +08:00 [DBG] Endpoint Ready: "loopback://localhost/S7WritePlcDataBlockIntegrationEvent"
2025-09-17 10:13:29.570 +08:00 [DBG] Endpoint Ready: "loopback://localhost/WcsWritePlcTaskData"
2025-09-17 10:13:29.570 +08:00 [DBG] Endpoint Ready: "loopback://localhost/PlcMapDataIntegrationEvent"
2025-09-17 10:13:29.570 +08:00 [DBG] Endpoint Ready: "loopback://localhost/PlcMapEventCommit"
2025-09-17 10:13:29.570 +08:00 [DBG] Endpoint Ready: "loopback://localhost/PlcMapState"
2025-09-17 10:13:29.570 +08:00 [DBG] Endpoint Ready: "loopback://localhost/WcsWritePlcTaskState"
2025-09-17 10:13:29.570 +08:00 [DBG] Endpoint Ready: "loopback://localhost/S7ReadPlcDataBlockIntegrationEvent"
2025-09-17 10:13:29.570 +08:00 [DBG] Endpoint Ready: "loopback://localhost/_WarehourceSource_bus_r1uoyyrronegkpg9bdq9md6mbg"
2025-09-17 10:13:29.573 +08:00 [INF] Bus started: "loopback://localhost/"
2025-09-17 10:14:26.565 +08:00 [INF] Configured endpoint PlcMapDataIntegrationEvent, Consumer: Wcs.Presentation.Custom.PlcMapDataIntegrationEventConsumer
2025-09-17 10:14:26.610 +08:00 [INF] Configured endpoint WcsWritePlcTaskData, Consumer: Wcs.Presentation.Custom.WcsWritePlcTaskDataConsumer
2025-09-17 10:14:26.619 +08:00 [INF] Configured endpoint S7ReadPlcDataBlockIntegrationEvent, Consumer: Plc.Presentation.Custom.ReadPlcEventConsumer<Plc.CustomEvents.S7ReadPlcDataBlockIntegrationEvent>
2025-09-17 10:14:26.632 +08:00 [INF] Configured endpoint S7WritePlcDataBlockIntegrationEvent, Consumer: Plc.Presentation.Custom.WritePlcEventConsumer<Plc.CustomEvents.S7WritePlcDataBlockIntegrationEvent>
2025-09-17 10:14:26.669 +08:00 [INF] Configured endpoint PlcMapEventCommit, Consumer: Plc.Presentation.Custom.PlcMapEventCommitConsumer
2025-09-17 10:14:26.727 +08:00 [INF] Configured endpoint WcsWritePlcTaskState, Saga: Wcs.Presentation.Saga.WcsWritePlcTaskState, State Machine: Wcs.Presentation.Saga.WcsWritePlcTaskSaga
2025-09-17 10:14:26.737 +08:00 [INF] Configured endpoint PlcMapState, Saga: Plc.Presentation.Saga.PlcMapState, State Machine: Plc.Presentation.Saga.PlcMapSaga
2025-09-17 10:14:26.944 +08:00 [DBG] Starting bus instances: IBus
2025-09-17 10:14:26.949 +08:00 [DBG] Starting bus: "loopback://localhost/"
2025-09-17 10:14:27.004 +08:00 [DBG] Endpoint Ready: "loopback://localhost/S7WritePlcDataBlockIntegrationEvent"
2025-09-17 10:14:27.004 +08:00 [DBG] Endpoint Ready: "loopback://localhost/WcsWritePlcTaskData"
2025-09-17 10:14:27.004 +08:00 [DBG] Endpoint Ready: "loopback://localhost/PlcMapEventCommit"
2025-09-17 10:14:27.004 +08:00 [DBG] Endpoint Ready: "loopback://localhost/_WarehourceSource_bus_1nyyyyrronegminrbdq9md9pdg"
2025-09-17 10:14:27.005 +08:00 [DBG] Endpoint Ready: "loopback://localhost/S7ReadPlcDataBlockIntegrationEvent"
2025-09-17 10:14:27.005 +08:00 [DBG] Endpoint Ready: "loopback://localhost/WcsWritePlcTaskState"
2025-09-17 10:14:27.005 +08:00 [DBG] Endpoint Ready: "loopback://localhost/PlcMapState"
2025-09-17 10:14:27.005 +08:00 [DBG] Endpoint Ready: "loopback://localhost/PlcMapDataIntegrationEvent"
2025-09-17 10:14:27.009 +08:00 [INF] Bus started: "loopback://localhost/"
2025-09-17 10:16:18.840 +08:00 [INF] Configured endpoint PlcMapDataIntegrationEvent, Consumer: Wcs.Presentation.Custom.PlcMapDataIntegrationEventConsumer
2025-09-17 10:16:18.875 +08:00 [INF] Configured endpoint WcsWritePlcTaskData, Consumer: Wcs.Presentation.Custom.WcsWritePlcTaskDataConsumer
2025-09-17 10:16:18.880 +08:00 [INF] Configured endpoint S7ReadPlcDataBlockIntegrationEvent, Consumer: Plc.Presentation.Custom.ReadPlcEventConsumer<Plc.CustomEvents.S7ReadPlcDataBlockIntegrationEvent>
2025-09-17 10:16:18.883 +08:00 [INF] Configured endpoint S7WritePlcDataBlockIntegrationEvent, Consumer: Plc.Presentation.Custom.WritePlcEventConsumer<Plc.CustomEvents.S7WritePlcDataBlockIntegrationEvent>
2025-09-17 10:16:18.887 +08:00 [INF] Configured endpoint PlcMapEventCommit, Consumer: Plc.Presentation.Custom.PlcMapEventCommitConsumer
2025-09-17 10:16:18.947 +08:00 [INF] Configured endpoint WcsWritePlcTaskState, Saga: Wcs.Presentation.Saga.WcsWritePlcTaskState, State Machine: Wcs.Presentation.Saga.WcsWritePlcTaskSaga
2025-09-17 10:16:18.965 +08:00 [INF] Configured endpoint PlcMapState, Saga: Plc.Presentation.Saga.PlcMapState, State Machine: Plc.Presentation.Saga.PlcMapSaga
2025-09-17 10:16:19.221 +08:00 [DBG] Starting bus instances: IBus
2025-09-17 10:16:19.227 +08:00 [DBG] Starting bus: "loopback://localhost/"
2025-09-17 10:16:19.280 +08:00 [DBG] Endpoint Ready: "loopback://localhost/WcsWritePlcTaskState"
2025-09-17 10:16:19.280 +08:00 [DBG] Endpoint Ready: "loopback://localhost/PlcMapState"
2025-09-17 10:16:19.280 +08:00 [DBG] Endpoint Ready: "loopback://localhost/PlcMapEventCommit"
2025-09-17 10:16:19.280 +08:00 [DBG] Endpoint Ready: "loopback://localhost/PlcMapDataIntegrationEvent"
2025-09-17 10:16:19.280 +08:00 [DBG] Endpoint Ready: "loopback://localhost/S7WritePlcDataBlockIntegrationEvent"
2025-09-17 10:16:19.280 +08:00 [DBG] Endpoint Ready: "loopback://localhost/S7ReadPlcDataBlockIntegrationEvent"
2025-09-17 10:16:19.280 +08:00 [DBG] Endpoint Ready: "loopback://localhost/_WarehourceSource_bus_s16oyyrronegm1mebdq9mrbonx"
2025-09-17 10:16:19.280 +08:00 [DBG] Endpoint Ready: "loopback://localhost/WcsWritePlcTaskData"
2025-09-17 10:16:19.284 +08:00 [INF] Bus started: "loopback://localhost/"
2025-09-17 10:24:33.919 +08:00 [INF] Configured endpoint PlcMapDataIntegrationEvent, Consumer: Wcs.Presentation.Custom.PlcMapDataIntegrationEventConsumer
2025-09-17 10:24:33.968 +08:00 [INF] Configured endpoint WcsWritePlcTaskData, Consumer: Wcs.Presentation.Custom.WcsWritePlcTaskDataConsumer
2025-09-17 10:24:33.971 +08:00 [INF] Configured endpoint S7ReadPlcDataBlockIntegrationEvent, Consumer: Plc.Presentation.Custom.ReadPlcEventConsumer<Plc.CustomEvents.S7ReadPlcDataBlockIntegrationEvent>
2025-09-17 10:24:33.974 +08:00 [INF] Configured endpoint S7WritePlcDataBlockIntegrationEvent, Consumer: Plc.Presentation.Custom.WritePlcEventConsumer<Plc.CustomEvents.S7WritePlcDataBlockIntegrationEvent>
2025-09-17 10:24:33.978 +08:00 [INF] Configured endpoint PlcMapEventCommit, Consumer: Plc.Presentation.Custom.PlcMapEventCommitConsumer
2025-09-17 10:24:34.033 +08:00 [INF] Configured endpoint WcsWritePlcTaskState, Saga: Wcs.Presentation.Saga.WcsWritePlcTaskState, State Machine: Wcs.Presentation.Saga.WcsWritePlcTaskSaga
2025-09-17 10:24:34.086 +08:00 [INF] Configured endpoint PlcMapState, Saga: Plc.Presentation.Saga.PlcMapState, State Machine: Plc.Presentation.Saga.PlcMapSaga
2025-09-17 10:24:34.364 +08:00 [DBG] Starting bus instances: IBus
2025-09-17 10:24:34.369 +08:00 [DBG] Starting bus: "loopback://localhost/"
2025-09-17 10:24:34.426 +08:00 [DBG] Endpoint Ready: "loopback://localhost/PlcMapEventCommit"
2025-09-17 10:24:34.426 +08:00 [DBG] Endpoint Ready: "loopback://localhost/WcsWritePlcTaskData"
2025-09-17 10:24:34.426 +08:00 [DBG] Endpoint Ready: "loopback://localhost/S7WritePlcDataBlockIntegrationEvent"
2025-09-17 10:24:34.426 +08:00 [DBG] Endpoint Ready: "loopback://localhost/PlcMapState"
2025-09-17 10:24:34.426 +08:00 [DBG] Endpoint Ready: "loopback://localhost/_WarehourceSource_bus_jbayyyrronegkbmtbdq9mrkzd1"
2025-09-17 10:24:34.427 +08:00 [DBG] Endpoint Ready: "loopback://localhost/S7ReadPlcDataBlockIntegrationEvent"
2025-09-17 10:24:34.427 +08:00 [DBG] Endpoint Ready: "loopback://localhost/PlcMapDataIntegrationEvent"
2025-09-17 10:24:34.427 +08:00 [DBG] Endpoint Ready: "loopback://localhost/WcsWritePlcTaskState"
2025-09-17 10:24:34.433 +08:00 [INF] Bus started: "loopback://localhost/"
2025-09-17 10:28:40.594 +08:00 [INF] Configured endpoint PlcMapDataIntegrationEvent, Consumer: Wcs.Presentation.Custom.PlcMapDataIntegrationEventConsumer
2025-09-17 10:28:40.644 +08:00 [INF] Configured endpoint WcsWritePlcTaskData, Consumer: Wcs.Presentation.Custom.WcsWritePlcTaskDataConsumer
2025-09-17 10:28:40.649 +08:00 [INF] Configured endpoint S7ReadPlcDataBlockIntegrationEvent, Consumer: Plc.Presentation.Custom.ReadPlcEventConsumer<Plc.CustomEvents.S7ReadPlcDataBlockIntegrationEvent>
2025-09-17 10:28:40.652 +08:00 [INF] Configured endpoint S7WritePlcDataBlockIntegrationEvent, Consumer: Plc.Presentation.Custom.WritePlcEventConsumer<Plc.CustomEvents.S7WritePlcDataBlockIntegrationEvent>
2025-09-17 10:28:40.665 +08:00 [INF] Configured endpoint PlcMapEventCommit, Consumer: Plc.Presentation.Custom.PlcMapEventCommitConsumer
2025-09-17 10:28:40.738 +08:00 [INF] Configured endpoint WcsWritePlcTaskState, Saga: Wcs.Presentation.Saga.WcsWritePlcTaskState, State Machine: Wcs.Presentation.Saga.WcsWritePlcTaskSaga
2025-09-17 10:28:40.752 +08:00 [INF] Configured endpoint PlcMapState, Saga: Plc.Presentation.Saga.PlcMapState, State Machine: Plc.Presentation.Saga.PlcMapSaga
2025-09-17 10:28:41.012 +08:00 [DBG] Starting bus instances: IBus
2025-09-17 10:28:41.026 +08:00 [DBG] Starting bus: "loopback://localhost/"
2025-09-17 10:28:41.106 +08:00 [DBG] Endpoint Ready: "loopback://localhost/WcsWritePlcTaskState"
2025-09-17 10:28:41.106 +08:00 [DBG] Endpoint Ready: "loopback://localhost/PlcMapDataIntegrationEvent"
2025-09-17 10:28:41.106 +08:00 [DBG] Endpoint Ready: "loopback://localhost/S7WritePlcDataBlockIntegrationEvent"
2025-09-17 10:28:41.106 +08:00 [DBG] Endpoint Ready: "loopback://localhost/S7ReadPlcDataBlockIntegrationEvent"
2025-09-17 10:28:41.106 +08:00 [DBG] Endpoint Ready: "loopback://localhost/WcsWritePlcTaskData"
2025-09-17 10:28:41.106 +08:00 [DBG] Endpoint Ready: "loopback://localhost/PlcMapEventCommit"
2025-09-17 10:28:41.106 +08:00 [DBG] Endpoint Ready: "loopback://localhost/PlcMapState"
2025-09-17 10:28:41.106 +08:00 [DBG] Endpoint Ready: "loopback://localhost/_WarehourceSource_bus_9twoyyrronegmq9hbdq9mrxkdi"
2025-09-17 10:28:41.114 +08:00 [INF] Bus started: "loopback://localhost/"
2025-09-17 10:34:58.440 +08:00 [INF] Configured endpoint PlcMapDataIntegrationEvent, Consumer: Wcs.Presentation.Custom.PlcMapDataIntegrationEventConsumer
2025-09-17 10:34:58.509 +08:00 [INF] Configured endpoint WcsWritePlcTaskData, Consumer: Wcs.Presentation.Custom.WcsWritePlcTaskDataConsumer
2025-09-17 10:34:58.513 +08:00 [INF] Configured endpoint S7ReadPlcDataBlockIntegrationEvent, Consumer: Plc.Presentation.Custom.ReadPlcEventConsumer<Plc.CustomEvents.S7ReadPlcDataBlockIntegrationEvent>
2025-09-17 10:34:58.538 +08:00 [INF] Configured endpoint S7WritePlcDataBlockIntegrationEvent, Consumer: Plc.Presentation.Custom.WritePlcEventConsumer<Plc.CustomEvents.S7WritePlcDataBlockIntegrationEvent>
2025-09-17 10:34:58.541 +08:00 [INF] Configured endpoint PlcMapEventCommit, Consumer: Plc.Presentation.Custom.PlcMapEventCommitConsumer
2025-09-17 10:34:58.604 +08:00 [INF] Configured endpoint WcsWritePlcTaskState, Saga: Wcs.Presentation.Saga.WcsWritePlcTaskState, State Machine: Wcs.Presentation.Saga.WcsWritePlcTaskSaga
2025-09-17 10:34:58.617 +08:00 [INF] Configured endpoint PlcMapState, Saga: Plc.Presentation.Saga.PlcMapState, State Machine: Plc.Presentation.Saga.PlcMapSaga
2025-09-17 10:34:58.880 +08:00 [DBG] Starting bus instances: IBus
2025-09-17 10:34:59.061 +08:00 [DBG] Starting bus: "loopback://localhost/"
2025-09-17 10:34:59.166 +08:00 [DBG] Endpoint Ready: "loopback://localhost/WcsWritePlcTaskData"
2025-09-17 10:34:59.166 +08:00 [DBG] Endpoint Ready: "loopback://localhost/S7ReadPlcDataBlockIntegrationEvent"
2025-09-17 10:34:59.166 +08:00 [DBG] Endpoint Ready: "loopback://localhost/PlcMapDataIntegrationEvent"
2025-09-17 10:34:59.166 +08:00 [DBG] Endpoint Ready: "loopback://localhost/S7WritePlcDataBlockIntegrationEvent"
2025-09-17 10:34:59.166 +08:00 [DBG] Endpoint Ready: "loopback://localhost/PlcMapEventCommit"
2025-09-17 10:34:59.195 +08:00 [DBG] Endpoint Ready: "loopback://localhost/WcsWritePlcTaskState"
2025-09-17 10:34:59.229 +08:00 [DBG] Endpoint Ready: "loopback://localhost/PlcMapState"
2025-09-17 10:34:59.272 +08:00 [DBG] Endpoint Ready: "loopback://localhost/_WarehourceSource_bus_fbooyyrronegk47kbdq9mrsmfc"
2025-09-17 10:34:59.373 +08:00 [INF] Bus started: "loopback://localhost/"
2025-09-17 10:52:10.584 +08:00 [INF] Configured endpoint PlcMapDataIntegrationEvent, Consumer: Wcs.Presentation.Custom.PlcMapDataIntegrationEventConsumer
2025-09-17 10:52:10.794 +08:00 [INF] Configured endpoint WcsWritePlcTaskData, Consumer: Wcs.Presentation.Custom.WcsWritePlcTaskDataConsumer
2025-09-17 10:52:10.821 +08:00 [INF] Configured endpoint S7ReadPlcDataBlockIntegrationEvent, Consumer: Plc.Presentation.Custom.ReadPlcEventConsumer<Plc.CustomEvents.S7ReadPlcDataBlockIntegrationEvent>
2025-09-17 10:52:10.828 +08:00 [INF] Configured endpoint S7WritePlcDataBlockIntegrationEvent, Consumer: Plc.Presentation.Custom.WritePlcEventConsumer<Plc.CustomEvents.S7WritePlcDataBlockIntegrationEvent>
2025-09-17 10:52:10.832 +08:00 [INF] Configured endpoint PlcMapEventCommit, Consumer: Plc.Presentation.Custom.PlcMapEventCommitConsumer
2025-09-17 10:52:10.912 +08:00 [INF] Configured endpoint WcsWritePlcTaskState, Saga: Wcs.Presentation.Saga.WcsWritePlcTaskState, State Machine: Wcs.Presentation.Saga.WcsWritePlcTaskSaga
2025-09-17 10:52:10.928 +08:00 [INF] Configured endpoint PlcMapState, Saga: Plc.Presentation.Saga.PlcMapState, State Machine: Plc.Presentation.Saga.PlcMapSaga
2025-09-17 10:52:11.197 +08:00 [DBG] Starting bus instances: IBus
2025-09-17 10:52:11.219 +08:00 [DBG] Starting bus: "loopback://localhost/"
2025-09-17 10:52:11.261 +08:00 [DBG] Endpoint Ready: "loopback://localhost/WcsWritePlcTaskData"
2025-09-17 10:52:11.261 +08:00 [DBG] Endpoint Ready: "loopback://localhost/PlcMapDataIntegrationEvent"
2025-09-17 10:52:11.279 +08:00 [DBG] Endpoint Ready: "loopback://localhost/S7WritePlcDataBlockIntegrationEvent"
2025-09-17 10:52:11.313 +08:00 [DBG] Endpoint Ready: "loopback://localhost/PlcMapState"
2025-09-17 10:52:11.296 +08:00 [DBG] Endpoint Ready: "loopback://localhost/S7ReadPlcDataBlockIntegrationEvent"
2025-09-17 10:52:11.305 +08:00 [DBG] Endpoint Ready: "loopback://localhost/PlcMapEventCommit"
2025-09-17 10:52:11.310 +08:00 [DBG] Endpoint Ready: "loopback://localhost/WcsWritePlcTaskState"
2025-09-17 10:52:11.318 +08:00 [DBG] Endpoint Ready: "loopback://localhost/_WarehourceSource_bus_tbzoyyrronegmsbmbdq9mfj18h"
2025-09-17 10:52:11.338 +08:00 [INF] Bus started: "loopback://localhost/"
2025-09-17 10:54:45.839 +08:00 [INF] Configured endpoint PlcMapDataIntegrationEvent, Consumer: Wcs.Presentation.Custom.PlcMapDataIntegrationEventConsumer
2025-09-17 10:54:45.875 +08:00 [INF] Configured endpoint WcsWritePlcTaskData, Consumer: Wcs.Presentation.Custom.WcsWritePlcTaskDataConsumer
2025-09-17 10:54:45.878 +08:00 [INF] Configured endpoint S7ReadPlcDataBlockIntegrationEvent, Consumer: Plc.Presentation.Custom.ReadPlcEventConsumer<Plc.CustomEvents.S7ReadPlcDataBlockIntegrationEvent>
2025-09-17 10:54:45.880 +08:00 [INF] Configured endpoint S7WritePlcDataBlockIntegrationEvent, Consumer: Plc.Presentation.Custom.WritePlcEventConsumer<Plc.CustomEvents.S7WritePlcDataBlockIntegrationEvent>
2025-09-17 10:54:45.882 +08:00 [INF] Configured endpoint PlcMapEventCommit, Consumer: Plc.Presentation.Custom.PlcMapEventCommitConsumer
2025-09-17 10:54:45.930 +08:00 [INF] Configured endpoint WcsWritePlcTaskState, Saga: Wcs.Presentation.Saga.WcsWritePlcTaskState, State Machine: Wcs.Presentation.Saga.WcsWritePlcTaskSaga
2025-09-17 10:54:45.961 +08:00 [INF] Configured endpoint PlcMapState, Saga: Plc.Presentation.Saga.PlcMapState, State Machine: Plc.Presentation.Saga.PlcMapSaga
2025-09-17 10:54:46.219 +08:00 [DBG] Starting bus instances: IBus
2025-09-17 10:54:46.239 +08:00 [DBG] Starting bus: "loopback://localhost/"
2025-09-17 10:54:46.270 +08:00 [DBG] Endpoint Ready: "loopback://localhost/WcsWritePlcTaskData"
2025-09-17 10:54:46.278 +08:00 [DBG] Endpoint Ready: "loopback://localhost/S7WritePlcDataBlockIntegrationEvent"
2025-09-17 10:54:46.270 +08:00 [DBG] Endpoint Ready: "loopback://localhost/PlcMapDataIntegrationEvent"
2025-09-17 10:54:46.290 +08:00 [DBG] Endpoint Ready: "loopback://localhost/S7ReadPlcDataBlockIntegrationEvent"
2025-09-17 10:54:46.305 +08:00 [DBG] Endpoint Ready: "loopback://localhost/PlcMapEventCommit"
2025-09-17 10:54:46.314 +08:00 [DBG] Endpoint Ready: "loopback://localhost/WcsWritePlcTaskState"
2025-09-17 10:54:46.319 +08:00 [DBG] Endpoint Ready: "loopback://localhost/PlcMapState"
2025-09-17 10:54:46.326 +08:00 [DBG] Endpoint Ready: "loopback://localhost/_WarehourceSource_bus_udnyyyrronegkzy1bdq9mfcxdf"
2025-09-17 10:54:46.333 +08:00 [INF] Bus started: "loopback://localhost/"
2025-09-17 10:56:32.176 +08:00 [INF] Configured endpoint PlcMapDataIntegrationEvent, Consumer: Wcs.Presentation.Custom.PlcMapDataIntegrationEventConsumer
2025-09-17 10:56:32.354 +08:00 [INF] Configured endpoint WcsWritePlcTaskData, Consumer: Wcs.Presentation.Custom.WcsWritePlcTaskDataConsumer
2025-09-17 10:56:32.365 +08:00 [INF] Configured endpoint S7ReadPlcDataBlockIntegrationEvent, Consumer: Plc.Presentation.Custom.ReadPlcEventConsumer<Plc.CustomEvents.S7ReadPlcDataBlockIntegrationEvent>
2025-09-17 10:56:32.369 +08:00 [INF] Configured endpoint S7WritePlcDataBlockIntegrationEvent, Consumer: Plc.Presentation.Custom.WritePlcEventConsumer<Plc.CustomEvents.S7WritePlcDataBlockIntegrationEvent>
2025-09-17 10:56:32.374 +08:00 [INF] Configured endpoint PlcMapEventCommit, Consumer: Plc.Presentation.Custom.PlcMapEventCommitConsumer
2025-09-17 10:56:32.425 +08:00 [INF] Configured endpoint WcsWritePlcTaskState, Saga: Wcs.Presentation.Saga.WcsWritePlcTaskState, State Machine: Wcs.Presentation.Saga.WcsWritePlcTaskSaga
2025-09-17 10:56:32.440 +08:00 [INF] Configured endpoint PlcMapState, Saga: Plc.Presentation.Saga.PlcMapState, State Machine: Plc.Presentation.Saga.PlcMapSaga
2025-09-17 10:56:32.695 +08:00 [DBG] Starting bus instances: IBus
2025-09-17 10:56:32.701 +08:00 [DBG] Starting bus: "loopback://localhost/"
2025-09-17 10:56:32.754 +08:00 [DBG] Endpoint Ready: "loopback://localhost/PlcMapDataIntegrationEvent"
2025-09-17 10:56:32.754 +08:00 [DBG] Endpoint Ready: "loopback://localhost/WcsWritePlcTaskData"
2025-09-17 10:56:32.754 +08:00 [DBG] Endpoint Ready: "loopback://localhost/S7ReadPlcDataBlockIntegrationEvent"
2025-09-17 10:56:32.754 +08:00 [DBG] Endpoint Ready: "loopback://localhost/S7WritePlcDataBlockIntegrationEvent"
2025-09-17 10:56:32.767 +08:00 [DBG] Endpoint Ready: "loopback://localhost/_WarehourceSource_bus_n1qyyyrronegmejobdq9mfqqga"
2025-09-17 10:56:32.754 +08:00 [DBG] Endpoint Ready: "loopback://localhost/WcsWritePlcTaskState"
2025-09-17 10:56:32.754 +08:00 [DBG] Endpoint Ready: "loopback://localhost/PlcMapEventCommit"
2025-09-17 10:56:32.761 +08:00 [DBG] Endpoint Ready: "loopback://localhost/PlcMapState"
2025-09-17 10:56:32.776 +08:00 [INF] Bus started: "loopback://localhost/"
2025-09-17 10:58:29.252 +08:00 [INF] Configured endpoint PlcMapDataIntegrationEvent, Consumer: Wcs.Presentation.Custom.PlcMapDataIntegrationEventConsumer
2025-09-17 10:58:29.305 +08:00 [INF] Configured endpoint WcsWritePlcTaskData, Consumer: Wcs.Presentation.Custom.WcsWritePlcTaskDataConsumer
2025-09-17 10:58:29.310 +08:00 [INF] Configured endpoint S7ReadPlcDataBlockIntegrationEvent, Consumer: Plc.Presentation.Custom.ReadPlcEventConsumer<Plc.CustomEvents.S7ReadPlcDataBlockIntegrationEvent>
2025-09-17 10:58:29.313 +08:00 [INF] Configured endpoint S7WritePlcDataBlockIntegrationEvent, Consumer: Plc.Presentation.Custom.WritePlcEventConsumer<Plc.CustomEvents.S7WritePlcDataBlockIntegrationEvent>
2025-09-17 10:58:29.315 +08:00 [INF] Configured endpoint PlcMapEventCommit, Consumer: Plc.Presentation.Custom.PlcMapEventCommitConsumer
2025-09-17 10:58:29.365 +08:00 [INF] Configured endpoint WcsWritePlcTaskState, Saga: Wcs.Presentation.Saga.WcsWritePlcTaskState, State Machine: Wcs.Presentation.Saga.WcsWritePlcTaskSaga
2025-09-17 10:58:29.382 +08:00 [INF] Configured endpoint PlcMapState, Saga: Plc.Presentation.Saga.PlcMapState, State Machine: Plc.Presentation.Saga.PlcMapSaga
2025-09-17 10:58:29.631 +08:00 [DBG] Starting bus instances: IBus
2025-09-17 10:58:29.638 +08:00 [DBG] Starting bus: "loopback://localhost/"
2025-09-17 10:58:29.694 +08:00 [DBG] Endpoint Ready: "loopback://localhost/PlcMapEventCommit"
2025-09-17 10:58:29.694 +08:00 [DBG] Endpoint Ready: "loopback://localhost/S7ReadPlcDataBlockIntegrationEvent"
2025-09-17 10:58:29.694 +08:00 [DBG] Endpoint Ready: "loopback://localhost/PlcMapDataIntegrationEvent"
2025-09-17 10:58:29.694 +08:00 [DBG] Endpoint Ready: "loopback://localhost/S7WritePlcDataBlockIntegrationEvent"
2025-09-17 10:58:29.694 +08:00 [DBG] Endpoint Ready: "loopback://localhost/WcsWritePlcTaskData"
2025-09-17 10:58:29.694 +08:00 [DBG] Endpoint Ready: "loopback://localhost/WcsWritePlcTaskState"
2025-09-17 10:58:29.695 +08:00 [DBG] Endpoint Ready: "loopback://localhost/PlcMapState"
2025-09-17 10:58:29.699 +08:00 [DBG] Endpoint Ready: "loopback://localhost/_WarehourceSource_bus_1ddoyyrronegkwggbdq9mfowrp"
2025-09-17 10:58:29.707 +08:00 [INF] Bus started: "loopback://localhost/"
2025-09-17 11:00:41.139 +08:00 [INF] Configured endpoint PlcMapDataIntegrationEvent, Consumer: Wcs.Presentation.Custom.PlcMapDataIntegrationEventConsumer
2025-09-17 11:00:41.194 +08:00 [INF] Configured endpoint WcsWritePlcTaskData, Consumer: Wcs.Presentation.Custom.WcsWritePlcTaskDataConsumer
2025-09-17 11:00:41.198 +08:00 [INF] Configured endpoint S7ReadPlcDataBlockIntegrationEvent, Consumer: Plc.Presentation.Custom.ReadPlcEventConsumer<Plc.CustomEvents.S7ReadPlcDataBlockIntegrationEvent>
2025-09-17 11:00:41.206 +08:00 [INF] Configured endpoint S7WritePlcDataBlockIntegrationEvent, Consumer: Plc.Presentation.Custom.WritePlcEventConsumer<Plc.CustomEvents.S7WritePlcDataBlockIntegrationEvent>
2025-09-17 11:00:41.209 +08:00 [INF] Configured endpoint PlcMapEventCommit, Consumer: Plc.Presentation.Custom.PlcMapEventCommitConsumer
2025-09-17 11:00:41.293 +08:00 [INF] Configured endpoint WcsWritePlcTaskState, Saga: Wcs.Presentation.Saga.WcsWritePlcTaskState, State Machine: Wcs.Presentation.Saga.WcsWritePlcTaskSaga
2025-09-17 11:00:41.313 +08:00 [INF] Configured endpoint PlcMapState, Saga: Plc.Presentation.Saga.PlcMapState, State Machine: Plc.Presentation.Saga.PlcMapSaga
2025-09-17 11:00:41.645 +08:00 [DBG] Starting bus instances: IBus
2025-09-17 11:00:41.651 +08:00 [DBG] Starting bus: "loopback://localhost/"
2025-09-17 11:00:41.722 +08:00 [DBG] Endpoint Ready: "loopback://localhost/PlcMapEventCommit"
2025-09-17 11:00:41.722 +08:00 [DBG] Endpoint Ready: "loopback://localhost/WcsWritePlcTaskData"
2025-09-17 11:00:41.722 +08:00 [DBG] Endpoint Ready: "loopback://localhost/S7WritePlcDataBlockIntegrationEvent"
2025-09-17 11:00:41.722 +08:00 [DBG] Endpoint Ready: "loopback://localhost/PlcMapDataIntegrationEvent"
2025-09-17 11:00:41.722 +08:00 [DBG] Endpoint Ready: "loopback://localhost/S7ReadPlcDataBlockIntegrationEvent"
2025-09-17 11:00:41.722 +08:00 [DBG] Endpoint Ready: "loopback://localhost/PlcMapState"
2025-09-17 11:00:41.722 +08:00 [DBG] Endpoint Ready: "loopback://localhost/WcsWritePlcTaskState"
2025-09-17 11:00:41.722 +08:00 [DBG] Endpoint Ready: "loopback://localhost/_WarehourceSource_bus_cbcoyyrronegkkpdbdq9mfudb4"
2025-09-17 11:00:41.730 +08:00 [INF] Bus started: "loopback://localhost/"
2025-09-17 12:53:15.041 +08:00 [INF] Configured endpoint PlcMapDataIntegrationEvent, Consumer: Wcs.Presentation.Custom.PlcMapDataIntegrationEventConsumer
2025-09-17 12:53:15.103 +08:00 [INF] Configured endpoint WcsWritePlcTaskData, Consumer: Wcs.Presentation.Custom.WcsWritePlcTaskDataConsumer
2025-09-17 12:53:15.110 +08:00 [INF] Configured endpoint S7ReadPlcDataBlockIntegrationEvent, Consumer: Plc.Presentation.Custom.ReadPlcEventConsumer<Plc.CustomEvents.S7ReadPlcDataBlockIntegrationEvent>
2025-09-17 12:53:15.116 +08:00 [INF] Configured endpoint S7WritePlcDataBlockIntegrationEvent, Consumer: Plc.Presentation.Custom.WritePlcEventConsumer<Plc.CustomEvents.S7WritePlcDataBlockIntegrationEvent>
2025-09-17 12:53:15.119 +08:00 [INF] Configured endpoint PlcMapEventCommit, Consumer: Plc.Presentation.Custom.PlcMapEventCommitConsumer
2025-09-17 12:53:15.172 +08:00 [INF] Configured endpoint WcsWritePlcTaskState, Saga: Wcs.Presentation.Saga.WcsWritePlcTaskState, State Machine: Wcs.Presentation.Saga.WcsWritePlcTaskSaga
2025-09-17 12:53:15.186 +08:00 [INF] Configured endpoint PlcMapState, Saga: Plc.Presentation.Saga.PlcMapState, State Machine: Plc.Presentation.Saga.PlcMapSaga
2025-09-17 12:53:15.479 +08:00 [DBG] Starting bus instances: IBus
2025-09-17 12:53:15.483 +08:00 [DBG] Starting bus: "loopback://localhost/"
2025-09-17 12:53:15.546 +08:00 [DBG] Endpoint Ready: "loopback://localhost/WcsWritePlcTaskState"
2025-09-17 12:53:15.546 +08:00 [DBG] Endpoint Ready: "loopback://localhost/S7ReadPlcDataBlockIntegrationEvent"
2025-09-17 12:53:15.546 +08:00 [DBG] Endpoint Ready: "loopback://localhost/PlcMapEventCommit"
2025-09-17 12:53:15.546 +08:00 [DBG] Endpoint Ready: "loopback://localhost/PlcMapDataIntegrationEvent"
2025-09-17 12:53:15.546 +08:00 [DBG] Endpoint Ready: "loopback://localhost/_WarehourceSource_bus_nn5oyyrronegkxnhbdq9mjohgx"
2025-09-17 12:53:15.546 +08:00 [DBG] Endpoint Ready: "loopback://localhost/PlcMapState"
2025-09-17 12:53:15.546 +08:00 [DBG] Endpoint Ready: "loopback://localhost/S7WritePlcDataBlockIntegrationEvent"
2025-09-17 12:53:15.546 +08:00 [DBG] Endpoint Ready: "loopback://localhost/WcsWritePlcTaskData"
2025-09-17 12:53:15.549 +08:00 [INF] Bus started: "loopback://localhost/"
2025-09-17 13:32:48.336 +08:00 [INF] Configured endpoint PlcMapDataIntegrationEvent, Consumer: Wcs.Presentation.Custom.PlcMapDataIntegrationEventConsumer
2025-09-17 13:32:48.380 +08:00 [INF] Configured endpoint WcsWritePlcTaskData, Consumer: Wcs.Presentation.Custom.WcsWritePlcTaskDataConsumer
2025-09-17 13:32:48.386 +08:00 [INF] Configured endpoint S7ReadPlcDataBlockIntegrationEvent, Consumer: Plc.Presentation.Custom.ReadPlcEventConsumer<Plc.CustomEvents.S7ReadPlcDataBlockIntegrationEvent>
2025-09-17 13:32:48.394 +08:00 [INF] Configured endpoint S7WritePlcDataBlockIntegrationEvent, Consumer: Plc.Presentation.Custom.WritePlcEventConsumer<Plc.CustomEvents.S7WritePlcDataBlockIntegrationEvent>
2025-09-17 13:32:48.399 +08:00 [INF] Configured endpoint PlcMapEventCommit, Consumer: Plc.Presentation.Custom.PlcMapEventCommitConsumer
2025-09-17 13:32:48.465 +08:00 [INF] Configured endpoint WcsWritePlcTaskState, Saga: Wcs.Presentation.Saga.WcsWritePlcTaskState, State Machine: Wcs.Presentation.Saga.WcsWritePlcTaskSaga
2025-09-17 13:32:48.478 +08:00 [INF] Configured endpoint PlcMapState, Saga: Plc.Presentation.Saga.PlcMapState, State Machine: Plc.Presentation.Saga.PlcMapSaga
2025-09-17 13:32:48.746 +08:00 [DBG] Starting bus instances: IBus
2025-09-17 13:32:48.752 +08:00 [DBG] Starting bus: "loopback://localhost/"
2025-09-17 13:32:48.809 +08:00 [DBG] Endpoint Ready: "loopback://localhost/S7WritePlcDataBlockIntegrationEvent"
2025-09-17 13:32:48.813 +08:00 [DBG] Endpoint Ready: "loopback://localhost/WcsWritePlcTaskData"
2025-09-17 13:32:48.813 +08:00 [DBG] Endpoint Ready: "loopback://localhost/PlcMapEventCommit"
2025-09-17 13:32:48.813 +08:00 [DBG] Endpoint Ready: "loopback://localhost/WcsWritePlcTaskState"
2025-09-17 13:32:48.813 +08:00 [DBG] Endpoint Ready: "loopback://localhost/PlcMapDataIntegrationEvent"
2025-09-17 13:32:48.813 +08:00 [DBG] Endpoint Ready: "loopback://localhost/S7ReadPlcDataBlockIntegrationEvent"
2025-09-17 13:32:48.809 +08:00 [DBG] Endpoint Ready: "loopback://localhost/PlcMapState"
2025-09-17 13:32:48.817 +08:00 [DBG] Endpoint Ready: "loopback://localhost/_WarehourceSource_bus_nudyyyrronegm569bdq9mk7ddm"
2025-09-17 13:32:48.826 +08:00 [INF] Bus started: "loopback://localhost/"
2025-09-17 13:35:03.645 +08:00 [INF] Configured endpoint PlcMapDataIntegrationEvent, Consumer: Wcs.Presentation.Custom.PlcMapDataIntegrationEventConsumer
2025-09-17 13:35:03.690 +08:00 [INF] Configured endpoint WcsWritePlcTaskData, Consumer: Wcs.Presentation.Custom.WcsWritePlcTaskDataConsumer
2025-09-17 13:35:03.699 +08:00 [INF] Configured endpoint S7ReadPlcDataBlockIntegrationEvent, Consumer: Plc.Presentation.Custom.ReadPlcEventConsumer<Plc.CustomEvents.S7ReadPlcDataBlockIntegrationEvent>
2025-09-17 13:35:03.704 +08:00 [INF] Configured endpoint S7WritePlcDataBlockIntegrationEvent, Consumer: Plc.Presentation.Custom.WritePlcEventConsumer<Plc.CustomEvents.S7WritePlcDataBlockIntegrationEvent>
2025-09-17 13:35:03.706 +08:00 [INF] Configured endpoint PlcMapEventCommit, Consumer: Plc.Presentation.Custom.PlcMapEventCommitConsumer
2025-09-17 13:35:03.768 +08:00 [INF] Configured endpoint WcsWritePlcTaskState, Saga: Wcs.Presentation.Saga.WcsWritePlcTaskState, State Machine: Wcs.Presentation.Saga.WcsWritePlcTaskSaga
2025-09-17 13:35:03.780 +08:00 [INF] Configured endpoint PlcMapState, Saga: Plc.Presentation.Saga.PlcMapState, State Machine: Plc.Presentation.Saga.PlcMapSaga
2025-09-17 13:35:04.012 +08:00 [DBG] Starting bus instances: IBus
2025-09-17 13:35:04.018 +08:00 [DBG] Starting bus: "loopback://localhost/"
2025-09-17 13:35:04.081 +08:00 [DBG] Endpoint Ready: "loopback://localhost/S7ReadPlcDataBlockIntegrationEvent"
2025-09-17 13:35:04.081 +08:00 [DBG] Endpoint Ready: "loopback://localhost/WcsWritePlcTaskData"
2025-09-17 13:35:04.081 +08:00 [DBG] Endpoint Ready: "loopback://localhost/PlcMapDataIntegrationEvent"
2025-09-17 13:35:04.082 +08:00 [DBG] Endpoint Ready: "loopback://localhost/S7WritePlcDataBlockIntegrationEvent"
2025-09-17 13:35:04.081 +08:00 [DBG] Endpoint Ready: "loopback://localhost/PlcMapEventCommit"
2025-09-17 13:35:04.081 +08:00 [DBG] Endpoint Ready: "loopback://localhost/WcsWritePlcTaskState"
2025-09-17 13:35:04.081 +08:00 [DBG] Endpoint Ready: "loopback://localhost/PlcMapState"
2025-09-17 13:35:04.085 +08:00 [DBG] Endpoint Ready: "loopback://localhost/_WarehourceSource_bus_gn1yyyrronegk5bxbdq9mk9wym"
2025-09-17 13:35:04.091 +08:00 [INF] Bus started: "loopback://localhost/"
2025-09-17 14:10:03.005 +08:00 [INF] Configured endpoint PlcMapDataIntegrationEvent, Consumer: Wcs.Presentation.Custom.PlcMapDataIntegrationEventConsumer
2025-09-17 14:10:03.054 +08:00 [INF] Configured endpoint WcsWritePlcTaskData, Consumer: Wcs.Presentation.Custom.WcsWritePlcTaskDataConsumer
2025-09-17 14:10:03.057 +08:00 [INF] Configured endpoint S7ReadPlcDataBlockIntegrationEvent, Consumer: Plc.Presentation.Custom.ReadPlcEventConsumer<Plc.CustomEvents.S7ReadPlcDataBlockIntegrationEvent>
2025-09-17 14:10:03.061 +08:00 [INF] Configured endpoint S7WritePlcDataBlockIntegrationEvent, Consumer: Plc.Presentation.Custom.WritePlcEventConsumer<Plc.CustomEvents.S7WritePlcDataBlockIntegrationEvent>
2025-09-17 14:10:03.067 +08:00 [INF] Configured endpoint PlcMapEventCommit, Consumer: Plc.Presentation.Custom.PlcMapEventCommitConsumer
2025-09-17 14:10:03.138 +08:00 [INF] Configured endpoint WcsWritePlcTaskState, Saga: Wcs.Presentation.Saga.WcsWritePlcTaskState, State Machine: Wcs.Presentation.Saga.WcsWritePlcTaskSaga
2025-09-17 14:10:03.151 +08:00 [INF] Configured endpoint PlcMapState, Saga: Plc.Presentation.Saga.PlcMapState, State Machine: Plc.Presentation.Saga.PlcMapSaga
2025-09-17 14:10:03.399 +08:00 [DBG] Starting bus instances: IBus
2025-09-17 14:10:03.408 +08:00 [DBG] Starting bus: "loopback://localhost/"
2025-09-17 14:10:03.477 +08:00 [DBG] Endpoint Ready: "loopback://localhost/WcsWritePlcTaskState"
2025-09-17 14:10:03.477 +08:00 [DBG] Endpoint Ready: "loopback://localhost/_WarehourceSource_bus_9dnyyyrronegm5uabdq9mcgznh"
2025-09-17 14:10:03.477 +08:00 [DBG] Endpoint Ready: "loopback://localhost/S7ReadPlcDataBlockIntegrationEvent"
2025-09-17 14:10:03.477 +08:00 [DBG] Endpoint Ready: "loopback://localhost/PlcMapEventCommit"
2025-09-17 14:10:03.477 +08:00 [DBG] Endpoint Ready: "loopback://localhost/S7WritePlcDataBlockIntegrationEvent"
2025-09-17 14:10:03.477 +08:00 [DBG] Endpoint Ready: "loopback://localhost/PlcMapState"
2025-09-17 14:10:03.477 +08:00 [DBG] Endpoint Ready: "loopback://localhost/PlcMapDataIntegrationEvent"
2025-09-17 14:10:03.477 +08:00 [DBG] Endpoint Ready: "loopback://localhost/WcsWritePlcTaskData"
2025-09-17 14:10:03.483 +08:00 [INF] Bus started: "loopback://localhost/"
2025-09-17 14:30:52.918 +08:00 [INF] Configured endpoint PlcMapDataIntegrationEvent, Consumer: Wcs.Presentation.Custom.PlcMapDataIntegrationEventConsumer
2025-09-17 14:30:52.951 +08:00 [INF] Configured endpoint WcsWritePlcTaskData, Consumer: Wcs.Presentation.Custom.WcsWritePlcTaskDataConsumer
2025-09-17 14:30:52.955 +08:00 [INF] Configured endpoint S7ReadPlcDataBlockIntegrationEvent, Consumer: Plc.Presentation.Custom.ReadPlcEventConsumer<Plc.CustomEvents.S7ReadPlcDataBlockIntegrationEvent>
2025-09-17 14:30:52.957 +08:00 [INF] Configured endpoint S7WritePlcDataBlockIntegrationEvent, Consumer: Plc.Presentation.Custom.WritePlcEventConsumer<Plc.CustomEvents.S7WritePlcDataBlockIntegrationEvent>
2025-09-17 14:30:52.961 +08:00 [INF] Configured endpoint PlcMapEventCommit, Consumer: Plc.Presentation.Custom.PlcMapEventCommitConsumer
2025-09-17 14:30:53.008 +08:00 [INF] Configured endpoint WcsWritePlcTaskState, Saga: Wcs.Presentation.Saga.WcsWritePlcTaskState, State Machine: Wcs.Presentation.Saga.WcsWritePlcTaskSaga
2025-09-17 14:30:53.019 +08:00 [INF] Configured endpoint PlcMapState, Saga: Plc.Presentation.Saga.PlcMapState, State Machine: Plc.Presentation.Saga.PlcMapSaga
2025-09-17 14:30:53.213 +08:00 [DBG] Starting bus instances: IBus
2025-09-17 14:30:53.217 +08:00 [DBG] Starting bus: "loopback://localhost/"
2025-09-17 14:30:53.249 +08:00 [DBG] Endpoint Ready: "loopback://localhost/S7ReadPlcDataBlockIntegrationEvent"
2025-09-17 14:30:53.249 +08:00 [DBG] Endpoint Ready: "loopback://localhost/WcsWritePlcTaskData"
2025-09-17 14:30:53.260 +08:00 [DBG] Endpoint Ready: "loopback://localhost/PlcMapState"
2025-09-17 14:30:53.249 +08:00 [DBG] Endpoint Ready: "loopback://localhost/PlcMapDataIntegrationEvent"
2025-09-17 14:30:53.250 +08:00 [DBG] Endpoint Ready: "loopback://localhost/S7WritePlcDataBlockIntegrationEvent"
2025-09-17 14:30:53.255 +08:00 [DBG] Endpoint Ready: "loopback://localhost/PlcMapEventCommit"
2025-09-17 14:30:53.260 +08:00 [DBG] Endpoint Ready: "loopback://localhost/WcsWritePlcTaskState"
2025-09-17 14:30:53.265 +08:00 [DBG] Endpoint Ready: "loopback://localhost/_WarehourceSource_bus_gncyyyrronegkcn5bdq9mc6yns"
2025-09-17 14:30:53.272 +08:00 [INF] Bus started: "loopback://localhost/"
2025-09-17 14:43:19.674 +08:00 [INF] Configured endpoint PlcMapDataIntegrationEvent, Consumer: Wcs.Presentation.Custom.PlcMapDataIntegrationEventConsumer
2025-09-17 14:43:19.711 +08:00 [INF] Configured endpoint WcsWritePlcTaskData, Consumer: Wcs.Presentation.Custom.WcsWritePlcTaskDataConsumer
2025-09-17 14:43:19.715 +08:00 [INF] Configured endpoint S7ReadPlcDataBlockIntegrationEvent, Consumer: Plc.Presentation.Custom.ReadPlcEventConsumer<Plc.CustomEvents.S7ReadPlcDataBlockIntegrationEvent>
2025-09-17 14:43:19.717 +08:00 [INF] Configured endpoint S7WritePlcDataBlockIntegrationEvent, Consumer: Plc.Presentation.Custom.WritePlcEventConsumer<Plc.CustomEvents.S7WritePlcDataBlockIntegrationEvent>
2025-09-17 14:43:19.722 +08:00 [INF] Configured endpoint PlcMapEventCommit, Consumer: Plc.Presentation.Custom.PlcMapEventCommitConsumer
2025-09-17 14:43:19.794 +08:00 [INF] Configured endpoint WcsWritePlcTaskState, Saga: Wcs.Presentation.Saga.WcsWritePlcTaskState, State Machine: Wcs.Presentation.Saga.WcsWritePlcTaskSaga
2025-09-17 14:43:19.809 +08:00 [INF] Configured endpoint PlcMapState, Saga: Plc.Presentation.Saga.PlcMapState, State Machine: Plc.Presentation.Saga.PlcMapSaga
2025-09-17 14:43:20.092 +08:00 [DBG] Starting bus instances: IBus
2025-09-17 14:43:20.099 +08:00 [DBG] Starting bus: "loopback://localhost/"
2025-09-17 14:43:20.166 +08:00 [DBG] Endpoint Ready: "loopback://localhost/PlcMapState"
2025-09-17 14:43:20.167 +08:00 [DBG] Endpoint Ready: "loopback://localhost/S7WritePlcDataBlockIntegrationEvent"
2025-09-17 14:43:20.167 +08:00 [DBG] Endpoint Ready: "loopback://localhost/S7ReadPlcDataBlockIntegrationEvent"
2025-09-17 14:43:20.167 +08:00 [DBG] Endpoint Ready: "loopback://localhost/PlcMapDataIntegrationEvent"
2025-09-17 14:43:20.167 +08:00 [DBG] Endpoint Ready: "loopback://localhost/WcsWritePlcTaskData"
2025-09-17 14:43:20.167 +08:00 [DBG] Endpoint Ready: "loopback://localhost/PlcMapEventCommit"
2025-09-17 14:43:20.166 +08:00 [DBG] Endpoint Ready: "loopback://localhost/WcsWritePlcTaskState"
2025-09-17 14:43:20.168 +08:00 [DBG] Endpoint Ready: "loopback://localhost/_WarehourceSource_bus_m1ryyyrronegkao1bdq9mpm7d5"
2025-09-17 14:43:20.177 +08:00 [INF] Bus started: "loopback://localhost/"
2025-09-17 14:54:42.264 +08:00 [INF] Configured endpoint PlcMapDataIntegrationEvent, Consumer: Wcs.Presentation.Custom.PlcMapDataIntegrationEventConsumer
2025-09-17 14:54:42.311 +08:00 [INF] Configured endpoint WcsWritePlcTaskData, Consumer: Wcs.Presentation.Custom.WcsWritePlcTaskDataConsumer
2025-09-17 14:54:42.316 +08:00 [INF] Configured endpoint S7ReadPlcDataBlockIntegrationEvent, Consumer: Plc.Presentation.Custom.ReadPlcEventConsumer<Plc.CustomEvents.S7ReadPlcDataBlockIntegrationEvent>
2025-09-17 14:54:42.338 +08:00 [INF] Configured endpoint S7WritePlcDataBlockIntegrationEvent, Consumer: Plc.Presentation.Custom.WritePlcEventConsumer<Plc.CustomEvents.S7WritePlcDataBlockIntegrationEvent>
2025-09-17 14:54:42.345 +08:00 [INF] Configured endpoint PlcMapEventCommit, Consumer: Plc.Presentation.Custom.PlcMapEventCommitConsumer
2025-09-17 14:54:42.396 +08:00 [INF] Configured endpoint WcsWritePlcTaskState, Saga: Wcs.Presentation.Saga.WcsWritePlcTaskState, State Machine: Wcs.Presentation.Saga.WcsWritePlcTaskSaga
2025-09-17 14:54:42.409 +08:00 [INF] Configured endpoint PlcMapState, Saga: Plc.Presentation.Saga.PlcMapState, State Machine: Plc.Presentation.Saga.PlcMapSaga
2025-09-17 14:54:42.648 +08:00 [DBG] Starting bus instances: IBus
2025-09-17 14:54:42.653 +08:00 [DBG] Starting bus: "loopback://localhost/"
2025-09-17 14:54:42.706 +08:00 [DBG] Endpoint Ready: "loopback://localhost/WcsWritePlcTaskState"
2025-09-17 14:54:42.706 +08:00 [DBG] Endpoint Ready: "loopback://localhost/PlcMapEventCommit"
2025-09-17 14:54:42.706 +08:00 [DBG] Endpoint Ready: "loopback://localhost/PlcMapDataIntegrationEvent"
2025-09-17 14:54:42.706 +08:00 [DBG] Endpoint Ready: "loopback://localhost/WcsWritePlcTaskData"
2025-09-17 14:54:42.706 +08:00 [DBG] Endpoint Ready: "loopback://localhost/S7ReadPlcDataBlockIntegrationEvent"
2025-09-17 14:54:42.706 +08:00 [DBG] Endpoint Ready: "loopback://localhost/S7WritePlcDataBlockIntegrationEvent"
2025-09-17 14:54:42.713 +08:00 [DBG] Endpoint Ready: "loopback://localhost/PlcMapState"
2025-09-17 14:54:42.713 +08:00 [DBG] Endpoint Ready: "loopback://localhost/_WarehourceSource_bus_dntoyyrronegm5m3bdq9mpawnw"
2025-09-17 14:54:42.729 +08:00 [INF] Bus started: "loopback://localhost/"
2025-09-17 14:56:24.571 +08:00 [INF] Configured endpoint PlcMapDataIntegrationEvent, Consumer: Wcs.Presentation.Custom.PlcMapDataIntegrationEventConsumer
2025-09-17 14:56:24.608 +08:00 [INF] Configured endpoint WcsWritePlcTaskData, Consumer: Wcs.Presentation.Custom.WcsWritePlcTaskDataConsumer
2025-09-17 14:56:24.613 +08:00 [INF] Configured endpoint S7ReadPlcDataBlockIntegrationEvent, Consumer: Plc.Presentation.Custom.ReadPlcEventConsumer<Plc.CustomEvents.S7ReadPlcDataBlockIntegrationEvent>
2025-09-17 14:56:24.619 +08:00 [INF] Configured endpoint S7WritePlcDataBlockIntegrationEvent, Consumer: Plc.Presentation.Custom.WritePlcEventConsumer<Plc.CustomEvents.S7WritePlcDataBlockIntegrationEvent>
2025-09-17 14:56:24.626 +08:00 [INF] Configured endpoint PlcMapEventCommit, Consumer: Plc.Presentation.Custom.PlcMapEventCommitConsumer
2025-09-17 14:56:24.686 +08:00 [INF] Configured endpoint WcsWritePlcTaskState, Saga: Wcs.Presentation.Saga.WcsWritePlcTaskState, State Machine: Wcs.Presentation.Saga.WcsWritePlcTaskSaga
2025-09-17 14:56:24.706 +08:00 [INF] Configured endpoint PlcMapState, Saga: Plc.Presentation.Saga.PlcMapState, State Machine: Plc.Presentation.Saga.PlcMapSaga
2025-09-17 14:56:24.936 +08:00 [DBG] Starting bus instances: IBus
2025-09-17 14:56:24.943 +08:00 [DBG] Starting bus: "loopback://localhost/"
2025-09-17 14:56:25.004 +08:00 [DBG] Endpoint Ready: "loopback://localhost/S7ReadPlcDataBlockIntegrationEvent"
2025-09-17 14:56:25.004 +08:00 [DBG] Endpoint Ready: "loopback://localhost/S7WritePlcDataBlockIntegrationEvent"
2025-09-17 14:56:25.004 +08:00 [DBG] Endpoint Ready: "loopback://localhost/PlcMapEventCommit"
2025-09-17 14:56:25.004 +08:00 [DBG] Endpoint Ready: "loopback://localhost/PlcMapDataIntegrationEvent"
2025-09-17 14:56:25.004 +08:00 [DBG] Endpoint Ready: "loopback://localhost/WcsWritePlcTaskData"
2025-09-17 14:56:25.004 +08:00 [DBG] Endpoint Ready: "loopback://localhost/WcsWritePlcTaskState"
2025-09-17 14:56:25.004 +08:00 [DBG] Endpoint Ready: "loopback://localhost/PlcMapState"
2025-09-17 14:56:25.005 +08:00 [DBG] Endpoint Ready: "loopback://localhost/_WarehourceSource_bus_oueyyyrronegkh61bdq9mp4tnp"
2025-09-17 14:56:25.013 +08:00 [INF] Bus started: "loopback://localhost/"
2025-09-17 14:58:49.159 +08:00 [INF] Configured endpoint PlcMapDataIntegrationEvent, Consumer: Wcs.Presentation.Custom.PlcMapDataIntegrationEventConsumer
2025-09-17 14:58:49.198 +08:00 [INF] Configured endpoint WcsWritePlcTaskData, Consumer: Wcs.Presentation.Custom.WcsWritePlcTaskDataConsumer
2025-09-17 14:58:49.202 +08:00 [INF] Configured endpoint S7ReadPlcDataBlockIntegrationEvent, Consumer: Plc.Presentation.Custom.ReadPlcEventConsumer<Plc.CustomEvents.S7ReadPlcDataBlockIntegrationEvent>
2025-09-17 14:58:49.206 +08:00 [INF] Configured endpoint S7WritePlcDataBlockIntegrationEvent, Consumer: Plc.Presentation.Custom.WritePlcEventConsumer<Plc.CustomEvents.S7WritePlcDataBlockIntegrationEvent>
2025-09-17 14:58:49.213 +08:00 [INF] Configured endpoint PlcMapEventCommit, Consumer: Plc.Presentation.Custom.PlcMapEventCommitConsumer
2025-09-17 14:58:49.264 +08:00 [INF] Configured endpoint WcsWritePlcTaskState, Saga: Wcs.Presentation.Saga.WcsWritePlcTaskState, State Machine: Wcs.Presentation.Saga.WcsWritePlcTaskSaga
2025-09-17 14:58:49.276 +08:00 [INF] Configured endpoint PlcMapState, Saga: Plc.Presentation.Saga.PlcMapState, State Machine: Plc.Presentation.Saga.PlcMapSaga
2025-09-17 14:58:49.561 +08:00 [DBG] Starting bus instances: IBus
2025-09-17 14:58:49.568 +08:00 [DBG] Starting bus: "loopback://localhost/"
2025-09-17 14:58:49.623 +08:00 [DBG] Endpoint Ready: "loopback://localhost/S7WritePlcDataBlockIntegrationEvent"
2025-09-17 14:58:49.623 +08:00 [DBG] Endpoint Ready: "loopback://localhost/PlcMapDataIntegrationEvent"
2025-09-17 14:58:49.623 +08:00 [DBG] Endpoint Ready: "loopback://localhost/WcsWritePlcTaskData"
2025-09-17 14:58:49.623 +08:00 [DBG] Endpoint Ready: "loopback://localhost/S7ReadPlcDataBlockIntegrationEvent"
2025-09-17 14:58:49.623 +08:00 [DBG] Endpoint Ready: "loopback://localhost/PlcMapEventCommit"
2025-09-17 14:58:49.623 +08:00 [DBG] Endpoint Ready: "loopback://localhost/WcsWritePlcTaskState"
2025-09-17 14:58:49.623 +08:00 [DBG] Endpoint Ready: "loopback://localhost/PlcMapState"
2025-09-17 14:58:49.624 +08:00 [DBG] Endpoint Ready: "loopback://localhost/_WarehourceSource_bus_pbkoyyrronegkfcqbdq9mp78dh"
2025-09-17 14:58:49.632 +08:00 [INF] Bus started: "loopback://localhost/"
2025-09-17 15:08:59.160 +08:00 [INF] Configured endpoint PlcMapDataIntegrationEvent, Consumer: Wcs.Presentation.Custom.PlcMapDataIntegrationEventConsumer
2025-09-17 15:08:59.192 +08:00 [INF] Configured endpoint WcsWritePlcTaskData, Consumer: Wcs.Presentation.Custom.WcsWritePlcTaskDataConsumer
2025-09-17 15:08:59.195 +08:00 [INF] Configured endpoint S7ReadPlcDataBlockIntegrationEvent, Consumer: Plc.Presentation.Custom.ReadPlcEventConsumer<Plc.CustomEvents.S7ReadPlcDataBlockIntegrationEvent>
2025-09-17 15:08:59.198 +08:00 [INF] Configured endpoint S7WritePlcDataBlockIntegrationEvent, Consumer: Plc.Presentation.Custom.WritePlcEventConsumer<Plc.CustomEvents.S7WritePlcDataBlockIntegrationEvent>
2025-09-17 15:08:59.202 +08:00 [INF] Configured endpoint PlcMapEventCommit, Consumer: Plc.Presentation.Custom.PlcMapEventCommitConsumer
2025-09-17 15:08:59.246 +08:00 [INF] Configured endpoint WcsWritePlcTaskState, Saga: Wcs.Presentation.Saga.WcsWritePlcTaskState, State Machine: Wcs.Presentation.Saga.WcsWritePlcTaskSaga
2025-09-17 15:08:59.258 +08:00 [INF] Configured endpoint PlcMapState, Saga: Plc.Presentation.Saga.PlcMapState, State Machine: Plc.Presentation.Saga.PlcMapSaga
2025-09-17 15:08:59.549 +08:00 [DBG] Starting bus instances: IBus
2025-09-17 15:08:59.560 +08:00 [DBG] Starting bus: "loopback://localhost/"
2025-09-17 15:08:59.615 +08:00 [DBG] Endpoint Ready: "loopback://localhost/PlcMapState"
2025-09-17 15:08:59.615 +08:00 [DBG] Endpoint Ready: "loopback://localhost/PlcMapEventCommit"
2025-09-17 15:08:59.615 +08:00 [DBG] Endpoint Ready: "loopback://localhost/PlcMapDataIntegrationEvent"
2025-09-17 15:08:59.615 +08:00 [DBG] Endpoint Ready: "loopback://localhost/S7WritePlcDataBlockIntegrationEvent"
2025-09-17 15:08:59.615 +08:00 [DBG] Endpoint Ready: "loopback://localhost/WcsWritePlcTaskData"
2025-09-17 15:08:59.615 +08:00 [DBG] Endpoint Ready: "loopback://localhost/S7ReadPlcDataBlockIntegrationEvent"
2025-09-17 15:08:59.615 +08:00 [DBG] Endpoint Ready: "loopback://localhost/WcsWritePlcTaskState"
2025-09-17 15:08:59.616 +08:00 [DBG] Endpoint Ready: "loopback://localhost/_WarehourceSource_bus_9ubyyyrronegm43wbdq9mqeuyi"
2025-09-17 15:08:59.624 +08:00 [INF] Bus started: "loopback://localhost/"
2025-09-17 15:10:20.491 +08:00 [INF] Configured endpoint PlcMapDataIntegrationEvent, Consumer: Wcs.Presentation.Custom.PlcMapDataIntegrationEventConsumer
2025-09-17 15:10:20.534 +08:00 [INF] Configured endpoint WcsWritePlcTaskData, Consumer: Wcs.Presentation.Custom.WcsWritePlcTaskDataConsumer
2025-09-17 15:10:20.538 +08:00 [INF] Configured endpoint S7ReadPlcDataBlockIntegrationEvent, Consumer: Plc.Presentation.Custom.ReadPlcEventConsumer<Plc.CustomEvents.S7ReadPlcDataBlockIntegrationEvent>
2025-09-17 15:10:20.540 +08:00 [INF] Configured endpoint S7WritePlcDataBlockIntegrationEvent, Consumer: Plc.Presentation.Custom.WritePlcEventConsumer<Plc.CustomEvents.S7WritePlcDataBlockIntegrationEvent>
2025-09-17 15:10:20.545 +08:00 [INF] Configured endpoint PlcMapEventCommit, Consumer: Plc.Presentation.Custom.PlcMapEventCommitConsumer
2025-09-17 15:10:20.597 +08:00 [INF] Configured endpoint WcsWritePlcTaskState, Saga: Wcs.Presentation.Saga.WcsWritePlcTaskState, State Machine: Wcs.Presentation.Saga.WcsWritePlcTaskSaga
2025-09-17 15:10:20.613 +08:00 [INF] Configured endpoint PlcMapState, Saga: Plc.Presentation.Saga.PlcMapState, State Machine: Plc.Presentation.Saga.PlcMapSaga
2025-09-17 15:10:20.857 +08:00 [DBG] Starting bus instances: IBus
2025-09-17 15:10:20.861 +08:00 [DBG] Starting bus: "loopback://localhost/"
2025-09-17 15:10:20.920 +08:00 [DBG] Endpoint Ready: "loopback://localhost/_WarehourceSource_bus_an4oyyrronegkgmgbdq9mqkdrk"
2025-09-17 15:10:20.921 +08:00 [DBG] Endpoint Ready: "loopback://localhost/PlcMapEventCommit"
2025-09-17 15:10:20.921 +08:00 [DBG] Endpoint Ready: "loopback://localhost/PlcMapDataIntegrationEvent"
2025-09-17 15:10:20.921 +08:00 [DBG] Endpoint Ready: "loopback://localhost/S7ReadPlcDataBlockIntegrationEvent"
2025-09-17 15:10:20.921 +08:00 [DBG] Endpoint Ready: "loopback://localhost/WcsWritePlcTaskState"
2025-09-17 15:10:20.921 +08:00 [DBG] Endpoint Ready: "loopback://localhost/PlcMapState"
2025-09-17 15:10:20.921 +08:00 [DBG] Endpoint Ready: "loopback://localhost/WcsWritePlcTaskData"
2025-09-17 15:10:20.921 +08:00 [DBG] Endpoint Ready: "loopback://localhost/S7WritePlcDataBlockIntegrationEvent"
2025-09-17 15:10:20.926 +08:00 [INF] Bus started: "loopback://localhost/"
2025-09-17 15:38:09.980 +08:00 [INF] Configured endpoint PlcMapDataIntegrationEvent, Consumer: Wcs.Presentation.Custom.PlcMapDataIntegrationEventConsumer
2025-09-17 15:38:10.024 +08:00 [INF] Configured endpoint WcsWritePlcTaskData, Consumer: Wcs.Presentation.Custom.WcsWritePlcTaskDataConsumer
2025-09-17 15:38:10.028 +08:00 [INF] Configured endpoint S7ReadPlcDataBlockIntegrationEvent, Consumer: Plc.Presentation.Custom.ReadPlcEventConsumer<Plc.CustomEvents.S7ReadPlcDataBlockIntegrationEvent>
2025-09-17 15:38:10.033 +08:00 [INF] Configured endpoint S7WritePlcDataBlockIntegrationEvent, Consumer: Plc.Presentation.Custom.WritePlcEventConsumer<Plc.CustomEvents.S7WritePlcDataBlockIntegrationEvent>
2025-09-17 15:38:10.044 +08:00 [INF] Configured endpoint PlcMapEventCommit, Consumer: Plc.Presentation.Custom.PlcMapEventCommitConsumer
2025-09-17 15:38:10.114 +08:00 [INF] Configured endpoint WcsWritePlcTaskState, Saga: Wcs.Presentation.Saga.WcsWritePlcTaskState, State Machine: Wcs.Presentation.Saga.WcsWritePlcTaskSaga
2025-09-17 15:38:10.132 +08:00 [INF] Configured endpoint PlcMapState, Saga: Plc.Presentation.Saga.PlcMapState, State Machine: Plc.Presentation.Saga.PlcMapSaga
2025-09-17 15:38:10.408 +08:00 [DBG] Starting bus instances: IBus
2025-09-17 15:38:10.414 +08:00 [DBG] Starting bus: "loopback://localhost/"
2025-09-17 15:38:10.481 +08:00 [DBG] Endpoint Ready: "loopback://localhost/WcsWritePlcTaskState"
2025-09-17 15:38:10.481 +08:00 [DBG] Endpoint Ready: "loopback://localhost/PlcMapEventCommit"
2025-09-17 15:38:10.482 +08:00 [DBG] Endpoint Ready: "loopback://localhost/PlcMapDataIntegrationEvent"
2025-09-17 15:38:10.482 +08:00 [DBG] Endpoint Ready: "loopback://localhost/S7WritePlcDataBlockIntegrationEvent"
2025-09-17 15:38:10.482 +08:00 [DBG] Endpoint Ready: "loopback://localhost/S7ReadPlcDataBlockIntegrationEvent"
2025-09-17 15:38:10.481 +08:00 [DBG] Endpoint Ready: "loopback://localhost/WcsWritePlcTaskData"
2025-09-17 15:38:10.481 +08:00 [DBG] Endpoint Ready: "loopback://localhost/PlcMapState"
2025-09-17 15:38:10.484 +08:00 [DBG] Endpoint Ready: "loopback://localhost/_WarehourceSource_bus_hbtyyyrronegk9ogbdq9mxjgfc"
2025-09-17 15:38:10.492 +08:00 [INF] Bus started: "loopback://localhost/"
2025-09-17 16:06:16.018 +08:00 [INF] Configured endpoint PlcMapDataIntegrationEvent, Consumer: Wcs.Presentation.Custom.PlcMapDataIntegrationEventConsumer
2025-09-17 16:06:16.304 +08:00 [INF] Configured endpoint WcsWritePlcTaskData, Consumer: Wcs.Presentation.Custom.WcsWritePlcTaskDataConsumer
2025-09-17 16:06:16.311 +08:00 [INF] Configured endpoint S7ReadPlcDataBlockIntegrationEvent, Consumer: Plc.Presentation.Custom.ReadPlcEventConsumer<Plc.CustomEvents.S7ReadPlcDataBlockIntegrationEvent>
2025-09-17 16:06:16.315 +08:00 [INF] Configured endpoint S7WritePlcDataBlockIntegrationEvent, Consumer: Plc.Presentation.Custom.WritePlcEventConsumer<Plc.CustomEvents.S7WritePlcDataBlockIntegrationEvent>
2025-09-17 16:06:16.321 +08:00 [INF] Configured endpoint PlcMapEventCommit, Consumer: Plc.Presentation.Custom.PlcMapEventCommitConsumer
2025-09-17 16:06:16.381 +08:00 [INF] Configured endpoint WcsWritePlcTaskState, Saga: Wcs.Presentation.Saga.WcsWritePlcTaskState, State Machine: Wcs.Presentation.Saga.WcsWritePlcTaskSaga
2025-09-17 16:06:16.396 +08:00 [INF] Configured endpoint PlcMapState, Saga: Plc.Presentation.Saga.PlcMapState, State Machine: Plc.Presentation.Saga.PlcMapSaga
2025-09-17 16:21:31.382 +08:00 [INF] Configured endpoint PlcMapDataIntegrationEvent, Consumer: Wcs.Presentation.Custom.PlcMapDataIntegrationEventConsumer
2025-09-17 16:21:31.420 +08:00 [INF] Configured endpoint WcsWritePlcTaskData, Consumer: Wcs.Presentation.Custom.WcsWritePlcTaskDataConsumer
2025-09-17 16:21:31.423 +08:00 [INF] Configured endpoint S7ReadPlcDataBlockIntegrationEvent, Consumer: Plc.Presentation.Custom.ReadPlcEventConsumer<Plc.CustomEvents.S7ReadPlcDataBlockIntegrationEvent>
2025-09-17 16:21:31.426 +08:00 [INF] Configured endpoint S7WritePlcDataBlockIntegrationEvent, Consumer: Plc.Presentation.Custom.WritePlcEventConsumer<Plc.CustomEvents.S7WritePlcDataBlockIntegrationEvent>
2025-09-17 16:21:31.431 +08:00 [INF] Configured endpoint PlcMapEventCommit, Consumer: Plc.Presentation.Custom.PlcMapEventCommitConsumer
2025-09-17 16:21:31.485 +08:00 [INF] Configured endpoint WcsWritePlcTaskState, Saga: Wcs.Presentation.Saga.WcsWritePlcTaskState, State Machine: Wcs.Presentation.Saga.WcsWritePlcTaskSaga
2025-09-17 16:21:31.501 +08:00 [INF] Configured endpoint PlcMapState, Saga: Plc.Presentation.Saga.PlcMapState, State Machine: Plc.Presentation.Saga.PlcMapSaga
2025-09-17 16:21:31.753 +08:00 [DBG] Starting bus instances: IBus
2025-09-17 16:21:31.759 +08:00 [DBG] Starting bus: "loopback://localhost/"
2025-09-17 16:21:31.826 +08:00 [DBG] Endpoint Ready: "loopback://localhost/S7WritePlcDataBlockIntegrationEvent"
2025-09-17 16:21:31.826 +08:00 [DBG] Endpoint Ready: "loopback://localhost/S7ReadPlcDataBlockIntegrationEvent"
2025-09-17 16:21:31.826 +08:00 [DBG] Endpoint Ready: "loopback://localhost/PlcMapEventCommit"
2025-09-17 16:21:31.826 +08:00 [DBG] Endpoint Ready: "loopback://localhost/PlcMapDataIntegrationEvent"
2025-09-17 16:21:31.826 +08:00 [DBG] Endpoint Ready: "loopback://localhost/WcsWritePlcTaskData"
2025-09-17 16:21:31.829 +08:00 [DBG] Endpoint Ready: "loopback://localhost/WcsWritePlcTaskState"
2025-09-17 16:21:31.826 +08:00 [DBG] Endpoint Ready: "loopback://localhost/PlcMapState"
2025-09-17 16:21:31.836 +08:00 [DBG] Endpoint Ready: "loopback://localhost/_WarehourceSource_bus_j1ioyyrronegkzgbbdq9mo3ibu"
2025-09-17 16:21:31.845 +08:00 [INF] Bus started: "loopback://localhost/"
2025-09-17 16:22:09.321 +08:00 [INF] Configured endpoint PlcMapDataIntegrationEvent, Consumer: Wcs.Presentation.Custom.PlcMapDataIntegrationEventConsumer
2025-09-17 16:22:09.367 +08:00 [INF] Configured endpoint WcsWritePlcTaskData, Consumer: Wcs.Presentation.Custom.WcsWritePlcTaskDataConsumer
2025-09-17 16:22:09.372 +08:00 [INF] Configured endpoint S7ReadPlcDataBlockIntegrationEvent, Consumer: Plc.Presentation.Custom.ReadPlcEventConsumer<Plc.CustomEvents.S7ReadPlcDataBlockIntegrationEvent>
2025-09-17 16:22:09.377 +08:00 [INF] Configured endpoint S7WritePlcDataBlockIntegrationEvent, Consumer: Plc.Presentation.Custom.WritePlcEventConsumer<Plc.CustomEvents.S7WritePlcDataBlockIntegrationEvent>
2025-09-17 16:22:09.387 +08:00 [INF] Configured endpoint PlcMapEventCommit, Consumer: Plc.Presentation.Custom.PlcMapEventCommitConsumer
2025-09-17 16:22:09.453 +08:00 [INF] Configured endpoint WcsWritePlcTaskState, Saga: Wcs.Presentation.Saga.WcsWritePlcTaskState, State Machine: Wcs.Presentation.Saga.WcsWritePlcTaskSaga
2025-09-17 16:22:09.465 +08:00 [INF] Configured endpoint PlcMapState, Saga: Plc.Presentation.Saga.PlcMapState, State Machine: Plc.Presentation.Saga.PlcMapSaga
2025-09-17 16:22:09.701 +08:00 [DBG] Starting bus instances: IBus
2025-09-17 16:22:09.705 +08:00 [DBG] Starting bus: "loopback://localhost/"
2025-09-17 16:22:09.763 +08:00 [DBG] Endpoint Ready: "loopback://localhost/PlcMapEventCommit"
2025-09-17 16:22:09.763 +08:00 [DBG] Endpoint Ready: "loopback://localhost/PlcMapDataIntegrationEvent"
2025-09-17 16:22:09.763 +08:00 [DBG] Endpoint Ready: "loopback://localhost/PlcMapState"
2025-09-17 16:22:09.763 +08:00 [DBG] Endpoint Ready: "loopback://localhost/WcsWritePlcTaskData"
2025-09-17 16:22:09.763 +08:00 [DBG] Endpoint Ready: "loopback://localhost/S7WritePlcDataBlockIntegrationEvent"
2025-09-17 16:22:09.763 +08:00 [DBG] Endpoint Ready: "loopback://localhost/S7ReadPlcDataBlockIntegrationEvent"
2025-09-17 16:22:09.763 +08:00 [DBG] Endpoint Ready: "loopback://localhost/WcsWritePlcTaskState"
2025-09-17 16:22:09.763 +08:00 [DBG] Endpoint Ready: "loopback://localhost/_WarehourceSource_bus_znpyyyrronegmgtmbdq9mo4mg1"
2025-09-17 16:22:09.772 +08:00 [INF] Bus started: "loopback://localhost/"
2025-09-17 16:27:48.871 +08:00 [INF] Configured endpoint PlcMapDataIntegrationEvent, Consumer: Wcs.Presentation.Custom.PlcMapDataIntegrationEventConsumer
2025-09-17 16:27:48.910 +08:00 [INF] Configured endpoint WcsWritePlcTaskData, Consumer: Wcs.Presentation.Custom.WcsWritePlcTaskDataConsumer
2025-09-17 16:27:48.914 +08:00 [INF] Configured endpoint S7ReadPlcDataBlockIntegrationEvent, Consumer: Plc.Presentation.Custom.ReadPlcEventConsumer<Plc.CustomEvents.S7ReadPlcDataBlockIntegrationEvent>
2025-09-17 16:27:48.917 +08:00 [INF] Configured endpoint S7WritePlcDataBlockIntegrationEvent, Consumer: Plc.Presentation.Custom.WritePlcEventConsumer<Plc.CustomEvents.S7WritePlcDataBlockIntegrationEvent>
2025-09-17 16:27:48.923 +08:00 [INF] Configured endpoint PlcMapEventCommit, Consumer: Plc.Presentation.Custom.PlcMapEventCommitConsumer
2025-09-17 16:27:48.981 +08:00 [INF] Configured endpoint WcsWritePlcTaskState, Saga: Wcs.Presentation.Saga.WcsWritePlcTaskState, State Machine: Wcs.Presentation.Saga.WcsWritePlcTaskSaga
2025-09-17 16:27:48.992 +08:00 [INF] Configured endpoint PlcMapState, Saga: Plc.Presentation.Saga.PlcMapState, State Machine: Plc.Presentation.Saga.PlcMapSaga
2025-09-17 16:27:49.258 +08:00 [DBG] Starting bus instances: IBus
2025-09-17 16:27:49.263 +08:00 [DBG] Starting bus: "loopback://localhost/"
2025-09-17 16:27:49.317 +08:00 [DBG] Endpoint Ready: "loopback://localhost/S7WritePlcDataBlockIntegrationEvent"
2025-09-17 16:27:49.317 +08:00 [DBG] Endpoint Ready: "loopback://localhost/S7ReadPlcDataBlockIntegrationEvent"
2025-09-17 16:27:49.317 +08:00 [DBG] Endpoint Ready: "loopback://localhost/PlcMapDataIntegrationEvent"
2025-09-17 16:27:49.317 +08:00 [DBG] Endpoint Ready: "loopback://localhost/WcsWritePlcTaskData"
2025-09-17 16:27:49.336 +08:00 [DBG] Endpoint Ready: "loopback://localhost/PlcMapState"
2025-09-17 16:27:49.325 +08:00 [DBG] Endpoint Ready: "loopback://localhost/PlcMapEventCommit"
2025-09-17 16:27:49.331 +08:00 [DBG] Endpoint Ready: "loopback://localhost/WcsWritePlcTaskState"
2025-09-17 16:27:49.339 +08:00 [DBG] Endpoint Ready: "loopback://localhost/_WarehourceSource_bus_nbfyyyrronegkh8hbdq9mtysbu"
2025-09-17 16:27:49.349 +08:00 [INF] Bus started: "loopback://localhost/"
2025-09-17 16:33:02.522 +08:00 [INF] Configured endpoint PlcMapDataIntegrationEvent, Consumer: Wcs.Presentation.Custom.PlcMapDataIntegrationEventConsumer
2025-09-17 16:33:02.566 +08:00 [INF] Configured endpoint WcsWritePlcTaskData, Consumer: Wcs.Presentation.Custom.WcsWritePlcTaskDataConsumer
2025-09-17 16:33:02.575 +08:00 [INF] Configured endpoint S7ReadPlcDataBlockIntegrationEvent, Consumer: Plc.Presentation.Custom.ReadPlcEventConsumer<Plc.CustomEvents.S7ReadPlcDataBlockIntegrationEvent>
2025-09-17 16:33:02.581 +08:00 [INF] Configured endpoint S7WritePlcDataBlockIntegrationEvent, Consumer: Plc.Presentation.Custom.WritePlcEventConsumer<Plc.CustomEvents.S7WritePlcDataBlockIntegrationEvent>
2025-09-17 16:33:02.587 +08:00 [INF] Configured endpoint PlcMapEventCommit, Consumer: Plc.Presentation.Custom.PlcMapEventCommitConsumer
2025-09-17 16:33:02.651 +08:00 [INF] Configured endpoint WcsWritePlcTaskState, Saga: Wcs.Presentation.Saga.WcsWritePlcTaskState, State Machine: Wcs.Presentation.Saga.WcsWritePlcTaskSaga
2025-09-17 16:33:02.665 +08:00 [INF] Configured endpoint PlcMapState, Saga: Plc.Presentation.Saga.PlcMapState, State Machine: Plc.Presentation.Saga.PlcMapSaga
2025-09-17 16:33:02.905 +08:00 [DBG] Starting bus instances: IBus
2025-09-17 16:33:02.911 +08:00 [DBG] Starting bus: "loopback://localhost/"
2025-09-17 16:33:03.013 +08:00 [DBG] Endpoint Ready: "loopback://localhost/PlcMapState"
2025-09-17 16:33:03.013 +08:00 [DBG] Endpoint Ready: "loopback://localhost/PlcMapEventCommit"
2025-09-17 16:33:03.013 +08:00 [DBG] Endpoint Ready: "loopback://localhost/S7ReadPlcDataBlockIntegrationEvent"
2025-09-17 16:33:03.013 +08:00 [DBG] Endpoint Ready: "loopback://localhost/PlcMapDataIntegrationEvent"
2025-09-17 16:33:03.013 +08:00 [DBG] Endpoint Ready: "loopback://localhost/WcsWritePlcTaskData"
2025-09-17 16:33:03.013 +08:00 [DBG] Endpoint Ready: "loopback://localhost/S7WritePlcDataBlockIntegrationEvent"
2025-09-17 16:33:03.013 +08:00 [DBG] Endpoint Ready: "loopback://localhost/WcsWritePlcTaskState"
2025-09-17 16:33:03.017 +08:00 [DBG] Endpoint Ready: "loopback://localhost/_WarehourceSource_bus_cbjoyyrronegkyoybdq9mtgtbe"
2025-09-17 16:33:03.025 +08:00 [INF] Bus started: "loopback://localhost/"
2025-09-17 16:37:45.624 +08:00 [INF] Configured endpoint PlcMapDataIntegrationEvent, Consumer: Wcs.Presentation.Custom.PlcMapDataIntegrationEventConsumer
2025-09-17 16:37:45.672 +08:00 [INF] Configured endpoint WcsWritePlcTaskData, Consumer: Wcs.Presentation.Custom.WcsWritePlcTaskDataConsumer
2025-09-17 16:37:45.683 +08:00 [INF] Configured endpoint S7ReadPlcDataBlockIntegrationEvent, Consumer: Plc.Presentation.Custom.ReadPlcEventConsumer<Plc.CustomEvents.S7ReadPlcDataBlockIntegrationEvent>
2025-09-17 16:37:45.687 +08:00 [INF] Configured endpoint S7WritePlcDataBlockIntegrationEvent, Consumer: Plc.Presentation.Custom.WritePlcEventConsumer<Plc.CustomEvents.S7WritePlcDataBlockIntegrationEvent>
2025-09-17 16:37:45.693 +08:00 [INF] Configured endpoint PlcMapEventCommit, Consumer: Plc.Presentation.Custom.PlcMapEventCommitConsumer
2025-09-17 16:37:45.759 +08:00 [INF] Configured endpoint WcsWritePlcTaskState, Saga: Wcs.Presentation.Saga.WcsWritePlcTaskState, State Machine: Wcs.Presentation.Saga.WcsWritePlcTaskSaga
2025-09-17 16:37:45.776 +08:00 [INF] Configured endpoint PlcMapState, Saga: Plc.Presentation.Saga.PlcMapState, State Machine: Plc.Presentation.Saga.PlcMapSaga
2025-09-17 16:37:46.019 +08:00 [DBG] Starting bus instances: IBus
2025-09-17 16:37:46.028 +08:00 [DBG] Starting bus: "loopback://localhost/"
2025-09-17 16:37:46.102 +08:00 [DBG] Endpoint Ready: "loopback://localhost/WcsWritePlcTaskState"
2025-09-17 16:37:46.102 +08:00 [DBG] Endpoint Ready: "loopback://localhost/PlcMapState"
2025-09-17 16:37:46.102 +08:00 [DBG] Endpoint Ready: "loopback://localhost/WcsWritePlcTaskData"
2025-09-17 16:37:46.102 +08:00 [DBG] Endpoint Ready: "loopback://localhost/_WarehourceSource_bus_z1uyyyrronegku55bdq9mtm38j"
2025-09-17 16:37:46.102 +08:00 [DBG] Endpoint Ready: "loopback://localhost/PlcMapDataIntegrationEvent"
2025-09-17 16:37:46.102 +08:00 [DBG] Endpoint Ready: "loopback://localhost/S7WritePlcDataBlockIntegrationEvent"
2025-09-17 16:37:46.102 +08:00 [DBG] Endpoint Ready: "loopback://localhost/S7ReadPlcDataBlockIntegrationEvent"
2025-09-17 16:37:46.102 +08:00 [DBG] Endpoint Ready: "loopback://localhost/PlcMapEventCommit"
2025-09-17 16:37:46.106 +08:00 [INF] Bus started: "loopback://localhost/"
