{
    "Timestamp": "2025-10-31T14:59:42.7432694+08:00",
    "Level": "Information",
 "DeviceName": "",
    "SerialNum": "",
    "Message": "StockPortIn1获取PLC数据块数据成功"
}
{
    "Timestamp": "2025-10-31T15:00:18.4111427+08:00",
    "Level": "Information",
 "DeviceName": "",
    "SerialNum": "",
    "Message": "StockPortIn1获取PLC数据块数据成功"
}
{
    "Timestamp": "2025-10-31T15:02:18.7418405+08:00",
    "Level": "Information",
 "DeviceName": "",
    "SerialNum": "",
    "Message": "StockPortIn1获取PLC数据块数据成功"
}
{
    "Timestamp": "2025-10-31T15:02:23.7346577+08:00",
    "Level": "Information",
 "DeviceName": "",
    "SerialNum": "",
    "Message": "StockPortIn1获取PLC数据块数据成功"
}
{
    "Timestamp": "2025-10-31T15:02:28.7325487+08:00",
    "Level": "Information",
 "DeviceName": "",
    "SerialNum": "",
    "Message": "StockPortIn1获取PLC数据块数据成功"
}
{
    "Timestamp": "2025-10-31T15:02:33.7324895+08:00",
    "Level": "Information",
 "DeviceName": "",
    "SerialNum": "",
    "Message": "StockPortIn1获取PLC数据块数据成功"
}
{
    "Timestamp": "2025-10-31T15:02:38.7366085+08:00",
    "Level": "Information",
 "DeviceName": "",
    "SerialNum": "",
    "Message": "StockPortIn1获取PLC数据块数据成功"
}
{
    "Timestamp": "2025-10-31T15:06:28.8723682+08:00",
    "Level": "Information",
 "DeviceName": "",
    "SerialNum": "",
    "Message": "StockPortIn1获取PLC数据块数据成功"
}
{
    "Timestamp": "2025-10-31T15:06:38.8642100+08:00",
    "Level": "Information",
 "DeviceName": "",
    "SerialNum": "",
    "Message": "StockPortIn1获取PLC数据块数据成功"
}
{
    "Timestamp": "2025-10-31T15:06:48.8644448+08:00",
    "Level": "Information",
 "DeviceName": "",
    "SerialNum": "",
    "Message": "StockPortIn1获取PLC数据块数据成功"
}
{
    "Timestamp": "2025-10-31T15:06:58.8637083+08:00",
    "Level": "Information",
 "DeviceName": "",
    "SerialNum": "",
    "Message": "StockPortIn1获取PLC数据块数据成功"
}
{
    "Timestamp": "2025-10-31T15:07:08.8642511+08:00",
    "Level": "Information",
 "DeviceName": "",
    "SerialNum": "",
    "Message": "StockPortIn1获取PLC数据块数据成功"
}
{
    "Timestamp": "2025-10-31T15:07:18.8635424+08:00",
    "Level": "Information",
 "DeviceName": "",
    "SerialNum": "",
    "Message": "StockPortIn1获取PLC数据块数据成功"
}
{
    "Timestamp": "2025-10-31T15:08:03.7443651+08:00",
    "Level": "Information",
 "DeviceName": "",
    "SerialNum": "",
    "Message": "StockPortIn1获取PLC数据块数据成功"
}
{
    "Timestamp": "2025-10-31T15:08:09.7338302+08:00",
    "Level": "Information",
 "DeviceName": "",
    "SerialNum": "",
    "Message": "StockPortIn1获取PLC数据块数据成功"
}
{
    "Timestamp": "2025-10-31T15:08:15.7321086+08:00",
    "Level": "Information",
 "DeviceName": "",
    "SerialNum": "",
    "Message": "StockPortIn1获取PLC数据块数据成功"
}
{
    "Timestamp": "2025-10-31T15:08:21.7387772+08:00",
    "Level": "Information",
 "DeviceName": "",
    "SerialNum": "",
    "Message": "StockPortIn1获取PLC数据块数据成功"
}
{
    "Timestamp": "2025-10-31T15:08:27.7324879+08:00",
    "Level": "Information",
 "DeviceName": "",
    "SerialNum": "",
    "Message": "StockPortIn1获取PLC数据块数据成功"
}
{
    "Timestamp": "2025-10-31T15:08:52.6530183+08:00",
    "Level": "Information",
 "DeviceName": "",
    "SerialNum": "",
    "Message": "StockPortIn1获取PLC数据块数据成功"
}
{
    "Timestamp": "2025-10-31T15:08:55.6439186+08:00",
    "Level": "Information",
 "DeviceName": "",
    "SerialNum": "",
    "Message": "StockPortIn1获取PLC数据块数据成功"
}
{
    "Timestamp": "2025-10-31T15:08:58.6451540+08:00",
    "Level": "Information",
 "DeviceName": "",
    "SerialNum": "",
    "Message": "StockPortIn1获取PLC数据块数据成功"
}
{
    "Timestamp": "2025-10-31T15:09:01.6450370+08:00",
    "Level": "Information",
 "DeviceName": "",
    "SerialNum": "",
    "Message": "StockPortIn1获取PLC数据块数据成功"
}
{
    "Timestamp": "2025-10-31T15:09:04.6440651+08:00",
    "Level": "Information",
 "DeviceName": "",
    "SerialNum": "",
    "Message": "StockPortIn1获取PLC数据块数据成功"
}
{
    "Timestamp": "2025-10-31T15:09:07.6445639+08:00",
    "Level": "Information",
 "DeviceName": "",
    "SerialNum": "",
    "Message": "StockPortIn1获取PLC数据块数据成功"
}
{
    "Timestamp": "2025-10-31T15:24:11.5357996+08:00",
    "Level": "Information",
 "DeviceName": "StockPortIn1",
    "SerialNum": "-9999",
    "Message": "DeviceName: "StockPortIn1", SerialNum: -9999, Message: "扫码信息为空无法获取执行任务""
}
{
    "Timestamp": "2025-10-31T15:24:14.5250822+08:00",
    "Level": "Information",
 "DeviceName": "StockPortIn1",
    "SerialNum": "-9999",
    "Message": "DeviceName: "StockPortIn1", SerialNum: -9999, Message: "扫码信息为空无法获取执行任务""
}
{
    "Timestamp": "2025-10-31T15:24:17.5150053+08:00",
    "Level": "Information",
 "DeviceName": "StockPortIn1",
    "SerialNum": "-9999",
    "Message": "DeviceName: "StockPortIn1", SerialNum: -9999, Message: "扫码信息为空无法获取执行任务""
}
{
    "Timestamp": "2025-10-31T15:24:20.5151953+08:00",
    "Level": "Information",
 "DeviceName": "StockPortIn1",
    "SerialNum": "-9999",
    "Message": "DeviceName: "StockPortIn1", SerialNum: -9999, Message: "扫码信息为空无法获取执行任务""
}
{
    "Timestamp": "2025-10-31T15:24:23.5152609+08:00",
    "Level": "Information",
 "DeviceName": "StockPortIn1",
    "SerialNum": "-9999",
    "Message": "DeviceName: "StockPortIn1", SerialNum: -9999, Message: "扫码信息为空无法获取执行任务""
}
{
    "Timestamp": "2025-10-31T15:24:26.5139269+08:00",
    "Level": "Information",
 "DeviceName": "StockPortIn1",
    "SerialNum": "-9999",
    "Message": "DeviceName: "StockPortIn1", SerialNum: -9999, Message: "扫码信息为空无法获取执行任务""
}
{
    "Timestamp": "2025-10-31T15:24:42.6945251+08:00",
    "Level": "Information",
 "DeviceName": "StockPortIn1",
    "SerialNum": "-9999",
    "Message": "DeviceName: "StockPortIn1", SerialNum: -9999, Message: "扫码信息为空无法获取执行任务""
}
{
    "Timestamp": "2025-10-31T15:24:44.5163754+08:00",
    "Level": "Information",
 "DeviceName": "StockPortIn1",
    "SerialNum": "-9999",
    "Message": "DeviceName: "StockPortIn1", SerialNum: -9999, Message: "扫码信息为空无法获取执行任务""
}
{
    "Timestamp": "2025-10-31T15:24:47.5159520+08:00",
    "Level": "Information",
 "DeviceName": "StockPortIn1",
    "SerialNum": "-9999",
    "Message": "DeviceName: "StockPortIn1", SerialNum: -9999, Message: "扫码信息为空无法获取执行任务""
}
{
    "Timestamp": "2025-10-31T15:55:47.7786977+08:00",
    "Level": "Information",
 "DeviceName": "StockPortIn1",
    "SerialNum": "-9999",
    "Message": "DeviceName: "StockPortIn1", SerialNum: -9999, Message: "扫码信息为空无法获取执行任务""
}
