{
    "Timestamp": "2025-09-25T16:08:34.7569847+08:00",
    "Level": "Information",
 "IP": "",
    "URL": "/",
    "Request": "",
    "Response": "",
    "TimeUsed": 1923
}
{
    "Timestamp": "2025-09-25T16:08:42.5074961+08:00",
    "Level": "Information",
 "IP": "",
    "URL": "/",
    "Request": "",
    "Response": "",
    "TimeUsed": 0
}
{
    "Timestamp": "2025-09-25T16:08:50.6333898+08:00",
    "Level": "Information",
 "IP": "",
    "URL": "/",
    "Request": "",
    "Response": "",
    "TimeUsed": 1
}
{
    "Timestamp": "2025-09-25T16:09:01.4313642+08:00",
    "Level": "Information",
 "IP": "",
    "URL": "/",
    "Request": "",
    "Response": "",
    "TimeUsed": 0
}
{
    "Timestamp": "2025-09-25T16:09:26.6363430+08:00",
    "Level": "Information",
 "IP": "",
    "URL": "/",
    "Request": "",
    "Response": "",
    "TimeUsed": 13
}
