2025-09-18 09:57:46.872 +08:00 [INF] 地址：::1
URL:/user/user-login
请求体：{"username":"admin","password":"qwe"}
响应体：{"isSuccess":true,"value":"eyJhbGciOiJodHRwOi8vd3d3LnczLm9yZy8yMDAxLzA0L3htbGRzaWctbW9yZSNobWFjLXNoYTI1NiIsInR5cCI6IkpXVCJ9.eyJodHRwOi8vc2NoZW1hcy5taWNyb3NvZnQuY29tL3dzLzIwMDgvMDYvaWRlbnRpdHkvY2xhaW1zL3JvbGUiOiJhZG1pbiIsImh0dHA6Ly9zY2hlbWFzLnhtbHNvYXAub3JnL3dzLzIwMDUvMDUvaWRlbnRpdHkvY2xhaW1zL25hbWUiOiLnrqHnkIblkZgiLCJleHAiOjE3ODk2OTY2NjYsImlzcyI6Im15SXNzdWVyIiwiYXVkIjoibXlBdWRpZW5jZSJ9.7HGUrJxb1ucqebHiIT9mEgHpw_aGoLtuNNT5CCmSyHA","message":null}
时间：696
2025-09-18 15:45:25.245 +08:00 [INF] 地址：::1
URL:/user/user-login
请求体：{"username":"admin","password":"qwe"}
响应体：{"isSuccess":true,"value":"eyJhbGciOiJodHRwOi8vd3d3LnczLm9yZy8yMDAxLzA0L3htbGRzaWctbW9yZSNobWFjLXNoYTI1NiIsInR5cCI6IkpXVCJ9.eyJodHRwOi8vc2NoZW1hcy5taWNyb3NvZnQuY29tL3dzLzIwMDgvMDYvaWRlbnRpdHkvY2xhaW1zL3JvbGUiOiJhZG1pbiIsImh0dHA6Ly9zY2hlbWFzLnhtbHNvYXAub3JnL3dzLzIwMDUvMDUvaWRlbnRpdHkvY2xhaW1zL25hbWUiOiLnrqHnkIblkZgiLCJleHAiOjE3ODk3MTc1MjUsImlzcyI6Im15SXNzdWVyIiwiYXVkIjoibXlBdWRpZW5jZSJ9.5yz79JiZeOkS9SUvN5nl4KvHt-lZiq5MskUzWMydn-k","message":null}
时间：2279
2025-09-18 16:44:50.200 +08:00 [INF] 地址：::1
URL:/user/user-login
请求体：{"username":"admin","password":"qwe"}
响应体：{"isSuccess":true,"value":"eyJhbGciOiJodHRwOi8vd3d3LnczLm9yZy8yMDAxLzA0L3htbGRzaWctbW9yZSNobWFjLXNoYTI1NiIsInR5cCI6IkpXVCJ9.eyJodHRwOi8vc2NoZW1hcy5taWNyb3NvZnQuY29tL3dzLzIwMDgvMDYvaWRlbnRpdHkvY2xhaW1zL3JvbGUiOiJhZG1pbiIsImh0dHA6Ly9zY2hlbWFzLnhtbHNvYXAub3JnL3dzLzIwMDUvMDUvaWRlbnRpdHkvY2xhaW1zL25hbWUiOiLnrqHnkIblkZgiLCJleHAiOjE3ODk3MjEwOTAsImlzcyI6Im15SXNzdWVyIiwiYXVkIjoibXlBdWRpZW5jZSJ9._sSGT54vWqPBjIAqnYw3IJZchpZPuYJPkJdCcHKSifU","message":null}
时间：474
2025-09-18 17:07:47.003 +08:00 [INF] 地址：::1
URL:/user/user-login
请求体：{"username":"admin","password":"qwe"}
响应体：{"isSuccess":true,"value":"eyJhbGciOiJodHRwOi8vd3d3LnczLm9yZy8yMDAxLzA0L3htbGRzaWctbW9yZSNobWFjLXNoYTI1NiIsInR5cCI6IkpXVCJ9.eyJodHRwOi8vc2NoZW1hcy5taWNyb3NvZnQuY29tL3dzLzIwMDgvMDYvaWRlbnRpdHkvY2xhaW1zL3JvbGUiOiJhZG1pbiIsImh0dHA6Ly9zY2hlbWFzLnhtbHNvYXAub3JnL3dzLzIwMDUvMDUvaWRlbnRpdHkvY2xhaW1zL25hbWUiOiLnrqHnkIblkZgiLCJleHAiOjE3ODk3MjI0NjcsImlzcyI6Im15SXNzdWVyIiwiYXVkIjoibXlBdWRpZW5jZSJ9.yPIxVOfEVXHo6ledaxoDIDypxcKEQLEl3BnT848EYOM","message":null}
时间：50
2025-09-18 17:09:14.630 +08:00 [INF] 地址：::1
URL:/user/user-login
请求体：{"username":"admin","password":"qwe"}
响应体：{"isSuccess":true,"value":"eyJhbGciOiJodHRwOi8vd3d3LnczLm9yZy8yMDAxLzA0L3htbGRzaWctbW9yZSNobWFjLXNoYTI1NiIsInR5cCI6IkpXVCJ9.eyJodHRwOi8vc2NoZW1hcy5taWNyb3NvZnQuY29tL3dzLzIwMDgvMDYvaWRlbnRpdHkvY2xhaW1zL3JvbGUiOiJhZG1pbiIsImh0dHA6Ly9zY2hlbWFzLnhtbHNvYXAub3JnL3dzLzIwMDUvMDUvaWRlbnRpdHkvY2xhaW1zL25hbWUiOiLnrqHnkIblkZgiLCJleHAiOjE3ODk3MjI1NTQsImlzcyI6Im15SXNzdWVyIiwiYXVkIjoibXlBdWRpZW5jZSJ9.jJuz4OpMmtSunROeKY8Jvezk4XtQUrHnM47pL3D5Zec","message":null}
时间：19
