2025-08-12 09:36:00.523 +08:00 [INF] 地址：::1
URL:/executenode/get
请求体：{
 
}
响应体：
时间：1963
2025-08-12 09:36:07.964 +08:00 [INF] 地址：::1
URL:/executenode/get
请求体：{
 
}
响应体：{"isSuccess":true,"value":[],"message":null}
时间：662
2025-08-12 09:37:32.504 +08:00 [INF] 地址：::1
URL:/executenode/get
请求体：{
 
}
响应体：{"isSuccess":true,"value":[],"message":null}
时间：43054
2025-08-12 09:37:43.575 +08:00 [INF] 地址：::1
URL:/executenode/get
请求体：{
  "taskType": 1
}
响应体：{"isSuccess":true,"value":[],"message":null}
时间：21
2025-08-12 09:39:06.748 +08:00 [INF] 地址：::1
URL:/executenode/get
请求体：{
  "taskType": 1
}
响应体：{"isSuccess":true,"value":[],"message":null}
时间：27313
2025-08-12 09:39:22.619 +08:00 [INF] 地址：::1
URL:/executenode/get
请求体：{
  "taskType": 1,
}
响应体：{"type":"https://datatracker.ietf.org/doc/html/rfc7231#section-6.6.1","title":"Server failure","status":500}
时间：267
2025-08-12 09:39:32.310 +08:00 [INF] 地址：::1
URL:/executenode/get
请求体：{
  "taskType": 1
}
响应体：{"isSuccess":true,"value":[{"index":1,"pahtNodeGroup":"in-001","currentDeviceType":"StockPortIn","taskType":"StockIn","currentDeviceName":"StockIn1","nextDeviceName":"StackerInTranish1","regionDescription":"1巷道","regionCode":"1","id":"d85b4cee-aec3-42e4-978e-43d9b713d715","creationTime":"2025-08-11T10:07:52.6157134","lastModifierUser":null,"lastModificationTime":null},{"index":2,"pahtNodeGroup":"in-001","currentDeviceType":"StackerInTranish","taskType":"StockIn","currentDeviceName":"StackerInTranish1","nextDeviceName":"Stacker1","regionDescription":"1巷道","regionCode":"1","id":"11e0fc24-3606-4123-9ca2-3dfa2e67b919","creationTime":"2025-08-11T10:08:07.1203474","lastModifierUser":null,"lastModificationTime":null},{"index":3,"pahtNodeGroup":"in-001","currentDeviceType":"Stacker","taskType":"StockIn","currentDeviceName":"Stacker1","nextDeviceName":"","regionDescription":"1巷道","regionCode":"1","id":"dff215c5-fcd2-4fab-aa49-4e4cedf33169","creationTime":"2025-08-11T10:08:17.7994464","lastModifierUser":null,"lastModificationTime":null},{"index":1,"pahtNodeGroup":"in-002","currentDeviceType":"StockPortIn","taskType":"StockIn","currentDeviceName":"StockIn1","nextDeviceName":"StackerInTranish2","regionDescription":"2巷道","regionCode":"2","id":"963fa425-6877-44d9-93d3-3006dc3c0c62","creationTime":"2025-08-11T10:09:21.7598951","lastModifierUser":null,"lastModificationTime":null},{"index":2,"pahtNodeGroup":"in-002","currentDeviceType":"StackerInTranish","taskType":"StockIn","currentDeviceName":"StackerInTranish2","nextDeviceName":"Stacker2","regionDescription":"2巷道","regionCode":"2","id":"9d24b6d8-4961-4dbb-ad40-5ef24e5133b4","creationTime":"2025-08-11T10:09:34.1246337","lastModifierUser":null,"lastModificationTime":null},{"index":3,"pahtNodeGroup":"in-002","currentDeviceType":"Stacker","taskType":"StockIn","currentDeviceName":"Stacker2","nextDeviceName":"","regionDescription":"2巷道","regionCode":"2","id":"543e8a56-34fb-4be6-8e36-f88c543ea3ec","creationTime":"2025-08-11T10:09:38.4623542","lastModifierUser":null,"lastModificationTime":null}],"message":null}
时间：6156
2025-08-12 16:33:32.115 +08:00 [INF] 地址：::1
URL:/wcstask/add-or-update-wcstask
请求体：{
  "taskCode": "string",
 
  "taskType": 1,
  "creatorSystemType": 0,
  "container": "string",
  "description": "string",
  "getTunnel": 0,
  "getFloor": 0,
  "getRow": 0,
  "getColumn": 0,
  "getDepth": 0,
  "putTunnel": 0,
  "putFloor": 0,
  "putRow": 0,
  "putColumn": 0,
  "putDepth": 0,
  "stockOutPosition": "string",
  "stockInPosition": "string",
  "regionCode": "string"
}
响应体：
时间：1877
