{
    "Timestamp": "2025-10-22T08:23:19.9701676+08:00",
    "Level": "Information",
 "IP": "",
    "URL": "/decive/get",
    "Request": "{  "deviceType": 1,  "deviceName": "string",  "enable": true}",
    "Response": "",
    "TimeUsed": 1981
}
{
    "Timestamp": "2025-10-22T08:23:31.4608535+08:00",
    "Level": "Information",
 "IP": "",
    "URL": "/decive/get",
    "Request": "{  "deviceType": 1,  "deviceName": "string",  "enable": true}",
    "Response": "{"isSuccess":true,"value":[],"message":null}",
    "TimeUsed": 340
}
{
    "Timestamp": "2025-10-22T08:24:09.9989218+08:00",
    "Level": "Information",
 "IP": "",
    "URL": "/decive/get",
    "Request": "{  "deviceType": 1,  "deviceName": "string",  "enable": true}",
    "Response": "",
    "TimeUsed": 92
}
