2025-08-07 08:11:15.583 +08:00 [INF] 地址：::1-URL:/decive/get--请求体：{
  "deviceType": 1,
  "deviceName": "string",
}--响应体：{"type":"https://datatracker.ietf.org/doc/html/rfc7231#section-6.6.1","title":"Server failure","status":500}--时间：2331
2025-08-07 08:11:59.628 +08:00 [INF] 地址：::1-URL:/decive/get--请求体：{
  "deviceType": 1,
  "deviceName": "string",
}--响应体：{"type":"https://datatracker.ietf.org/doc/html/rfc7231#section-6.6.1","title":"Server failure","status":500}--时间：498
2025-08-07 08:13:36.039 +08:00 [INF] 地址：::1-URL:/decive/get--请求体：{
  "deviceType": 1,
}--响应体：{"type":"https://datatracker.ietf.org/doc/html/rfc7231#section-6.6.1","title":"Server failure","status":500}--时间：940
2025-08-07 08:14:30.536 +08:00 [INF] 地址：::1-URL:/decive/get--请求体：{
  "id": "3fa85f64-5717-4562-b3fc-2c963f66afa6",
  "deviceType": 1,
  "deviceName": "string",
  "description": "string",
  "config": "string",
  "enable": true
}--响应体：{"isSuccess":true,"value":[],"message":null}--时间：4484
2025-08-07 08:15:06.497 +08:00 [INF] 地址：::1-URL:/decive/get--请求体：{
  "deviceType": 1,
  "enable": true
}--响应体：{"isSuccess":true,"value":[],"message":null}--时间：4665
2025-08-07 08:15:15.387 +08:00 [INF] 地址：::1-URL:/decive/get--请求体：{
  "deviceType": 1,
}--响应体：{"type":"https://datatracker.ietf.org/doc/html/rfc7231#section-6.6.1","title":"Server failure","status":500}--时间：706
2025-08-07 08:15:26.281 +08:00 [INF] 地址：::1-URL:/decive/get--请求体：{
  "enable": true
}--响应体：{"isSuccess":true,"value":[],"message":null}--时间：1929
2025-08-07 08:16:10.762 +08:00 [INF] 地址：::1-URL:/decive/get--请求体：{
  "deviceType": 1
}--响应体：{"isSuccess":true,"value":[],"message":null}--时间：1807
2025-08-07 08:18:22.955 +08:00 [INF] 地址：::1-URL:/executenode/get--请求体：{
  "taskType": 1
}--响应体：{"isSuccess":true,"value":[],"message":null}--时间：528
2025-08-07 08:18:44.338 +08:00 [INF] 地址：::1-URL:/executenode/delete/%7Bid%7D--请求体：--响应体：{"isSuccess":false,"value":null,"message":"不存在节点"}--时间：286
2025-08-07 08:19:05.570 +08:00 [INF] 地址：::1-URL:/region/get-region--请求体：--响应体：{"isSuccess":true,"value":[],"message":null}--时间：468
2025-08-07 08:37:11.006 +08:00 [INF] 地址：::1-URL:/region/add-region--请求体：{
  "code": "1",
  "description": "1巷道"
}--响应体：--时间：2055
2025-08-07 08:37:21.925 +08:00 [INF] 地址：::1-URL:/region/add-region--请求体：{
  "code": "1",
  "description": "1巷道"
}--响应体：{"isSuccess":true,"value":{"code":"1","description":"1巷道","id":"917d44f7-2e54-42f7-b822-26321a35987d","creationTime":"0001-01-01T00:00:00","lastModifierUser":null,"lastModificationTime":null},"message":null}--时间：771
2025-08-07 08:38:57.237 +08:00 [INF] 地址：::1-URL:/region/get-region--请求体：--响应体：--时间：35
2025-08-07 08:39:06.311 +08:00 [INF] 地址：::1-URL:/region/get-region--请求体：--响应体：{"isSuccess":true,"value":[{"code":"1","description":"1巷道","id":"917d44f7-2e54-42f7-b822-26321a35987d","creationTime":"2025-08-07T08:37:21.4151178","lastModifierUser":null,"lastModificationTime":null}],"message":null}--时间：95
2025-08-07 08:39:31.437 +08:00 [INF] 地址：::1-URL:/region/add-region--请求体：{
  "id": "3fa85f64-5717-4562-b3fc-2c963f66afa6",
  "code": "2",
  "description": "2巷道"
}--响应体：{"isSuccess":true,"value":{"code":"2","description":"2巷道","id":"28e37856-770d-422e-8bea-238fd1372ea0","creationTime":"2025-08-07T08:39:31.2772727+08:00","lastModifierUser":null,"lastModificationTime":null},"message":null}--时间：194
2025-08-07 08:39:45.146 +08:00 [INF] 地址：::1-URL:/region/add-region--请求体：{
  "id": "3fa85f64-5717-4562-b3fc-2c963f66afa6",
  "code": "3",
  "description": "3巷道"
}--响应体：{"isSuccess":true,"value":{"code":"3","description":"3巷道","id":"a5c4c521-c079-4e92-bf1a-6aefa900aff0","creationTime":"2025-08-07T08:39:45.1326505+08:00","lastModifierUser":null,"lastModificationTime":null},"message":null}--时间：21
2025-08-07 08:45:00.179 +08:00 [INF] 地址：::1-URL:/decive/add-or-update--请求体：{
  "deviceType": 1,
  "deviceName": "StockIn01",
  "description": "入库口001",
  "config": "string",
  "enable": true
}--响应体：--时间：62
2025-08-07 08:45:48.229 +08:00 [INF] 地址：::1-URL:/decive/add-or-update--请求体：{
  "id": "3fa85f64-5717-4562-b3fc-2c963f66afa6",
  "deviceType": 1,
  "deviceName": "StockIn01",
  "description": "第一、二巷道入库口",
  "config": "string",
  "enable": true
}--响应体：{"isSuccess":true,"value":{"deviceType":1,"deviceName":"StockIn01","description":"第一、二巷道入库口","config":"string","enable":true,"id":"c47321f1-90f6-49c6-bc5c-ddd8f5bfd8dc","creationTime":"2025-08-07T08:45:47.8539042+08:00","lastModifierUser":null,"lastModificationTime":null},"message":null}--时间：564
2025-08-07 08:46:04.756 +08:00 [INF] 地址：::1-URL:/decive/add-or-update--请求体：{
  "id": "3fa85f64-5717-4562-b3fc-2c963f66afa6",
  "deviceType": 1,
  "deviceName": "StockIn02",
  "description": "第三巷道入库口",
  "config": "string",
  "enable": true
}--响应体：{"isSuccess":true,"value":{"deviceType":1,"deviceName":"StockIn02","description":"第三巷道入库口","config":"string","enable":true,"id":"842fb36e-d8cc-4622-a138-cd3e69fdfa77","creationTime":"2025-08-07T08:46:04.7442055+08:00","lastModifierUser":null,"lastModificationTime":null},"message":null}--时间：40
2025-08-07 08:47:26.576 +08:00 [INF] 地址：::1-URL:/decive/add-or-update--请求体：{
  "id": "3fa85f64-5717-4562-b3fc-2c963f66afa6",
  "deviceType": 1,
  "deviceName": "StockOut01",
  "description": "第一、二出库口",
  "config": "string",
  "enable": true
}--响应体：{"isSuccess":true,"value":{"deviceType":1,"deviceName":"StockOut01","description":"第一、二出库口","config":"string","enable":true,"id":"87b854a0-9c1e-45e1-80e5-f2dce47b6ddd","creationTime":"2025-08-07T08:47:26.5385224+08:00","lastModifierUser":null,"lastModificationTime":null},"message":null}--时间：62
2025-08-07 08:47:32.232 +08:00 [INF] 地址：::1-URL:/decive/add-or-update--请求体：{
  "id": "3fa85f64-5717-4562-b3fc-2c963f66afa6",
  "deviceType": 1,
  "deviceName": "StockOut02",
  "description": "第一、二出库口",
  "config": "string",
  "enable": true
}--响应体：{"isSuccess":true,"value":{"deviceType":1,"deviceName":"StockOut02","description":"第一、二出库口","config":"string","enable":true,"id":"78bcc9e8-5cf9-4d38-8e91-94b1cf55751f","creationTime":"2025-08-07T08:47:32.2234846+08:00","lastModifierUser":null,"lastModificationTime":null},"message":null}--时间：23
2025-08-07 08:47:37.781 +08:00 [INF] 地址：::1-URL:/decive/add-or-update--请求体：{
  "id": "3fa85f64-5717-4562-b3fc-2c963f66afa6",
  "deviceType": 1,
  "deviceName": "StockOut03",
  "description": "第一、二出库口",
  "config": "string",
  "enable": true
}--响应体：{"isSuccess":true,"value":{"deviceType":1,"deviceName":"StockOut03","description":"第一、二出库口","config":"string","enable":true,"id":"b7a948e0-11a4-4bd8-a483-840404f0af89","creationTime":"2025-08-07T08:47:37.7692192+08:00","lastModifierUser":null,"lastModificationTime":null},"message":null}--时间：25
2025-08-07 08:47:47.214 +08:00 [INF] 地址：::1-URL:/decive/add-or-update--请求体：{
  "id": "3fa85f64-5717-4562-b3fc-2c963f66afa6",
  "deviceType": 1,
  "deviceName": "StockOut03",
  "description": "第三出库口",
  "config": "string",
  "enable": true
}--响应体：{"type":"https://datatracker.ietf.org/doc/html/rfc7231#section-6.6.1","title":"Server failure","status":500}--时间：227
2025-08-07 08:48:10.941 +08:00 [INF] 地址：::1-URL:/decive/add-or-update--请求体：{
  "id": "3fa85f64-5717-4562-b3fc-2c963f66afa6",
  "deviceType": 1,
  "deviceName": "StockOut04",
  "description": "第四出库口",
  "config": "string",
  "enable": true
}--响应体：{"isSuccess":true,"value":{"deviceType":1,"deviceName":"StockOut04","description":"第四出库口","config":"string","enable":true,"id":"59788238-193d-41ad-87d6-390ff1c62023","creationTime":"2025-08-07T08:48:10.9276864+08:00","lastModifierUser":null,"lastModificationTime":null},"message":null}--时间：26
2025-08-07 09:25:36.095 +08:00 [INF] 地址：::1-URL:/decive/add-or-update--请求体：{
  "id": "3fa85f64-5717-4562-b3fc-2c963f66afa6",
  "deviceType": 3,
  "deviceName": "StockInTranish1",
  "description": "1巷道堆垛机接货位",
  "config": "{
    "row": 1,
    "column": 23,
    "floor": 1,
    "floorCode": 1019
}",
  "enable": true
}--响应体：{"type":"https://datatracker.ietf.org/doc/html/rfc7231#section-6.6.1","title":"Server failure","status":500}--时间：2037
2025-08-07 09:29:38.473 +08:00 [INF] 地址：::1-URL:/decive/add-or-update--请求体：{
  "id": "3fa85f64-5717-4562-b3fc-2c963f66afa6",
  "deviceType": 2,
  "deviceName": "StackerInTranish01",
  "description": "1巷道堆垛机接货位",
  "config": "{"row":1,"column":23,"floor":1,"floorCode":1019}",
  "enable": true
}--响应体：--时间：113
2025-08-07 09:29:46.440 +08:00 [INF] 地址：::1-URL:/decive/add-or-update--请求体：{
  "id": "3fa85f64-5717-4562-b3fc-2c963f66afa6",
  "deviceType": 2,
  "deviceName": "StackerInTranish01",
  "description": "1巷道堆垛机接货位",
  "config": "{"row":1,"column":23,"floor":1,"floorCode":1019}",
  "enable": true
}--响应体：{"type":"https://datatracker.ietf.org/doc/html/rfc7231#section-6.6.1","title":"Server failure","status":500}--时间：771
2025-08-07 09:40:35.449 +08:00 [INF] 地址：::1-URL:/decive/add-or-update--请求体：{
  "id": "3fa85f64-5717-4562-b3fc-2c963f66afa6",
  "deviceType": 1,
  "deviceName": "StackerInTranish1",
  "description": "1巷道堆垛机接货位",
  "config": {"row":1,"column":23,"floor":1,"floorCode":1019},
  "enable": true
}--响应体：--时间：124
2025-08-07 09:40:59.839 +08:00 [INF] 地址：::1-URL:/decive/add-or-update--请求体：{
  "id": "3fa85f64-5717-4562-b3fc-2c963f66afa6",
  "deviceType": 1,
  "deviceName": "StackerInTranish1",
  "description": "1巷道堆垛机接货位",
  "config": {"row":1,"column":23,"floor":1,"floorCode":1019},
  "enable": true
}--响应体：{"isSuccess":true,"value":{"deviceType":1,"deviceName":"StackerInTranish1","description":"1巷道堆垛机接货位","config":"{\"row\":1,\"column\":23,\"floor\":1,\"floorCode\":1019}","enable":true,"id":"7b0b4716-49c9-41c0-956a-7fc64f4b39b2","creationTime":"2025-08-07T09:40:59.5114953+08:00","lastModifierUser":null,"lastModificationTime":null},"message":null}--时间：11307
2025-08-07 09:41:36.645 +08:00 [INF] 地址：::1-URL:/decive/add-or-update--请求体：{
  "id": "3fa85f64-5717-4562-b3fc-2c963f66afa6",
  "deviceType": 1,
  "deviceName": "StackerInTranish2",
  "description": "2巷道堆垛机接货位",
  "config": {"row":1,"column":23,"floor":1,"floorCode":1029},
  "enable": true
}--响应体：{"isSuccess":true,"value":{"deviceType":1,"deviceName":"StackerInTranish2","description":"2巷道堆垛机接货位","config":"{\"row\":1,\"column\":23,\"floor\":1,\"floorCode\":1029}","enable":true,"id":"c13fd4ea-ad5d-4c83-953d-e5f11fb90f89","creationTime":"2025-08-07T09:41:36.6143034+08:00","lastModifierUser":null,"lastModificationTime":null},"message":null}--时间：5880
2025-08-07 09:42:07.582 +08:00 [INF] 地址：::1-URL:/decive/add-or-update--请求体：{
  "id": "3fa85f64-5717-4562-b3fc-2c963f66afa6",
  "deviceType": 1,
  "deviceName": "StackerInTranish3",
  "description": "3巷道堆垛机接货位",
  "config": {"row":1,"column":23,"floor":1,"floorCode":1035},
  "enable": true
}--响应体：{"isSuccess":true,"value":{"deviceType":1,"deviceName":"StackerInTranish3","description":"3巷道堆垛机接货位","config":"{\"row\":1,\"column\":23,\"floor\":1,\"floorCode\":1035}","enable":true,"id":"ba689c94-552a-4135-b72e-bae64701a1af","creationTime":"2025-08-07T09:42:07.549965+08:00","lastModifierUser":null,"lastModificationTime":null},"message":null}--时间：71
2025-08-07 09:42:47.261 +08:00 [INF] 地址：::1-URL:/decive/add-or-update--请求体：{
  "id": "3fa85f64-5717-4562-b3fc-2c963f66afa6",
  "deviceType": 4,
  "deviceName": "StackerOutTranish1",
  "description": "1巷道堆垛机放货位",
  "config": {"row":2,"column":23,"floor":1,"floorCode":1035},
  "enable": true
}--响应体：{"isSuccess":true,"value":{"deviceType":4,"deviceName":"StackerOutTranish1","description":"1巷道堆垛机放货位","config":"{\"row\":2,\"column\":23,\"floor\":1,\"floorCode\":1035}","enable":true,"id":"e92627ce-f577-49ac-ae01-14461b81b170","creationTime":"2025-08-07T09:42:47.2434083+08:00","lastModifierUser":null,"lastModificationTime":null},"message":null}--时间：40
2025-08-07 09:44:36.000 +08:00 [INF] 地址：::1-URL:/decive/add-or-update--请求体：{
  "id": "3fa85f64-5717-4562-b3fc-2c963f66afa6",
  "deviceType": 4,
  "deviceName": "StackerOutTranish2",
  "description": "2巷道堆垛机放货位",
  "config": {"row":2,"column":23,"floor":1,"floorCode":1020},
  "enable": true
}--响应体：{"isSuccess":true,"value":{"deviceType":4,"deviceName":"StackerOutTranish2","description":"2巷道堆垛机放货位","config":"{\"row\":2,\"column\":23,\"floor\":1,\"floorCode\":1020}","enable":true,"id":"f97e8e70-f5df-47be-9467-4cc5e3d975df","creationTime":"2025-08-07T09:44:35.9780226+08:00","lastModifierUser":null,"lastModificationTime":null},"message":null}--时间：46
2025-08-07 09:45:08.053 +08:00 [INF] 地址：::1-URL:/decive/add-or-update--请求体：{
  "id": "3fa85f64-5717-4562-b3fc-2c963f66afa6",
  "deviceType": 4,
  "deviceName": "StackerOutTranish3",
  "description": "3巷道堆垛机放货位",
  "config": {"row":2,"column":23,"floor":1,"floorCode":1030},
  "enable": true
}--响应体：{"isSuccess":true,"value":{"deviceType":4,"deviceName":"StackerOutTranish3","description":"3巷道堆垛机放货位","config":"{\"row\":2,\"column\":23,\"floor\":1,\"floorCode\":1030}","enable":true,"id":"f5041012-ab27-4b5d-afce-4b957d245dc9","creationTime":"2025-08-07T09:45:08.0129392+08:00","lastModifierUser":null,"lastModificationTime":null},"message":null}--时间：68
2025-08-07 09:50:49.724 +08:00 [INF] 地址：::1-URL:/decive/add-or-update--请求体：{
  "id": "3fa85f64-5717-4562-b3fc-2c963f66afa6",
  "deviceType": 5,
  "deviceName": "Stacker",
  "description": "1巷道堆垛机",
  "config": string,
  "enable": true
}--响应体：{"type":"https://datatracker.ietf.org/doc/html/rfc7231#section-6.6.1","title":"Server failure","status":500}--时间：683
2025-08-07 09:51:09.234 +08:00 [INF] 地址：::1-URL:/decive/add-or-update--请求体：{
  "id": "3fa85f64-5717-4562-b3fc-2c963f66afa6",
  "deviceType": 5,
  "deviceName": "Stacker",
  "description": "1巷道堆垛机",
  "config": {},
  "enable": true
}--响应体：{"isSuccess":true,"value":{"deviceType":5,"deviceName":"Stacker","description":"1巷道堆垛机","config":"{}","enable":true,"id":"307488b7-9792-43cb-8d66-86c5fca73752","creationTime":"2025-08-07T09:51:09.196801+08:00","lastModifierUser":null,"lastModificationTime":null},"message":null}--时间：66
2025-08-07 09:51:33.373 +08:00 [INF] 地址：::1-URL:/decive/add-or-update--请求体：{
  "id": "3fa85f64-5717-4562-b3fc-2c963f66afa6",
  "deviceType": 5,
  "deviceName": "Stacker",
  "description": "1巷道堆垛机",
  "config": {},
  "enable": true
}--响应体：{"type":"https://datatracker.ietf.org/doc/html/rfc7231#section-6.6.1","title":"Server failure","status":500}--时间：1915
2025-08-07 09:51:45.404 +08:00 [INF] 地址：::1-URL:/decive/add-or-update--请求体：{
  "id": "3fa85f64-5717-4562-b3fc-2c963f66afa6",
  "deviceType": 5,
  "deviceName": "Stacker2",
  "description": "2巷道堆垛机",
  "config": {},
  "enable": true
}--响应体：{"isSuccess":true,"value":{"deviceType":5,"deviceName":"Stacker2","description":"2巷道堆垛机","config":"{}","enable":true,"id":"94407532-1f37-4af9-98c0-f9745538f62e","creationTime":"2025-08-07T09:51:45.3443175+08:00","lastModifierUser":null,"lastModificationTime":null},"message":null}--时间：86
2025-08-07 09:51:53.400 +08:00 [INF] 地址：::1-URL:/decive/add-or-update--请求体：{
  "id": "3fa85f64-5717-4562-b3fc-2c963f66afa6",
  "deviceType": 5,
  "deviceName": "Stacker3",
  "description": "3巷道堆垛机",
  "config": {},
  "enable": true
}--响应体：{"isSuccess":true,"value":{"deviceType":5,"deviceName":"Stacker3","description":"3巷道堆垛机","config":"{}","enable":true,"id":"b46f16bc-566b-4cdf-a943-4f9490e2885d","creationTime":"2025-08-07T09:51:53.3729783+08:00","lastModifierUser":null,"lastModificationTime":null},"message":null}--时间：49
2025-08-07 09:59:18.760 +08:00 [INF] 地址：::1-URL:/executenode/add-or-update--请求体：{
  "id": "3fa85f64-5717-4562-b3fc-2c963f66afa6",
  "pahtNodeGroup": "1",
  "currentDeviceType": 1,
  "taskType": 1,
  "currentDeviceName": "StockIn01",
  "regionCode": "1"
}--响应体：{"isSuccess":true,"value":[],"message":null}--时间：628
2025-08-07 10:03:59.832 +08:00 [INF] 地址：::1-URL:/executenode/add-or-update--请求体：{
  "id": "3fa85f64-5717-4562-b3fc-2c963f66afa6",
  "pahtNodeGroup": "1",
  "currentDeviceType": 1,
  "taskType": 1,
  "currentDeviceName": "StockIn01",
  "regionCode": "1"
}--响应体：--时间：132
2025-08-07 10:06:35.931 +08:00 [INF] 地址：::1-URL:/executenode/add-or-update--请求体：{
  "id": "3fa85f64-5717-4562-b3fc-2c963f66afa6",
  "pahtNodeGroup": "1",
  "currentDeviceType": 1,
  "taskType": 1,
  "currentDeviceName": "StockIn1",
  "regionCode": "1"
}--响应体：--时间：76
2025-08-07 10:07:27.267 +08:00 [INF] 地址：::1-URL:/executenode/add-or-update--请求体：{
  "id": "3fa85f64-5717-4562-b3fc-2c963f66afa6",
  "pahtNodeGroup": "1",
  "currentDeviceType": 1,
  "taskType": 1,
  "currentDeviceName": "StockIn1",
  "regionCode": "1"
}--响应体：--时间：31
2025-08-07 10:19:00.640 +08:00 [INF] 地址：::1-URL:/decive/add-or-update--请求体：{
  "id": "3fa85f64-5717-4562-b3fc-2c963f66afa6",
  "deviceType": 1,
  "deviceName": "StockIn1",
  "description": "入库口01",
  "config": {},
  "enable": true
}--响应体：--时间：202
2025-08-07 10:19:09.169 +08:00 [INF] 地址：::1-URL:/decive/add-or-update--请求体：{
  "id": "3fa85f64-5717-4562-b3fc-2c963f66afa6",
  "deviceType": 1,
  "deviceName": "StockIn1",
  "description": "入库口01",
  "config": {},
  "enable": true
}--响应体：{"isSuccess":true,"value":{"deviceType":1,"deviceName":"StockIn1","description":"入库口01","config":"{}","enable":true,"id":"7eef6234-2cfd-4c22-a901-3c43e11bfea0","creationTime":"2025-08-07T10:19:08.8244223+08:00","lastModifierUser":null,"lastModificationTime":null},"message":null}--时间：982
2025-08-07 10:19:19.947 +08:00 [INF] 地址：::1-URL:/decive/add-or-update--请求体：{
  "id": "3fa85f64-5717-4562-b3fc-2c963f66afa6",
  "deviceType": 1,
  "deviceName": "StockIn2",
  "description": "入库口02",
  "config": {},
  "enable": true
}--响应体：{"isSuccess":true,"value":{"deviceType":1,"deviceName":"StockIn2","description":"入库口02","config":"{}","enable":true,"id":"3ba8193f-b556-4724-a2da-8f5ea994bae9","creationTime":"2025-08-07T10:19:19.913616+08:00","lastModifierUser":null,"lastModificationTime":null},"message":null}--时间：125
2025-08-07 10:19:26.912 +08:00 [INF] 地址：::1-URL:/decive/add-or-update--请求体：{
  "id": "3fa85f64-5717-4562-b3fc-2c963f66afa6",
  "deviceType": 1,
  "deviceName": "StockIn3",
  "description": "入库口03",
  "config": {},
  "enable": true
}--响应体：{"isSuccess":true,"value":{"deviceType":1,"deviceName":"StockIn3","description":"入库口03","config":"{}","enable":true,"id":"e7ecf02a-9ece-403c-b792-e1e8aee5d9fe","creationTime":"2025-08-07T10:19:26.9002044+08:00","lastModifierUser":null,"lastModificationTime":null},"message":null}--时间：48
2025-08-07 10:20:48.769 +08:00 [INF] 地址：::1-URL:/decive/add-or-update--请求体：{
  "id": "3fa85f64-5717-4562-b3fc-2c963f66afa6",
  "deviceType": 2,
  "deviceName": "StockOut1",
  "description": "出库口01",
  "config": {"pipelinCode":1019,"Code":1019},
  "enable": true
}--响应体：{"isSuccess":true,"value":{"deviceType":2,"deviceName":"StockOut1","description":"出库口01","config":"{\"pipelinCode\":1019,\"Code\":1019}","enable":true,"id":"e274a6fa-034b-4b36-9e2c-65a836e7d338","creationTime":"2025-08-07T10:20:48.6885021+08:00","lastModifierUser":null,"lastModificationTime":null},"message":null}--时间：115
2025-08-07 10:21:03.273 +08:00 [INF] 地址：::1-URL:/decive/add-or-update--请求体：{
  "id": "3fa85f64-5717-4562-b3fc-2c963f66afa6",
  "deviceType": 2,
  "deviceName": "StockOut2",
  "description": "出库口02",
  "config": {"pipelinCode":1019,"Code":1019},
  "enable": true
}--响应体：{"isSuccess":true,"value":{"deviceType":2,"deviceName":"StockOut2","description":"出库口02","config":"{\"pipelinCode\":1019,\"Code\":1019}","enable":true,"id":"56fa3e16-5ecb-48dd-b1ba-563daaf18467","creationTime":"2025-08-07T10:21:03.1867484+08:00","lastModifierUser":null,"lastModificationTime":null},"message":null}--时间：136
2025-08-07 10:21:10.285 +08:00 [INF] 地址：::1-URL:/decive/add-or-update--请求体：{
  "id": "3fa85f64-5717-4562-b3fc-2c963f66afa6",
  "deviceType": 2,
  "deviceName": "StockOut3",
  "description": "出库口03",
  "config": {"pipelinCode":1019,"Code":1019},
  "enable": true
}--响应体：{"isSuccess":true,"value":{"deviceType":2,"deviceName":"StockOut3","description":"出库口03","config":"{\"pipelinCode\":1019,\"Code\":1019}","enable":true,"id":"94325a9f-2f82-426e-8d0b-92660654a824","creationTime":"2025-08-07T10:21:10.2547803+08:00","lastModifierUser":null,"lastModificationTime":null},"message":null}--时间：60
2025-08-07 10:22:25.622 +08:00 [INF] 地址：::1-URL:/decive/add-or-update--请求体：{
  "id": "3fa85f64-5717-4562-b3fc-2c963f66afa6",
  "deviceType": 3,
  "deviceName": "StackerInTranish1",
  "description": "堆垛机接货位1",
  "config": {"row":1,"column":23,"floor":1,"pipelinCode":1019},
  "enable": true
}--响应体：{"isSuccess":true,"value":{"deviceType":3,"deviceName":"StackerInTranish1","description":"堆垛机接货位1","config":"{\"row\":1,\"column\":23,\"floor\":1,\"pipelinCode\":1019}","enable":true,"id":"565bcb27-ac9e-44fe-96a5-876fccb815b2","creationTime":"2025-08-07T10:22:25.6075349+08:00","lastModifierUser":null,"lastModificationTime":null},"message":null}--时间：25
2025-08-07 10:22:34.590 +08:00 [INF] 地址：::1-URL:/decive/add-or-update--请求体：{
  "id": "3fa85f64-5717-4562-b3fc-2c963f66afa6",
  "deviceType": 3,
  "deviceName": "StackerInTranish2",
  "description": "堆垛机接货位2",
  "config": {"row":1,"column":23,"floor":1,"pipelinCode":1019},
  "enable": true
}--响应体：{"isSuccess":true,"value":{"deviceType":3,"deviceName":"StackerInTranish2","description":"堆垛机接货位2","config":"{\"row\":1,\"column\":23,\"floor\":1,\"pipelinCode\":1019}","enable":true,"id":"51457787-a377-4396-8ccb-524481dc0c1a","creationTime":"2025-08-07T10:22:34.5214255+08:00","lastModifierUser":null,"lastModificationTime":null},"message":null}--时间：97
2025-08-07 10:22:52.856 +08:00 [INF] 地址：::1-URL:/decive/add-or-update--请求体：{
  "id": "3fa85f64-5717-4562-b3fc-2c963f66afa6",
  "deviceType": 4,
  "deviceName": "StackerOutTranish2",
  "description": "堆垛机放货位2",
  "config": {"row":1,"column":23,"floor":1,"pipelinCode":1019},
  "enable": true
}--响应体：{"isSuccess":true,"value":{"deviceType":4,"deviceName":"StackerOutTranish2","description":"堆垛机放货位2","config":"{\"row\":1,\"column\":23,\"floor\":1,\"pipelinCode\":1019}","enable":true,"id":"58ab8c10-9b52-418f-9c06-feda5a3c6efd","creationTime":"2025-08-07T10:22:52.8149437+08:00","lastModifierUser":null,"lastModificationTime":null},"message":null}--时间：69
2025-08-07 10:22:58.672 +08:00 [INF] 地址：::1-URL:/decive/add-or-update--请求体：{
  "id": "3fa85f64-5717-4562-b3fc-2c963f66afa6",
  "deviceType": 4,
  "deviceName": "StackerOutTranish1",
  "description": "堆垛机放货位1",
  "config": {"row":1,"column":23,"floor":1,"pipelinCode":1019},
  "enable": true
}--响应体：{"isSuccess":true,"value":{"deviceType":4,"deviceName":"StackerOutTranish1","description":"堆垛机放货位1","config":"{\"row\":1,\"column\":23,\"floor\":1,\"pipelinCode\":1019}","enable":true,"id":"f54facbf-447a-4f18-b173-de264c724832","creationTime":"2025-08-07T10:22:58.6343883+08:00","lastModifierUser":null,"lastModificationTime":null},"message":null}--时间：62
2025-08-07 10:23:43.863 +08:00 [INF] 地址：::1-URL:/decive/add-or-update--请求体：{
  "id": "3fa85f64-5717-4562-b3fc-2c963f66afa6",
  "deviceType": 5,
  "deviceName": "Stacker1",
  "description": "堆垛机",
  "config": {"Code":"001"},
  "enable": true
}--响应体：{"isSuccess":true,"value":{"deviceType":5,"deviceName":"Stacker1","description":"堆垛机","config":"{\"Code\":\"001\"}","enable":true,"id":"cce624e2-2843-4746-9ed8-1f22b9ad15fa","creationTime":"2025-08-07T10:23:43.8335297+08:00","lastModifierUser":null,"lastModificationTime":null},"message":null}--时间：60
2025-08-07 10:23:49.510 +08:00 [INF] 地址：::1-URL:/decive/add-or-update--请求体：{
  "id": "3fa85f64-5717-4562-b3fc-2c963f66afa6",
  "deviceType": 5,
  "deviceName": "Stacker2",
  "description": "堆垛机",
  "config": {"Code":"001"},
  "enable": true
}--响应体：{"isSuccess":true,"value":{"deviceType":5,"deviceName":"Stacker2","description":"堆垛机","config":"{\"Code\":\"001\"}","enable":true,"id":"76cf0c87-2d46-47fa-9cca-7f7b55568e2c","creationTime":"2025-08-07T10:23:49.4698559+08:00","lastModifierUser":null,"lastModificationTime":null},"message":null}--时间：71
2025-08-07 10:27:06.351 +08:00 [INF] 地址：::1-URL:/region/add-region--请求体：{
  "id": "3fa85f64-5717-4562-b3fc-2c963f66afa6",
  "code": "1",
  "description": "1巷道"
}--响应体：{"isSuccess":true,"value":{"code":"1","description":"1巷道","id":"8504f04a-5a7e-4c10-b508-d024ee413d8f","creationTime":"2025-08-07T10:27:06.2405227+08:00","lastModifierUser":null,"lastModificationTime":null},"message":null}--时间：472
2025-08-07 10:27:13.578 +08:00 [INF] 地址：::1-URL:/region/add-region--请求体：{
  "id": "3fa85f64-5717-4562-b3fc-2c963f66afa6",
  "code": "2",
  "description": "2巷道"
}--响应体：{"isSuccess":true,"value":{"code":"2","description":"2巷道","id":"de325b3f-eddf-4701-9ca7-9f2c3aaa8e03","creationTime":"2025-08-07T10:27:13.4849125+08:00","lastModifierUser":null,"lastModificationTime":null},"message":null}--时间：103
2025-08-07 10:32:57.302 +08:00 [INF] 地址：::1-URL:/executenode/add-or-update--请求体：{
  "id": "3fa85f64-5717-4562-b3fc-2c963f66afa6",
  "pahtNodeGroup": "1",
  "currentDeviceType": 1,
  "taskType": 1,
  "currentDeviceName": "StockIn1",
  "regionCode": "1",
  "nextDeviceName": "StackerInTranish1"
}--响应体：--时间：173
2025-08-07 10:34:18.818 +08:00 [INF] 地址：::1-URL:/executenode/add-or-update--请求体：{
  "id": "3fa85f64-5717-4562-b3fc-2c963f66afa6",
  "pahtNodeGroup": "1",
  "currentDeviceType": 1,
  "taskType": 1,
  "currentDeviceName": "StockIn1",
  "regionCode": "1",
  "nextDeviceName": "StackerInTranish1"
}--响应体：{"isSuccess":false,"value":null,"message":"无区域和设备编码"}--时间：36848
2025-08-07 10:35:01.224 +08:00 [INF] 地址：::1-URL:/executenode/add-or-update--请求体：{
  "id": "3fa85f64-5717-4562-b3fc-2c963f66afa6",
  "pahtNodeGroup": "1",
  "currentDeviceType": 1,
  "taskType": 1,
  "currentDeviceName": "StockIn1",
  "regionCode": "1",
  "nextDeviceName": "StackerInTranish1"
}--响应体：{"isSuccess":false,"value":null,"message":"无区域和设备编码"}--时间：3336
2025-08-07 10:40:19.221 +08:00 [INF] 地址：::1-URL:/user/add-adminrole--请求体：--响应体：{"isSuccess":true,"value":{"id":"305faad3-b64d-4e86-87ee-71982a912825","roleName":"admin","description":null},"message":null}--时间：975
2025-08-07 10:40:24.605 +08:00 [INF] 地址：::1-URL:/user/add-adminuser--请求体：--响应体：{"isSuccess":true,"value":{"id":"3b3ef0eb-2900-4251-a925-6418b5c2874d","name":"管理员","description":null,"email":null,"phone":null,"username":"admin","lockoutEnd":"1925-08-07T10:40:24.4925788+08:00","roleName":"admin"},"message":null}--时间：483
2025-08-07 10:40:44.379 +08:00 [INF] 地址：::1-URL:/user/user-login--请求体：{
  "username": "admin",
  "password": "qwe"
}--响应体：{"isSuccess":true,"value":"eyJhbGciOiJodHRwOi8vd3d3LnczLm9yZy8yMDAxLzA0L3htbGRzaWctbW9yZSNobWFjLXNoYTI1NiIsInR5cCI6IkpXVCJ9.eyJodHRwOi8vc2NoZW1hcy5taWNyb3NvZnQuY29tL3dzLzIwMDgvMDYvaWRlbnRpdHkvY2xhaW1zL3JvbGUiOiJhZG1pbiIsImh0dHA6Ly9zY2hlbWFzLnhtbHNvYXAub3JnL3dzLzIwMDUvMDUvaWRlbnRpdHkvY2xhaW1zL25hbWUiOiLnrqHnkIblkZgiLCJleHAiOjE3ODYwNzA0NDQsImlzcyI6Im15SXNzdWVyIiwiYXVkIjoibXlBdWRpZW5jZSJ9.rxonNM1kt3aRMB4GbUZJjUMEhPA9LDtEviZB7jOZnxo","message":null}--时间：777
2025-08-07 10:41:38.221 +08:00 [INF] 地址：::1-URL:/executenode/add-or-update--请求体：{
  "id": "3fa85f64-5717-4562-b3fc-2c963f66afa6",
  "pahtNodeGroup": "1",
  "currentDeviceType": 1,
  "taskType": 1,
  "currentDeviceName": "StockIn1",
  "regionCode": "1",
  "nextDeviceName": "StackerInTranish1"
}--响应体：{"isSuccess":true,"value":{"pahtNodeGroup":"1","currentDeviceType":"StockPortIn","taskType":"StockIn","currentDeviceName":"StockIn1","nextDeviceName":"StackerInTranish1","regionDescription":"1巷道","regionCode":"1","id":"5ee6a5a5-e9bc-4ebb-a759-176db790ef06","creationTime":"2025-08-07T10:41:16.9627467+08:00","lastModifierUser":"管理员","lastModificationTime":"2025-08-07T10:41:38.180066+08:00"},"message":null}--时间：24912
2025-08-07 10:42:24.238 +08:00 [INF] 地址：::1-URL:/executenode/add-or-update--请求体：{
  "id": "3fa85f64-5717-4562-b3fc-2c963f66afa6",
  "pahtNodeGroup": "1",
  "currentDeviceType": 1,
  "taskType": 1,
  "currentDeviceName": "StackerInTranish1",
  "regionCode": "1",
  "nextDeviceName": "Stacker1"
}--响应体：{"type":"https://datatracker.ietf.org/doc/html/rfc7231#section-6.6.1","title":"Server failure","status":500}--时间：4649
2025-08-07 10:45:24.809 +08:00 [INF] 地址：::1-URL:/user/add-user--请求体：{
  "name": "小吴",
  "description": "一个人",
  "email": "110",
  "phone": "120",
  "username": "wuqi",
  "password": "123",
  "roleName": "admin"
}--响应体：--时间：182
2025-08-07 10:45:42.523 +08:00 [INF] 地址：::1-URL:/user/user-login--请求体：{
  "username": "admin",
  "password": "qwe"
}--响应体：{"isSuccess":true,"value":"eyJhbGciOiJodHRwOi8vd3d3LnczLm9yZy8yMDAxLzA0L3htbGRzaWctbW9yZSNobWFjLXNoYTI1NiIsInR5cCI6IkpXVCJ9.eyJodHRwOi8vc2NoZW1hcy5taWNyb3NvZnQuY29tL3dzLzIwMDgvMDYvaWRlbnRpdHkvY2xhaW1zL3JvbGUiOiJhZG1pbiIsImh0dHA6Ly9zY2hlbWFzLnhtbHNvYXAub3JnL3dzLzIwMDUvMDUvaWRlbnRpdHkvY2xhaW1zL25hbWUiOiLnrqHnkIblkZgiLCJleHAiOjE3ODYwNzA3NDIsImlzcyI6Im15SXNzdWVyIiwiYXVkIjoibXlBdWRpZW5jZSJ9.DNBV6ZKrjTe-dXeXhufdoFZYbaRsc4Po51_8UBR1HYI","message":null}--时间：794
2025-08-07 10:45:58.683 +08:00 [INF] 地址：::1-URL:/user/user-login--请求体：{
  "username": "admin",
  "password": "qwe"
}--响应体：{"isSuccess":true,"value":"eyJhbGciOiJodHRwOi8vd3d3LnczLm9yZy8yMDAxLzA0L3htbGRzaWctbW9yZSNobWFjLXNoYTI1NiIsInR5cCI6IkpXVCJ9.eyJodHRwOi8vc2NoZW1hcy5taWNyb3NvZnQuY29tL3dzLzIwMDgvMDYvaWRlbnRpdHkvY2xhaW1zL3JvbGUiOiJhZG1pbiIsImh0dHA6Ly9zY2hlbWFzLnhtbHNvYXAub3JnL3dzLzIwMDUvMDUvaWRlbnRpdHkvY2xhaW1zL25hbWUiOiLnrqHnkIblkZgiLCJleHAiOjE3ODYwNzA3NTgsImlzcyI6Im15SXNzdWVyIiwiYXVkIjoibXlBdWRpZW5jZSJ9.nkzLLrvYdKkVPkFy5l5zRKKDhjf0TjddWoL2hVoH9J4","message":null}--时间：87
2025-08-07 10:46:26.234 +08:00 [INF] 地址：::1-URL:/user/add-user--请求体：{
  "name": "小吴",
  "description": "一个人",
  "email": "110",
  "phone": "120",
  "username": "wuqi1",
  "password": "123",
  "roleName": "admin"
}--响应体：{"type":"https://datatracker.ietf.org/doc/html/rfc7231#section-6.6.1","title":"Server failure","status":500}--时间：2362
2025-08-07 10:50:06.213 +08:00 [INF] 地址：::1-URL:/user/add-adminrole--请求体：--响应体：{"isSuccess":true,"value":{"id":"61f9ba46-fcf8-4937-bf00-60b252367227","roleName":"admin","description":null},"message":null}--时间：1056
2025-08-07 10:50:09.707 +08:00 [INF] 地址：::1-URL:/user/add-adminuser--请求体：--响应体：{"isSuccess":true,"value":{"id":"06770388-1b10-49cd-b99f-14faaaec506e","name":"管理员","description":null,"email":null,"phone":null,"username":"admin","lockoutEnd":"1925-08-07T10:50:09.6070643+08:00","roleName":"admin"},"message":null}--时间：533
2025-08-07 10:50:23.048 +08:00 [INF] 地址：::1-URL:/user/user-login--请求体：{
  "username": "admin",
  "password": "qwe"
}--响应体：{"isSuccess":true,"value":"eyJhbGciOiJodHRwOi8vd3d3LnczLm9yZy8yMDAxLzA0L3htbGRzaWctbW9yZSNobWFjLXNoYTI1NiIsInR5cCI6IkpXVCJ9.eyJodHRwOi8vc2NoZW1hcy5taWNyb3NvZnQuY29tL3dzLzIwMDgvMDYvaWRlbnRpdHkvY2xhaW1zL3JvbGUiOiJhZG1pbiIsImh0dHA6Ly9zY2hlbWFzLnhtbHNvYXAub3JnL3dzLzIwMDUvMDUvaWRlbnRpdHkvY2xhaW1zL25hbWUiOiLnrqHnkIblkZgiLCJleHAiOjE3ODYwNzEwMjIsImlzcyI6Im15SXNzdWVyIiwiYXVkIjoibXlBdWRpZW5jZSJ9.JPRuilW-Vp9bww5_Nu-97I0EDcGKwcEoQvLItFnfTic","message":null}--时间：692
2025-08-07 10:51:12.726 +08:00 [INF] 地址：::1-URL:/user/add-user--请求体：{
  "name": "小吴",
  "description": "牢大",
  "email": "string",
  "phone": "string",
  "username": "wwwwqqqq",
  "password": "123",
  "roleName": "admin"
}--响应体：{"isSuccess":true,"value":{"id":"2735d71c-d974-402d-96ee-72ce7866e890","name":"小吴","description":"牢大","email":"string","phone":"string","username":"wwwwqqqq","lockoutEnd":"1925-08-07T10:51:12.7083914+08:00","roleName":"admin"},"message":null}--时间：120
2025-08-07 12:51:51.931 +08:00 [INF] 地址：::1-URL:/favicon.ico--请求体：--响应体：--时间：1219
2025-08-07 13:20:42.749 +08:00 [INF] 地址：::1-URL:/executenode/add-or-update--请求体：{
  "pahtNodeGroup": "path1",
  "currentDeviceType": 1,
  "taskType": 1,
  "currentDeviceName": "StockIn1",
  "regionCode": "1",
  "nextDeviceName": "StackerInTranish1"
}--响应体：--时间：38
2025-08-07 13:24:06.792 +08:00 [INF] 地址：::1-URL:/executenode/add-or-update--请求体：{
  "pahtNodeGroup": "1",
  "currentDeviceType": 1,
  "taskType": 1,
  "currentDeviceName": "StockIn1",
  "regionCode": "1",
  "nextDeviceName": "StackerInTranish1"
}--响应体：--时间：111
2025-08-07 13:24:27.463 +08:00 [INF] 地址：::1-URL:/executenode/add-or-update--请求体：{
  "pahtNodeGroup": "1",
  "currentDeviceType": 1,
  "taskType": 1,
  "currentDeviceName": "StockIn1",
  "regionCode": "1",
  "nextDeviceName": "StackerInTranish1"
}--响应体：{"isSuccess":true,"value":{"pahtNodeGroup":"1","currentDeviceType":"StockPortIn","taskType":"StockIn","currentDeviceName":"StockIn1","nextDeviceName":"StackerInTranish1","regionDescription":"1巷道","regionCode":"1","id":"dec7f597-f658-43f4-b9fd-12f4970975ce","creationTime":"2025-08-07T13:24:27.066991+08:00","lastModifierUser":null,"lastModificationTime":null},"message":null}--时间：11693
2025-08-07 13:26:32.373 +08:00 [INF] 地址：::1-URL:/executenode/add-or-update--请求体：{
  "pahtNodeGroup": "1",
  "currentDeviceType": 1,
  "taskType": 1,
  "currentDeviceName": "StackerInTranish1",
  "regionCode": "1",
  "nextDeviceName": "Stacker1"
}--响应体：{"isSuccess":true,"value":{"pahtNodeGroup":"1","currentDeviceType":"StackerInTranish","taskType":"StockIn","currentDeviceName":"StackerInTranish1","nextDeviceName":"Stacker1","regionDescription":"1巷道","regionCode":"1","id":"681ef0a4-9de6-493d-98ac-30a51b8478f8","creationTime":"2025-08-07T13:26:32.3539079+08:00","lastModifierUser":null,"lastModificationTime":null},"message":null}--时间：1952
2025-08-07 13:26:59.137 +08:00 [INF] 地址：::1-URL:/executenode/add-or-update--请求体：{
  "pahtNodeGroup": "1",
  "currentDeviceType": 1,
  "taskType": 1,
  "currentDeviceName": "Stacker1",
  "regionCode": "1",
}--响应体：{"type":"https://datatracker.ietf.org/doc/html/rfc7231#section-6.6.1","title":"Server failure","status":500}--时间：352
2025-08-07 13:27:07.111 +08:00 [INF] 地址：::1-URL:/executenode/add-or-update--请求体：{
  "pahtNodeGroup": "1",
  "currentDeviceType": 1,
  "taskType": 1,
  "currentDeviceName": "Stacker1",
  "regionCode": "1"
}--响应体：{"isSuccess":true,"value":{"pahtNodeGroup":"1","currentDeviceType":"Stacker","taskType":"StockIn","currentDeviceName":"Stacker1","nextDeviceName":null,"regionDescription":"1巷道","regionCode":"1","id":"7b701818-a326-40f0-b1bd-2bd8b79caba9","creationTime":"2025-08-07T13:27:07.091518+08:00","lastModifierUser":null,"lastModificationTime":null},"message":null}--时间：1482
2025-08-07 13:28:53.917 +08:00 [INF] 地址：::1-URL:/executenode/add-or-update--请求体：{
  "pahtNodeGroup": "2",
  "currentDeviceType": 1,
  "taskType": 1,
  "currentDeviceName": "StockIn1",
  "regionCode": "2",
  "nextDeviceName": "StackerInTranish2"
}--响应体：{"isSuccess":true,"value":{"pahtNodeGroup":"2","currentDeviceType":"StockPortIn","taskType":"StockIn","currentDeviceName":"StockIn1","nextDeviceName":"StackerInTranish2","regionDescription":"2巷道","regionCode":"2","id":"fad70ee0-0845-423a-a129-f4835c9dfec0","creationTime":"2025-08-07T13:28:53.8815262+08:00","lastModifierUser":null,"lastModificationTime":null},"message":null}--时间：2804
2025-08-07 13:29:28.132 +08:00 [INF] 地址：::1-URL:/executenode/add-or-update--请求体：{
  "pahtNodeGroup": "3",
  "currentDeviceType": 1,
  "taskType": 1,
  "currentDeviceName": "StockIn2",
  "regionCode": "1",
  "nextDeviceName": "StackerInTranish1"
}--响应体：{"isSuccess":true,"value":{"pahtNodeGroup":"3","currentDeviceType":"StockPortIn","taskType":"StockIn","currentDeviceName":"StockIn2","nextDeviceName":"StackerInTranish1","regionDescription":"1巷道","regionCode":"1","id":"04f61000-0f88-43e4-be0f-64eeab65b05f","creationTime":"2025-08-07T13:29:28.1190458+08:00","lastModifierUser":null,"lastModificationTime":null},"message":null}--时间：38
2025-08-07 13:29:39.694 +08:00 [INF] 地址：::1-URL:/executenode/add-or-update--请求体：{
  "pahtNodeGroup": "4",
  "currentDeviceType": 1,
  "taskType": 1,
  "currentDeviceName": "StockIn3",
  "regionCode": "1",
  "nextDeviceName": "StackerInTranish1"
}--响应体：{"isSuccess":true,"value":{"pahtNodeGroup":"4","currentDeviceType":"StockPortIn","taskType":"StockIn","currentDeviceName":"StockIn3","nextDeviceName":"StackerInTranish1","regionDescription":"1巷道","regionCode":"1","id":"e6686dc9-b539-4e17-90d8-e082a4474468","creationTime":"2025-08-07T13:29:39.6261482+08:00","lastModifierUser":null,"lastModificationTime":null},"message":null}--时间：151
2025-08-07 13:30:36.805 +08:00 [INF] 地址：::1-URL:/executenode/add-or-update--请求体：{
  "pahtNodeGroup": "5",
  "currentDeviceType": 1,
  "taskType": 1,
  "currentDeviceName": "StockIn2",
  "regionCode": "2",
  "nextDeviceName": "StackerInTranish2"
}--响应体：{"isSuccess":true,"value":{"pahtNodeGroup":"5","currentDeviceType":"StockPortIn","taskType":"StockIn","currentDeviceName":"StockIn2","nextDeviceName":"StackerInTranish2","regionDescription":"2巷道","regionCode":"2","id":"c64aed17-a798-472b-bd95-fd555d1b9e5f","creationTime":"2025-08-07T13:30:36.7785281+08:00","lastModifierUser":null,"lastModificationTime":null},"message":null}--时间：101
2025-08-07 13:30:46.803 +08:00 [INF] 地址：::1-URL:/executenode/add-or-update--请求体：{
  "pahtNodeGroup": "6",
  "currentDeviceType": 1,
  "taskType": 1,
  "currentDeviceName": "StockIn3",
  "regionCode": "2",
  "nextDeviceName": "StackerInTranish2"
}--响应体：{"isSuccess":true,"value":{"pahtNodeGroup":"6","currentDeviceType":"StockPortIn","taskType":"StockIn","currentDeviceName":"StockIn3","nextDeviceName":"StackerInTranish2","regionDescription":"2巷道","regionCode":"2","id":"f9941679-3e8c-4f45-82b0-e148bd634adc","creationTime":"2025-08-07T13:30:46.7573859+08:00","lastModifierUser":null,"lastModificationTime":null},"message":null}--时间：143
2025-08-07 13:35:13.243 +08:00 [INF] 地址：::1-URL:/executenode/add-or-update--请求体：{
  "pahtNodeGroup": "2",
  "currentDeviceType": 1,
  "taskType": 1,
  "currentDeviceName": "StackerInTranish2",
  "regionCode": "2",
  "nextDeviceName": "Stacker2"
}--响应体：{"isSuccess":true,"value":{"pahtNodeGroup":"2","currentDeviceType":"StackerInTranish","taskType":"StockIn","currentDeviceName":"StackerInTranish2","nextDeviceName":"Stacker2","regionDescription":"2巷道","regionCode":"2","id":"975e2eed-668e-4973-8029-3073d448c77c","creationTime":"2025-08-07T13:35:13.2140911+08:00","lastModifierUser":null,"lastModificationTime":null},"message":null}--时间：95
2025-08-07 13:35:23.996 +08:00 [INF] 地址：::1-URL:/executenode/add-or-update--请求体：{
  "pahtNodeGroup": "2",
  "currentDeviceType": 1,
  "taskType": 1,
  "currentDeviceName": "Stacker2",
  "regionCode": "2",
}--响应体：{"type":"https://datatracker.ietf.org/doc/html/rfc7231#section-6.6.1","title":"Server failure","status":500}--时间：459
2025-08-07 13:35:48.181 +08:00 [INF] 地址：::1-URL:/executenode/add-or-update--请求体：{
  "pahtNodeGroup": "2",
  "currentDeviceType": 1,
  "taskType": 1,
  "currentDeviceName": "Stacker2",
  "regionCode": "2"
}--响应体：{"isSuccess":true,"value":{"pahtNodeGroup":"2","currentDeviceType":"Stacker","taskType":"StockIn","currentDeviceName":"Stacker2","nextDeviceName":null,"regionDescription":"2巷道","regionCode":"2","id":"8493531f-aa5b-4a34-9f2f-e395bcb59509","creationTime":"2025-08-07T13:35:48.1009927+08:00","lastModifierUser":null,"lastModificationTime":null},"message":null}--时间：125
2025-08-07 13:38:06.427 +08:00 [INF] 地址：::1-URL:/executenode/add-or-update--请求体：{
  "pahtNodeGroup": "3",
  "currentDeviceType": 1,
  "taskType": 1,
  "currentDeviceName": "StackerInTranish1",
  "regionCode": "1",
  "nextDeviceName": "Stacker1"
}--响应体：{"isSuccess":true,"value":{"pahtNodeGroup":"3","currentDeviceType":"StackerInTranish","taskType":"StockIn","currentDeviceName":"StackerInTranish1","nextDeviceName":"Stacker1","regionDescription":"1巷道","regionCode":"1","id":"014bbbf5-73fe-42f4-9011-b95e229befe5","creationTime":"2025-08-07T13:38:06.3944952+08:00","lastModifierUser":null,"lastModificationTime":null},"message":null}--时间：147
2025-08-07 13:38:30.000 +08:00 [INF] 地址：::1-URL:/executenode/add-or-update--请求体：{
  "pahtNodeGroup": "3",
  "currentDeviceType": 1,
  "taskType": 1,
  "currentDeviceName": "Stacker1",
  "regionCode": "1"
  "nextDeviceName": 
}--响应体：{"type":"https://datatracker.ietf.org/doc/html/rfc7231#section-6.6.1","title":"Server failure","status":500}--时间：503
2025-08-07 13:38:37.329 +08:00 [INF] 地址：::1-URL:/executenode/add-or-update--请求体：{
  "pahtNodeGroup": "3",
  "currentDeviceType": 1,
  "taskType": 1,
  "currentDeviceName": "Stacker1",
  "regionCode": "1"
  
}--响应体：{"isSuccess":true,"value":{"pahtNodeGroup":"3","currentDeviceType":"Stacker","taskType":"StockIn","currentDeviceName":"Stacker1","nextDeviceName":null,"regionDescription":"1巷道","regionCode":"1","id":"090f9047-cfcb-45bb-9510-ceeec5f5be54","creationTime":"2025-08-07T13:38:37.2984047+08:00","lastModifierUser":null,"lastModificationTime":null},"message":null}--时间：120
2025-08-07 13:39:52.354 +08:00 [INF] 地址：::1-URL:/executenode/add-or-update--请求体：{
  "pahtNodeGroup": "4",
  "currentDeviceType": 1,
  "taskType": 1,
  "currentDeviceName": "StackerInTranish1",
  "regionCode": "1",
  "nextDeviceName": "Stacker1"
}--响应体：{"isSuccess":true,"value":{"pahtNodeGroup":"4","currentDeviceType":"StackerInTranish","taskType":"StockIn","currentDeviceName":"StackerInTranish1","nextDeviceName":"Stacker1","regionDescription":"1巷道","regionCode":"1","id":"3e9dcd1d-8811-4cd9-88f4-44a86b994065","creationTime":"2025-08-07T13:39:52.3325407+08:00","lastModifierUser":null,"lastModificationTime":null},"message":null}--时间：84
2025-08-07 13:40:02.705 +08:00 [INF] 地址：::1-URL:/executenode/add-or-update--请求体：{
  "pahtNodeGroup": "4",
  "currentDeviceType": 1,
  "taskType": 1,
  "currentDeviceName": "Stacker1",
  "regionCode": "1",
  "nextDeviceName": 
}--响应体：{"type":"https://datatracker.ietf.org/doc/html/rfc7231#section-6.6.1","title":"Server failure","status":500}--时间：514
2025-08-07 13:40:15.416 +08:00 [INF] 地址：::1-URL:/executenode/add-or-update--请求体：{
  "pahtNodeGroup": "4",
  "currentDeviceType": 1,
  "taskType": 1,
  "currentDeviceName": "Stacker1",
  "regionCode": "1",
  "nextDeviceName": ""
}--响应体：{"isSuccess":true,"value":{"pahtNodeGroup":"4","currentDeviceType":"Stacker","taskType":"StockIn","currentDeviceName":"Stacker1","nextDeviceName":"","regionDescription":"1巷道","regionCode":"1","id":"ec1c87ba-a701-46ed-b4ad-74ddcd8f4ac7","creationTime":"2025-08-07T13:40:15.3878634+08:00","lastModifierUser":null,"lastModificationTime":null},"message":null}--时间：92
2025-08-07 14:53:23.738 +08:00 [INF] 地址：::1--
--URL:/executenode/add-or-update--
--请求体：{
  "pahtNodeGroup": "5",
  "currentDeviceType": 1,
  "taskType": 1,
  "currentDeviceName": "StackerInTranish2",
  "regionCode": "2",
  "nextDeviceName": "Stacker2"
}--
--响应体：{"isSuccess":true,"value":{"pahtNodeGroup":"5","currentDeviceType":"StackerInTranish","taskType":"StockIn","currentDeviceName":"StackerInTranish2","nextDeviceName":"Stacker2","regionDescription":"2巷道","regionCode":"2","id":"832eaa51-6c3a-4a6b-955b-e3fc1170a9ee","creationTime":"2025-08-07T14:53:23.2265657+08:00","lastModifierUser":null,"lastModificationTime":null},"message":null}--
--时间：1546
2025-08-07 14:53:45.371 +08:00 [INF] 地址：::1--
--URL:/executenode/add-or-update--
--请求体：{
  "pahtNodeGroup": "5",
  "currentDeviceType": 1,
  "taskType": 1,
  "currentDeviceName": "Stacker2",
  "regionCode": "2",
  "nextDeviceName": ""
}--
--响应体：{"isSuccess":true,"value":{"pahtNodeGroup":"5","currentDeviceType":"Stacker","taskType":"StockIn","currentDeviceName":"Stacker2","nextDeviceName":"","regionDescription":"2巷道","regionCode":"2","id":"4f00080f-44c8-4ac8-ac67-1c49a623a575","creationTime":"2025-08-07T14:53:45.31041+08:00","lastModifierUser":null,"lastModificationTime":null},"message":null}--
--时间：143
2025-08-07 15:09:03.988 +08:00 [INF] 地址：::1--
--URL:/executenode/add-or-update--
--请求体：{
  "pahtNodeGroup": "6",
  "currentDeviceType": 1,
  "taskType": 1,
  "currentDeviceName": "StackerInTranish2",
  "regionCode": "2",
  "nextDeviceName": "Stacker2"
}--
--响应体：{"isSuccess":true,"value":{"pahtNodeGroup":"6","currentDeviceType":"StackerInTranish","taskType":"StockIn","currentDeviceName":"StackerInTranish2","nextDeviceName":"Stacker2","regionDescription":"2巷道","regionCode":"2","id":"a6b21227-8883-4b47-804c-219b7937325d","creationTime":"2025-08-07T15:09:03.961487+08:00","lastModifierUser":null,"lastModificationTime":null},"message":null}--
--时间：114
2025-08-07 15:09:20.932 +08:00 [INF] 地址：::1--
--URL:/executenode/add-or-update--
--请求体：{
  "pahtNodeGroup": "6",
  "currentDeviceType": 1,
  "taskType": 1,
  "currentDeviceName": "Stacker2",
  "regionCode": "2",
  "nextDeviceName": ""
}--
--响应体：{"isSuccess":true,"value":{"pahtNodeGroup":"6","currentDeviceType":"Stacker","taskType":"StockIn","currentDeviceName":"Stacker2","nextDeviceName":"","regionDescription":"2巷道","regionCode":"2","id":"345cb14e-d650-4291-8319-28408e8ffadd","creationTime":"2025-08-07T15:09:20.9181303+08:00","lastModifierUser":null,"lastModificationTime":null},"message":null}--
--时间：53
2025-08-07 15:24:11.895 +08:00 [INF] 地址：::1
URL:/user/user-login
请求体：{
  "username": "admin",
  "password": "qwe"
}
响应体：{"isSuccess":true,"value":"eyJhbGciOiJodHRwOi8vd3d3LnczLm9yZy8yMDAxLzA0L3htbGRzaWctbW9yZSNobWFjLXNoYTI1NiIsInR5cCI6IkpXVCJ9.eyJodHRwOi8vc2NoZW1hcy5taWNyb3NvZnQuY29tL3dzLzIwMDgvMDYvaWRlbnRpdHkvY2xhaW1zL3JvbGUiOiJhZG1pbiIsImh0dHA6Ly9zY2hlbWFzLnhtbHNvYXAub3JnL3dzLzIwMDUvMDUvaWRlbnRpdHkvY2xhaW1zL25hbWUiOiLnrqHnkIblkZgiLCJleHAiOjE3ODYwODc0NTEsImlzcyI6Im15SXNzdWVyIiwiYXVkIjoibXlBdWRpZW5jZSJ9.__SjXE6KMo-9zvTHT4XmcGjbWlJpENvLShZhJJwz-I4","message":null}
时间：914
2025-08-07 15:24:35.198 +08:00 [INF] 地址：::1
URL:/wcstask/get-wcstasks
请求体：{
  
}
响应体：{"isSuccess":true,"value":[],"message":null}
时间：692
2025-08-07 15:24:43.322 +08:00 [INF] 地址：::1
URL:/wcstask/get-wcstask/%7BserialNumber%7D
请求体：
响应体：[]
时间：115
