{
    "Timestamp": "2025-09-25T02:50:44.9168709+00:00",
    "Level": "Information",
 "IP": "",
    "URL": "/",
    "Request": "",
    "Response": "",
    "TimeUsed": 183
}
{
    "Timestamp": "2025-09-25T02:51:02.1454873+00:00",
    "Level": "Information",
 "IP": "",
    "URL": "/",
    "Request": "",
    "Response": "",
    "TimeUsed": 1
}
{
    "Timestamp": "2025-09-25T02:53:13.9431121+00:00",
    "Level": "Information",
 "IP": "",
    "URL": "/",
    "Request": "",
    "Response": "",
    "TimeUsed": 83
}
